-- The C compiler identification is GNU 11.4.0
-- The CXX compiler identification is GNU 11.4.0
-- Detecting C compiler ABI info
-- Detecting C compiler ABI info - done
-- Check for working C compiler: /usr/bin/cc - skipped
-- Detecting C compile features
-- Detecting C compile features - done
-- Detecting CXX compiler ABI info
-- Detecting CXX compiler ABI info - done
-- Check for working CXX compiler: /usr/bin/c++ - skipped
-- Detecting CXX compile features
-- Detecting CXX compile features - done
-- Found ament_cmake: 1.3.10 (/opt/ros/humble/share/ament_cmake/cmake)
-- Found Python3: /usr/bin/python3 (found version "3.10.12") found components: Interpreter 
-- Found rclcpp: 16.0.10 (/opt/ros/humble/share/rclcpp/cmake)
-- Found rosidl_generator_c: 3.1.5 (/opt/ros/humble/share/rosidl_generator_c/cmake)
-- Found rosidl_adapter: 3.1.5 (/opt/ros/humble/share/rosidl_adapter/cmake)
-- Found rosidl_generator_cpp: 3.1.5 (/opt/ros/humble/share/rosidl_generator_cpp/cmake)
-- Using all available rosidl_typesupport_c: rosidl_typesupport_fastrtps_c;rosidl_typesupport_introspection_c
-- Using all available rosidl_typesupport_cpp: rosidl_typesupport_fastrtps_cpp;rosidl_typesupport_introspection_cpp
-- Found rmw_implementation_cmake: 6.1.2 (/opt/ros/humble/share/rmw_implementation_cmake/cmake)
-- Found rmw_fastrtps_cpp: 6.2.7 (/opt/ros/humble/share/rmw_fastrtps_cpp/cmake)
-- Found OpenSSL: /usr/lib/x86_64-linux-gnu/libcrypto.so (found version "3.0.2")  
-- Found FastRTPS: /opt/ros/humble/include  
-- Using RMW implementation 'rmw_fastrtps_cpp' as default
-- Looking for pthread.h
-- Looking for pthread.h - found
-- Performing Test CMAKE_HAVE_LIBC_PTHREAD
-- Performing Test CMAKE_HAVE_LIBC_PTHREAD - Success
-- Found Threads: TRUE  
-- Found sensor_msgs: 4.2.4 (/opt/ros/humble/share/sensor_msgs/cmake)
-- Found diagnostic_msgs: 4.2.4 (/opt/ros/humble/share/diagnostic_msgs/cmake)
-- Found ament_lint_auto: 0.12.11 (/opt/ros/humble/share/ament_lint_auto/cmake)
-- Added test 'copyright' to check source files copyright and LICENSE
-- Added test 'cppcheck' to perform static code analysis on C / C++ code
-- Configured cppcheck include dirs: 
-- Configured cppcheck exclude dirs and/or files: 
-- Added test 'cpplint' to check C / C++ code against the Google style
-- Configured cpplint exclude dirs and/or files: 
-- Added test 'lint_cmake' to check CMake code style
-- Added test 'uncrustify' to check C / C++ code style
-- Configured uncrustify additional arguments: 
-- Added test 'xmllint' to check XML markup files
-- Configuring done
-- Generating done
-- Build files have been written to: /home/uwr/Desktop/2024_UWR/build/ros2-driver
[ 33%] [32mBuilding C object CMakeFiles/adnav_driver.dir/src/spatial_packets.c.o[0m
[ 33%] [32mBuilding CXX object CMakeFiles/adnav_driver.dir/src/advanced_navigation_driver.cpp.o[0m
[ 66%] [32mBuilding C object CMakeFiles/adnav_driver.dir/src/rs232/rs232.c.o[0m
[ 66%] [32mBuilding C object CMakeFiles/adnav_driver.dir/src/an_packet_protocol.c.o[0m
[ 83%] [32mBuilding C object CMakeFiles/adnav_driver.dir/src/NTRIP_Client/NTRIP/ntripclient.c.o[0m
[01m[K/home/uwr/Desktop/2024_UWR/src/ros2-driver/src/rs232/rs232.c:[m[K In function â€˜[01m[KPollComport[m[Kâ€™:
[01m[K/home/uwr/Desktop/2024_UWR/src/ros2-driver/src/rs232/rs232.c:143:10:[m[K [01;35m[Kwarning: [m[Kcomparison is always false due to limited range of data type [[01;35m[K]8;;https://gcc.gnu.org/onlinedocs/gcc/Warning-Options.html#index-Wtype-limits-Wtype-limits]8;;[m[K]
  143 |   if(size[01;35m[K>[m[KSSIZE_MAX)  size = (int)SSIZE_MAX;  /* SSIZE_MAX is defined in limits.h */
      |          [01;35m[K^[m[K
[01m[K/home/uwr/Desktop/2024_UWR/src/ros2-driver/src/rs232/rs232.c:[m[K In function â€˜[01m[KIsCTSEnabled[m[Kâ€™:
[01m[K/home/uwr/Desktop/2024_UWR/src/ros2-driver/src/rs232/rs232.c:192:22:[m[K [01;35m[Kwarning: [m[Kunused parameter â€˜[01m[Kcomport_number[m[Kâ€™ [[01;35m[K]8;;https://gcc.gnu.org/onlinedocs/gcc/Warning-Options.html#index-Wunused-parameter-Wunused-parameter]8;;[m[K]
  192 | int IsCTSEnabled([01;35m[Kint comport_number[m[K)
      |                  [01;35m[K~~~~^~~~~~~~~~~~~~[m[K
[01m[K/home/uwr/Desktop/2024_UWR/src/ros2-driver/src/NTRIP_Client/NTRIP/ntripclient.c:[m[K In function â€˜[01m[Kntrip[m[Kâ€™:
[01m[K/home/uwr/Desktop/2024_UWR/src/ros2-driver/src/NTRIP_Client/NTRIP/ntripclient.c:379:17:[m[K [01;35m[Kwarning: [m[Kthis statement may fall through [[01;35m[K]8;;https://gcc.gnu.org/onlinedocs/gcc/Warning-Options.html#index-Wimplicit-fallthrough=-Wimplicit-fallthrough=]8;;[m[K]
  379 |                 [01;35m[K++chunkymode[m[K; /* no break */
      |                 [01;35m[K^~~~~~~~~~~~[m[K
[01m[K/home/uwr/Desktop/2024_UWR/src/ros2-driver/src/NTRIP_Client/NTRIP/ntripclient.c:380:15:[m[K [01;36m[Knote: [m[Khere
  380 |               [01;36m[Kcase[m[K 2: /* during reading number */
      |               [01;36m[K^~~~[m[K
[01m[K/home/uwr/Desktop/2024_UWR/src/ros2-driver/src/NTRIP_Client/NTRIP/ntripclient.c:[m[K In function â€˜[01m[Kgetargs[m[Kâ€™:
[01m[K/home/uwr/Desktop/2024_UWR/src/ros2-driver/src/NTRIP_Client/NTRIP/ntripclient.c:676:7:[m[K [01;35m[Kwarning: [m[Kthis statement may fall through [[01;35m[K]8;;https://gcc.gnu.org/onlinedocs/gcc/Warning-Options.html#index-Wimplicit-fallthrough=-Wimplicit-fallthrough=]8;;[m[K]
  676 |       [01;35m[Kfprintf(stderr, "Option -d or --data is deprecated. Use -m instead.\n")[m[K;
      |       [01;35m[K^~~~~~~~~~~~~~~~~~~~~~~~~~~~~~~~~~~~~~~~~~~~~~~~~~~~~~~~~~~~~~~~~~~~~~~[m[K
[01m[K/home/uwr/Desktop/2024_UWR/src/ros2-driver/src/NTRIP_Client/NTRIP/ntripclient.c:677:5:[m[K [01;36m[Knote: [m[Khere
  677 |     [01;36m[Kcase[m[K 'm':
      |     [01;36m[K^~~~[m[K
[01m[K/home/uwr/Desktop/2024_UWR/src/ros2-driver/src/advanced_navigation_driver.cpp:40:10:[m[K [01;31m[Kfatal error: [m[Ktf2/LinearMath/Quaternion.h: No such file or directory
   40 | #include [01;31m[K<tf2/LinearMath/Quaternion.h>[m[K
      |          [01;31m[K^~~~~~~~~~~~~~~~~~~~~~~~~~~~~[m[K
compilation terminated.
gmake[2]: *** [CMakeFiles/adnav_driver.dir/build.make:76: CMakeFiles/adnav_driver.dir/src/advanced_navigation_driver.cpp.o] Error 1
gmake[1]: *** [CMakeFiles/Makefile2:137: CMakeFiles/adnav_driver.dir/all] Error 2
gmake: *** [Makefile:146: all] Error 2
