[0.009s] Invoking command in '/home/uwr/Desktop/2024_UWR/build/kalman_filter': AMENT_PREFIX_PATH=/home/uwr/Desktop/2024_UWR/install/sonar_msgs:${AMENT_PREFIX_PATH} CMAKE_PREFIX_PATH=/home/uwr/Desktop/2024_UWR/install/sonar_msgs:/opt/ros/humble LD_LIBRARY_PATH=/home/uwr/Desktop/2024_UWR/install/sonar_msgs/lib:${LD_LIBRARY_PATH} PYTHONPATH=/home/uwr/Desktop/2024_UWR/install/sonar_msgs/local/lib/python3.10/dist-packages:${PYTHONPATH} /usr/bin/cmake --build /home/uwr/Desktop/2024_UWR/build/kalman_filter -- -j8 -l8
[0.059s] [35m[1mConsolidate compiler generated dependencies of target kf[0m
[0.087s] [ 20%] [32mBuilding CXX object CMakeFiles/kf.dir/src/kf_v3_node.cpp.o[0m
[4.661s] [01m[K/home/uwr/Desktop/2024_UWR/src/kalman_filter/src/kf_v3_node.cpp:214:48:[m[K [01;31m[Kerror: [m[Kâ€˜[01m[KshartedPtr[m[Kâ€™ in namespace â€˜[01m[Ksonar_msgs::msg[m[Kâ€™ does not name a type
[4.662s]   214 |     void sonar_callback(const sonar_msgs::msg::[01;31m[KshartedPtr[m[K& msg) {
[4.662s]       |                                                [01;31m[K^~~~~~~~~~[m[K
[4.780s] [01m[K/home/uwr/Desktop/2024_UWR/src/kalman_filter/src/kf_v3_node.cpp:[m[K In constructor â€˜[01m[Kkf_node::kf_node()[m[Kâ€™:
[4.780s] [01m[K/home/uwr/Desktop/2024_UWR/src/kalman_filter/src/kf_v3_node.cpp:104:77:[m[K [01;31m[Kerror: [m[Kâ€˜[01m[Kthree_sonar_depth[m[Kâ€™ is not a member of â€˜[01m[Ksensor_msgs::msg[m[Kâ€™
[4.780s]   104 |         auto sonar_subscriber = this->create_subscription<sensor_msgs::msg::[01;31m[Kthree_sonar_depth[m[K>(
[4.780s]       |                                                                             [01;31m[K^~~~~~~~~~~~~~~~~[m[K
[4.782s] [01m[K/home/uwr/Desktop/2024_UWR/src/kalman_filter/src/kf_v3_node.cpp:104:95:[m[K [01;31m[Kerror: [m[Kno matching function for call to â€˜[01m[Kkf_node::create_subscription<<expression error> >(std::string&, int, std::_Bind_helper<false, void (kf_node::*)(const int&), kf_node*, const std::_Placeholder<1>&>::type)[m[Kâ€™
[4.782s]   104 |         auto sonar_subscriber = [01;31m[Kthis->create_subscription<sensor_msgs::msg::three_sonar_depth>([m[K
[4.782s]       |                                 [01;31m[K~~~~~~~~~~~~~~~~~~~~~~~~~~~~~~~~~~~~~~~~~~~~~~~~~~~~~~~~~~~~~~^[m[K
[4.782s]   105 | [01;31m[K        sonar_param, 10, std::bind(&kf_node::sonar_callback, this, std::placeholders::_1))[m[K;
[4.782s]       |         [01;31m[K~~~~~~~~~~~~~~~~~~~~~~~~~~~~~~~~~~~~~~~~~~~~~~~~~~~~~~~~~~~~~~~~~~~~~~~~~~~~~~~~~~[m[K     
[4.782s] In file included from [01m[K/opt/ros/humble/include/rclcpp/rclcpp/node.hpp:1321[m[K,
[4.782s]                  from [01m[K/opt/ros/humble/include/rclcpp/rclcpp/executors/single_threaded_executor.hpp:28[m[K,
[4.782s]                  from [01m[K/opt/ros/humble/include/rclcpp/rclcpp/executors.hpp:22[m[K,
[4.782s]                  from [01m[K/opt/ros/humble/include/rclcpp/rclcpp/rclcpp.hpp:155[m[K,
[4.782s]                  from [01m[K/home/uwr/Desktop/2024_UWR/src/kalman_filter/src/kf_v3_node.cpp:1[m[K:
[4.782s] [01m[K/opt/ros/humble/include/rclcpp/rclcpp/node_impl.hpp:92:1:[m[K [01;36m[Knote: [m[Kcandidate: â€˜[01m[Ktemplate<class MessageT, class CallbackT, class AllocatorT, class SubscriptionT, class MessageMemoryStrategyT> std::shared_ptr<ROSMessageT> rclcpp::Node::create_subscription(const string&, const rclcpp::QoS&, CallbackT&&, const rclcpp::SubscriptionOptionsWithAllocator<AllocatorT>&, typename MessageMemoryStrategyT::SharedPtr)[m[Kâ€™
[4.782s]    92 | [01;36m[KNode[m[K::create_subscription(
[4.782s]       | [01;36m[K^~~~[m[K
[4.782s] [01m[K/opt/ros/humble/include/rclcpp/rclcpp/node_impl.hpp:92:1:[m[K [01;36m[Knote: [m[K  template argument deduction/substitution failed:
[4.782s] [01m[K/home/uwr/Desktop/2024_UWR/src/kalman_filter/src/kf_v3_node.cpp:104:95:[m[K [01;31m[Kerror: [m[Ktemplate argument 1 is invalid
[4.782s]   104 |         auto sonar_subscriber = [01;31m[Kthis->create_subscription<sensor_msgs::msg::three_sonar_depth>([m[K
[4.783s]       |                                 [01;31m[K~~~~~~~~~~~~~~~~~~~~~~~~~~~~~~~~~~~~~~~~~~~~~~~~~~~~~~~~~~~~~~^[m[K
[4.783s]   105 | [01;31m[K        sonar_param, 10, std::bind(&kf_node::sonar_callback, this, std::placeholders::_1))[m[K;
[4.783s]       |         [01;31m[K~~~~~~~~~~~~~~~~~~~~~~~~~~~~~~~~~~~~~~~~~~~~~~~~~~~~~~~~~~~~~~~~~~~~~~~~~~~~~~~~~~[m[K     
[4.797s] [01m[K/home/uwr/Desktop/2024_UWR/src/kalman_filter/src/kf_v3_node.cpp:[m[K In member function â€˜[01m[Kvoid kf_node::imu_callback(sensor_msgs::msg::Imu_<std::allocator<void> >::SharedPtr)[m[Kâ€™:
[4.797s] [01m[K/home/uwr/Desktop/2024_UWR/src/kalman_filter/src/kf_v3_node.cpp:158:80:[m[K [01;31m[Kerror: [m[Kâ€˜[01m[Kclass rclcpp::Duration[m[Kâ€™ has no member named â€˜[01m[KtoSec[m[Kâ€™
[4.797s]   158 |             surge_state_p = surge.prediction((predict_time_now - predict_time).[01;31m[KtoSec[m[K());
[4.797s]       |                                                                                [01;31m[K^~~~~[m[K
[4.797s] [01m[K/home/uwr/Desktop/2024_UWR/src/kalman_filter/src/kf_v3_node.cpp:159:78:[m[K [01;31m[Kerror: [m[Kâ€˜[01m[Kclass rclcpp::Duration[m[Kâ€™ has no member named â€˜[01m[KtoSec[m[Kâ€™
[4.797s]   159 |             sway_state_p = sway.prediction((predict_time_now - predict_time).[01;31m[KtoSec[m[K());
[4.797s]       |                                                                              [01;31m[K^~~~~[m[K
[4.797s] [01m[K/home/uwr/Desktop/2024_UWR/src/kalman_filter/src/kf_v3_node.cpp:160:80:[m[K [01;31m[Kerror: [m[Kâ€˜[01m[Kclass rclcpp::Duration[m[Kâ€™ has no member named â€˜[01m[KtoSec[m[Kâ€™
[4.797s]   160 |             heave_state_p = heave.prediction((predict_time_now - predict_time).[01;31m[KtoSec[m[K());
[4.797s]       |                                                                                [01;31m[K^~~~~[m[K
[4.802s] [01m[K/home/uwr/Desktop/2024_UWR/src/kalman_filter/src/kf_v3_node.cpp:205:22:[m[K [01;31m[Kerror: [m[Kâ€˜[01m[Kusing SharedPtr = class std::shared_ptr<rclcpp::Publisher<geometry_msgs::msg::PoseStamped_<std::allocator<void> > > >[m[Kâ€™ {aka â€˜[01m[Kclass std::shared_ptr<rclcpp::Publisher<geometry_msgs::msg::PoseStamped_<std::allocator<void> > > >[m[Kâ€™} has no member named â€˜[01m[Kpublish[m[Kâ€™
[4.802s]   205 |             pose_pub.[01;31m[Kpublish[m[K(pose_msg);
[4.802s]       |                      [01;31m[K^~~~~~~[m[K
[4.803s] [01m[K/home/uwr/Desktop/2024_UWR/src/kalman_filter/src/kf_v3_node.cpp:[m[K In member function â€˜[01m[Kvoid kf_node::sonar_callback(const int&)[m[Kâ€™:
[4.803s] [01m[K/home/uwr/Desktop/2024_UWR/src/kalman_filter/src/kf_v3_node.cpp:225:27:[m[K [01;31m[Kerror: [m[Kbase operand of â€˜[01m[K->[m[Kâ€™ is not a pointer
[4.803s]   225 |         surge.set_dist(msg[01;31m[K->[m[Kdistance_1 / 1000);
[4.803s]       |                           [01;31m[K^~[m[K
[4.803s] [01m[K/home/uwr/Desktop/2024_UWR/src/kalman_filter/src/kf_v3_node.cpp:226:27:[m[K [01;31m[Kerror: [m[Kbase operand of â€˜[01m[K->[m[Kâ€™ is not a pointer
[4.803s]   226 |         heave.set_dist(msg[01;31m[K->[m[Kdepth);
[4.804s]       |                           [01;31m[K^~[m[K
[4.804s] [01m[K/home/uwr/Desktop/2024_UWR/src/kalman_filter/src/kf_v3_node.cpp:227:26:[m[K [01;31m[Kerror: [m[Kbase operand of â€˜[01m[K->[m[Kâ€™ is not a pointer
[4.804s]   227 |         sway.set_dist(msg[01;31m[K->[m[Kdistance_2 / 1000);
[4.804s]       |                          [01;31m[K^~[m[K
[4.804s] [01m[K/home/uwr/Desktop/2024_UWR/src/kalman_filter/src/kf_v3_node.cpp:264:44:[m[K [01;31m[Kerror: [m[Kbase operand of â€˜[01m[K->[m[Kâ€™ is not a pointer
[4.804s]   264 |             surge_dist = surge.set_dist(msg[01;31m[K->[m[Kdistance_1 / 1000);
[4.804s]       |                                            [01;31m[K^~[m[K
[4.804s] [01m[K/home/uwr/Desktop/2024_UWR/src/kalman_filter/src/kf_v3_node.cpp:265:42:[m[K [01;31m[Kerror: [m[Kbase operand of â€˜[01m[K->[m[Kâ€™ is not a pointer
[4.804s]   265 |             sway_dist = sway.set_dist(msg[01;31m[K->[m[Kdistance_2 / 1000);
[4.804s]       |                                          [01;31m[K^~[m[K
[4.804s] [01m[K/home/uwr/Desktop/2024_UWR/src/kalman_filter/src/kf_v3_node.cpp:266:44:[m[K [01;31m[Kerror: [m[Kbase operand of â€˜[01m[K->[m[Kâ€™ is not a pointer
[4.804s]   266 |             heave_dist = heave.set_dist(msg[01;31m[K->[m[Kdepth);
[4.804s]       |                                            [01;31m[K^~[m[K
[4.815s] In file included from [01m[K/opt/ros/humble/include/rclcpp/rclcpp/logging.hpp:24[m[K,
[4.816s]                  from [01m[K/opt/ros/humble/include/rclcpp/rclcpp/client.hpp:40[m[K,
[4.816s]                  from [01m[K/opt/ros/humble/include/rclcpp/rclcpp/callback_group.hpp:24[m[K,
[4.816s]                  from [01m[K/opt/ros/humble/include/rclcpp/rclcpp/any_executable.hpp:20[m[K,
[4.816s]                  from [01m[K/opt/ros/humble/include/rclcpp/rclcpp/memory_strategy.hpp:25[m[K,
[4.816s]                  from [01m[K/opt/ros/humble/include/rclcpp/rclcpp/memory_strategies.hpp:18[m[K,
[4.816s]                  from [01m[K/opt/ros/humble/include/rclcpp/rclcpp/executor_options.hpp:20[m[K,
[4.816s]                  from [01m[K/opt/ros/humble/include/rclcpp/rclcpp/executor.hpp:37[m[K,
[4.816s]                  from [01m[K/opt/ros/humble/include/rclcpp/rclcpp/executors/multi_threaded_executor.hpp:25[m[K,
[4.816s]                  from [01m[K/opt/ros/humble/include/rclcpp/rclcpp/executors.hpp:21[m[K,
[4.816s]                  from [01m[K/opt/ros/humble/include/rclcpp/rclcpp/rclcpp.hpp:155[m[K,
[4.816s]                  from [01m[K/home/uwr/Desktop/2024_UWR/src/kalman_filter/src/kf_v3_node.cpp:1[m[K:
[4.816s] [01m[K/home/uwr/Desktop/2024_UWR/src/kalman_filter/src/kf_v3_node.cpp:271:58:[m[K [01;31m[Kerror: [m[Kâ€˜[01m[Ksbs_frame_before[m[Kâ€™ was not declared in this scope
[4.816s]   271 |             RCLCPP_INFO(this->get_logger(),"Before: %f", [01;31m[Ksbs_frame_before[m[K.transform.translation.x);
[4.816s]       |                                                          [01;31m[K^~~~~~~~~~~~~~~~[m[K
[4.816s] [01m[K/home/uwr/Desktop/2024_UWR/src/kalman_filter/src/kf_v3_node.cpp:295:65:[m[K [01;31m[Kerror: [m[Kâ€˜[01m[Kclass rclcpp::Duration[m[Kâ€™ has no member named â€˜[01m[KtoSec[m[Kâ€™
[4.816s]   295 |                 surge.set_vel((measure_time_now - measure_time).[01;31m[KtoSec[m[K());
[4.817s]       |                                                                 [01;31m[K^~~~~[m[K
[4.817s] [01m[K/home/uwr/Desktop/2024_UWR/src/kalman_filter/src/kf_v3_node.cpp:306:64:[m[K [01;31m[Kerror: [m[Kâ€˜[01m[Kclass rclcpp::Duration[m[Kâ€™ has no member named â€˜[01m[KtoSec[m[Kâ€™
[4.817s]   306 |                 sway.set_vel((measure_time_now - measure_time).[01;31m[KtoSec[m[K());
[4.817s]       |                                                                [01;31m[K^~~~~[m[K
[4.817s] [01m[K/home/uwr/Desktop/2024_UWR/src/kalman_filter/src/kf_v3_node.cpp:315:65:[m[K [01;31m[Kerror: [m[Kâ€˜[01m[Kclass rclcpp::Duration[m[Kâ€™ has no member named â€˜[01m[KtoSec[m[Kâ€™
[4.817s]   315 |                 heave.set_vel((measure_time_now - measure_time).[01;31m[KtoSec[m[K());
[4.817s]       |                                                                 [01;31m[K^~~~~[m[K
[4.817s] [01m[K/home/uwr/Desktop/2024_UWR/src/kalman_filter/src/kf_v3_node.cpp:321:37:[m[K [01;31m[Kerror: [m[Kbase operand of â€˜[01m[K->[m[Kâ€™ is not a pointer
[4.817s]   321 |             k_vals.header.stamp= msg[01;31m[K->[m[Kheader.stamp;
[4.817s]       |                                     [01;31m[K^~[m[K
[4.818s] [01m[K/home/uwr/Desktop/2024_UWR/src/kalman_filter/src/kf_v3_node.cpp:332:34:[m[K [01;31m[Kerror: [m[Kbase operand of â€˜[01m[K->[m[Kâ€™ is not a pointer
[4.818s]   332 |             c1.header.stamp = msg[01;31m[K->[m[Kheader.stamp;
[4.818s]       |                                  [01;31m[K^~[m[K
[4.818s] In file included from [01m[K/opt/ros/humble/include/rclcpp/rclcpp/logging.hpp:24[m[K,
[4.819s]                  from [01m[K/opt/ros/humble/include/rclcpp/rclcpp/client.hpp:40[m[K,
[4.819s]                  from [01m[K/opt/ros/humble/include/rclcpp/rclcpp/callback_group.hpp:24[m[K,
[4.819s]                  from [01m[K/opt/ros/humble/include/rclcpp/rclcpp/any_executable.hpp:20[m[K,
[4.819s]                  from [01m[K/opt/ros/humble/include/rclcpp/rclcpp/memory_strategy.hpp:25[m[K,
[4.819s]                  from [01m[K/opt/ros/humble/include/rclcpp/rclcpp/memory_strategies.hpp:18[m[K,
[4.819s]                  from [01m[K/opt/ros/humble/include/rclcpp/rclcpp/executor_options.hpp:20[m[K,
[4.819s]                  from [01m[K/opt/ros/humble/include/rclcpp/rclcpp/executor.hpp:37[m[K,
[4.819s]                  from [01m[K/opt/ros/humble/include/rclcpp/rclcpp/executors/multi_threaded_executor.hpp:25[m[K,
[4.819s]                  from [01m[K/opt/ros/humble/include/rclcpp/rclcpp/executors.hpp:21[m[K,
[4.819s]                  from [01m[K/opt/ros/humble/include/rclcpp/rclcpp/rclcpp.hpp:155[m[K,
[4.819s]                  from [01m[K/home/uwr/Desktop/2024_UWR/src/kalman_filter/src/kf_v3_node.cpp:1[m[K:
[4.819s] [01m[K/home/uwr/Desktop/2024_UWR/src/kalman_filter/src/kf_v3_node.cpp:341:63:[m[K [01;31m[Kerror: [m[Kbase operand of â€˜[01m[K->[m[Kâ€™ is not a pointer
[4.819s]   341 |             RCLCPP_INFO(this->get_logger(),"Distance: %f", msg[01;31m[K->[m[Kdistance_1 / 1000);
[4.819s]       |                                                               [01;31m[K^~[m[K
[4.819s] [01m[K/home/uwr/Desktop/2024_UWR/src/kalman_filter/src/kf_v3_node.cpp:342:94:[m[K [01;31m[Kerror: [m[Kâ€˜[01m[Kclass rclcpp::Duration[m[Kâ€™ has no member named â€˜[01m[KtoSec[m[Kâ€™
[4.819s]   342 |             RCLCPP_INFO(this->get_logger(),"Timestamp: %f",(measure_time_now - measure_time).[01;31m[KtoSec[m[K());
[4.819s]       |                                                                                              [01;31m[K^~~~~[m[K
[4.820s] [01m[K/home/uwr/Desktop/2024_UWR/src/kalman_filter/src/kf_v3_node.cpp:343:28:[m[K [01;31m[Kerror: [m[Kâ€˜[01m[KPoseStamped[m[Kâ€™ is not a member of â€˜[01m[Kgeometry_msgs[m[Kâ€™; did you mean â€˜[01m[Kgeometry_msgs::msg::PoseStamped[m[Kâ€™?
[4.820s]   343 |             geometry_msgs::[01;31m[KPoseStamped[m[K pose_msg;
[4.820s]       |                            [01;31m[K^~~~~~~~~~~[m[K
[4.820s] In file included from [01m[K/opt/ros/humble/include/geometry_msgs/geometry_msgs/msg/pose_stamped.hpp:7[m[K,
[4.820s]                  from [01m[K/opt/ros/humble/include/tf2_geometry_msgs/tf2_geometry_msgs/tf2_geometry_msgs.hpp:47[m[K,
[4.820s]                  from [01m[K/home/uwr/Desktop/2024_UWR/src/kalman_filter/src/kf_v3_node.cpp:19[m[K:
[4.820s] [01m[K/opt/ros/humble/include/geometry_msgs/geometry_msgs/msg/detail/pose_stamped__struct.hpp:135:7:[m[K [01;36m[Knote: [m[Kâ€˜[01m[Kgeometry_msgs::msg::PoseStamped[m[Kâ€™ declared here
[4.821s]   135 | using [01;36m[KPoseStamped[m[K =
[4.821s]       |       [01;36m[K^~~~~~~~~~~[m[K
[4.827s] [01m[K/home/uwr/Desktop/2024_UWR/src/kalman_filter/src/kf_v3_node.cpp:344:13:[m[K [01;31m[Kerror: [m[Kâ€˜[01m[Kpose_msg[m[Kâ€™ was not declared in this scope
[4.827s]   344 |             [01;31m[Kpose_msg[m[K.header.stamp = msg->header.stamp;
[4.827s]       |             [01;31m[K^~~~~~~~[m[K
[4.827s] [01m[K/home/uwr/Desktop/2024_UWR/src/kalman_filter/src/kf_v3_node.cpp:344:40:[m[K [01;31m[Kerror: [m[Kbase operand of â€˜[01m[K->[m[Kâ€™ is not a pointer
[4.827s]   344 |             pose_msg.header.stamp = msg[01;31m[K->[m[Kheader.stamp;
[4.827s]       |                                        [01;31m[K^~[m[K
[4.829s] [01m[K/home/uwr/Desktop/2024_UWR/src/kalman_filter/src/kf_v3_node.cpp:351:28:[m[K [01;31m[Kerror: [m[Kâ€˜[01m[KVector3Stamped[m[Kâ€™ is not a member of â€˜[01m[Kgeometry_msgs[m[Kâ€™; did you mean â€˜[01m[Kgeometry_msgs::msg::Vector3Stamped[m[Kâ€™?
[4.829s]   351 |             geometry_msgs::[01;31m[KVector3Stamped[m[K vector3_msg, vel_msg;
[4.829s]       |                            [01;31m[K^~~~~~~~~~~~~~[m[K
[4.829s] In file included from [01m[K/opt/ros/humble/include/geometry_msgs/geometry_msgs/msg/vector3_stamped.hpp:7[m[K,
[4.829s]                  from [01m[K/opt/ros/humble/include/tf2_geometry_msgs/tf2_geometry_msgs/tf2_geometry_msgs.hpp:43[m[K,
[4.829s]                  from [01m[K/home/uwr/Desktop/2024_UWR/src/kalman_filter/src/kf_v3_node.cpp:19[m[K:
[4.829s] [01m[K/opt/ros/humble/include/geometry_msgs/geometry_msgs/msg/detail/vector3_stamped__struct.hpp:135:7:[m[K [01;36m[Knote: [m[Kâ€˜[01m[Kgeometry_msgs::msg::Vector3Stamped[m[Kâ€™ declared here
[4.829s]   135 | using [01;36m[KVector3Stamped[m[K =
[4.829s]       |       [01;36m[K^~~~~~~~~~~~~~[m[K
[4.836s] [01m[K/home/uwr/Desktop/2024_UWR/src/kalman_filter/src/kf_v3_node.cpp:352:13:[m[K [01;31m[Kerror: [m[Kâ€˜[01m[Kvector3_msg[m[Kâ€™ was not declared in this scope
[4.836s]   352 |             [01;31m[Kvector3_msg[m[K.header.stamp = msg->header.stamp;
[4.836s]       |             [01;31m[K^~~~~~~~~~~[m[K
[4.836s] [01m[K/home/uwr/Desktop/2024_UWR/src/kalman_filter/src/kf_v3_node.cpp:352:43:[m[K [01;31m[Kerror: [m[Kbase operand of â€˜[01m[K->[m[Kâ€™ is not a pointer
[4.836s]   352 |             vector3_msg.header.stamp = msg[01;31m[K->[m[Kheader.stamp;
[4.836s]       |                                           [01;31m[K^~[m[K
[4.841s] [01m[K/home/uwr/Desktop/2024_UWR/src/kalman_filter/src/kf_v3_node.cpp:364:13:[m[K [01;31m[Kerror: [m[Kâ€˜[01m[Kvel_msg[m[Kâ€™ was not declared in this scope
[4.841s]   364 |             [01;31m[Kvel_msg[m[K.header.stamp = msg->header.stamp;
[4.841s]       |             [01;31m[K^~~~~~~[m[K
[4.841s] [01m[K/home/uwr/Desktop/2024_UWR/src/kalman_filter/src/kf_v3_node.cpp:364:39:[m[K [01;31m[Kerror: [m[Kbase operand of â€˜[01m[K->[m[Kâ€™ is not a pointer
[4.841s]   364 |             vel_msg.header.stamp = msg[01;31m[K->[m[Kheader.stamp;
[4.842s]       |                                       [01;31m[K^~[m[K
[4.842s] [01m[K/home/uwr/Desktop/2024_UWR/src/kalman_filter/src/kf_v3_node.cpp:369:27:[m[K [01;31m[Kerror: [m[Kno matching function for call to â€˜[01m[Krosbag2_cpp::Writer::write(const char [10], rclcpp::Time&, const int&)[m[Kâ€™
[4.842s]   369 |             [01;31m[Kwriter_->write("SONAR_raw", measure_time_now, msg)[m[K;
[4.842s]       |             [01;31m[K~~~~~~~~~~~~~~^~~~~~~~~~~~~~~~~~~~~~~~~~~~~~~~~~~~[m[K
[4.842s] In file included from [01m[K/home/uwr/Desktop/2024_UWR/src/kalman_filter/src/kf_v3_node.cpp:47[m[K:
[4.842s] [01m[K/opt/ros/humble/include/rosbag2_cpp/rosbag2_cpp/writer.hpp:191:8:[m[K [01;36m[Knote: [m[Kcandidate: â€˜[01m[Ktemplate<class MessageT> void rosbag2_cpp::Writer::write(const MessageT&, const string&, const rclcpp::Time&)[m[Kâ€™
[4.843s]   191 |   void [01;36m[Kwrite[m[K(
[4.843s]       |        [01;36m[K^~~~~[m[K
[4.843s] [01m[K/opt/ros/humble/include/rosbag2_cpp/rosbag2_cpp/writer.hpp:191:8:[m[K [01;36m[Knote: [m[K  template argument deduction/substitution failed:
[4.843s] [01m[K/home/uwr/Desktop/2024_UWR/src/kalman_filter/src/kf_v3_node.cpp:369:41:[m[K [01;36m[Knote: [m[K  cannot convert â€˜[01m[K((kf_node*)this)->kf_node::measure_time_now[m[Kâ€™ (type â€˜[01m[Krclcpp::Time[m[Kâ€™) to type â€˜[01m[Kconst string&[m[Kâ€™ {aka â€˜[01m[Kconst std::__cxx11::basic_string<char>&[m[Kâ€™}
[4.843s]   369 |             writer_->write("SONAR_raw", [01;36m[Kmeasure_time_now[m[K, msg);
[4.843s]       |                                         [01;36m[K^~~~~~~~~~~~~~~~[m[K
[4.843s] In file included from [01m[K/home/uwr/Desktop/2024_UWR/src/kalman_filter/src/kf_v3_node.cpp:47[m[K:
[4.843s] [01m[K/opt/ros/humble/include/rosbag2_cpp/rosbag2_cpp/writer.hpp:122:8:[m[K [01;36m[Knote: [m[Kcandidate: â€˜[01m[Kvoid rosbag2_cpp::Writer::write(std::shared_ptr<rosbag2_storage::SerializedBagMessage>)[m[Kâ€™
[4.843s]   122 |   void [01;36m[Kwrite[m[K(std::shared_ptr<rosbag2_storage::SerializedBagMessage> message);
[4.843s]       |        [01;36m[K^~~~~[m[K
[4.844s] [01m[K/opt/ros/humble/include/rosbag2_cpp/rosbag2_cpp/writer.hpp:122:8:[m[K [01;36m[Knote: [m[K  candidate expects 1 argument, 3 provided
[4.844s] [01m[K/opt/ros/humble/include/rosbag2_cpp/rosbag2_cpp/writer.hpp:134:8:[m[K [01;36m[Knote: [m[Kcandidate: â€˜[01m[Kvoid rosbag2_cpp::Writer::write(std::shared_ptr<rosbag2_storage::SerializedBagMessage>, const string&, const string&, const string&)[m[Kâ€™
[4.844s]   134 |   void [01;36m[Kwrite[m[K(
[4.844s]       |        [01;36m[K^~~~~[m[K
[4.844s] [01m[K/opt/ros/humble/include/rosbag2_cpp/rosbag2_cpp/writer.hpp:135:60:[m[K [01;36m[Knote: [m[K  no known conversion for argument 1 from â€˜[01m[Kconst char [10][m[Kâ€™ to â€˜[01m[Kstd::shared_ptr<rosbag2_storage::SerializedBagMessage>[m[Kâ€™
[4.844s]   135 |     [01;36m[Kstd::shared_ptr<rosbag2_storage::SerializedBagMessage> message[m[K,
[4.844s]       |     [01;36m[K~~~~~~~~~~~~~~~~~~~~~~~~~~~~~~~~~~~~~~~~~~~~~~~~~~~~~~~^~~~~~~[m[K
[4.844s] [01m[K/opt/ros/humble/include/rosbag2_cpp/rosbag2_cpp/writer.hpp:156:8:[m[K [01;36m[Knote: [m[Kcandidate: â€˜[01m[Kvoid rosbag2_cpp::Writer::write(const rclcpp::SerializedMessage&, const string&, const string&, const rclcpp::Time&)[m[Kâ€™
[4.844s]   156 |   void [01;36m[Kwrite[m[K(
[4.844s]       |        [01;36m[K^~~~~[m[K
[4.844s] [01m[K/opt/ros/humble/include/rosbag2_cpp/rosbag2_cpp/writer.hpp:156:8:[m[K [01;36m[Knote: [m[K  candidate expects 4 arguments, 3 provided
[4.844s] [01m[K/opt/ros/humble/include/rosbag2_cpp/rosbag2_cpp/writer.hpp:174:8:[m[K [01;36m[Knote: [m[Kcandidate: â€˜[01m[Kvoid rosbag2_cpp::Writer::write(std::shared_ptr<rclcpp::SerializedMessage>, const string&, const string&, const rclcpp::Time&)[m[Kâ€™
[4.844s]   174 |   void [01;36m[Kwrite[m[K(
[4.844s]       |        [01;36m[K^~~~~[m[K
[4.844s] [01m[K/opt/ros/humble/include/rosbag2_cpp/rosbag2_cpp/writer.hpp:174:8:[m[K [01;36m[Knote: [m[K  candidate expects 4 arguments, 3 provided
[4.844s] [01m[K/home/uwr/Desktop/2024_UWR/src/kalman_filter/src/kf_v3_node.cpp:376:27:[m[K [01;31m[Kerror: [m[Kno matching function for call to â€˜[01m[Krosbag2_cpp::Writer::write(const char [17], rclcpp::Time&, sonar_msgs::msg::ConfScal&)[m[Kâ€™
[4.845s]   376 |             [01;31m[Kwriter_->write("Confidence_SONAR",measure_time_now,c1)[m[K;
[4.845s]       |             [01;31m[K~~~~~~~~~~~~~~^~~~~~~~~~~~~~~~~~~~~~~~~~~~~~~~~~~~~~~~[m[K
[4.845s] In file included from [01m[K/home/uwr/Desktop/2024_UWR/src/kalman_filter/src/kf_v3_node.cpp:47[m[K:
[4.845s] [01m[K/opt/ros/humble/include/rosbag2_cpp/rosbag2_cpp/writer.hpp:191:8:[m[K [01;36m[Knote: [m[Kcandidate: â€˜[01m[Ktemplate<class MessageT> void rosbag2_cpp::Writer::write(const MessageT&, const string&, const rclcpp::Time&)[m[Kâ€™
[4.845s]   191 |   void [01;36m[Kwrite[m[K(
[4.845s]       |        [01;36m[K^~~~~[m[K
[4.845s] [01m[K/opt/ros/humble/include/rosbag2_cpp/rosbag2_cpp/writer.hpp:191:8:[m[K [01;36m[Knote: [m[K  template argument deduction/substitution failed:
[4.845s] [01m[K/home/uwr/Desktop/2024_UWR/src/kalman_filter/src/kf_v3_node.cpp:376:47:[m[K [01;36m[Knote: [m[K  cannot convert â€˜[01m[K((kf_node*)this)->kf_node::measure_time_now[m[Kâ€™ (type â€˜[01m[Krclcpp::Time[m[Kâ€™) to type â€˜[01m[Kconst string&[m[Kâ€™ {aka â€˜[01m[Kconst std::__cxx11::basic_string<char>&[m[Kâ€™}
[4.845s]   376 |             writer_->write("Confidence_SONAR",[01;36m[Kmeasure_time_now[m[K,c1);
[4.845s]       |                                               [01;36m[K^~~~~~~~~~~~~~~~[m[K
[4.845s] In file included from [01m[K/home/uwr/Desktop/2024_UWR/src/kalman_filter/src/kf_v3_node.cpp:47[m[K:
[4.845s] [01m[K/opt/ros/humble/include/rosbag2_cpp/rosbag2_cpp/writer.hpp:122:8:[m[K [01;36m[Knote: [m[Kcandidate: â€˜[01m[Kvoid rosbag2_cpp::Writer::write(std::shared_ptr<rosbag2_storage::SerializedBagMessage>)[m[Kâ€™
[4.845s]   122 |   void [01;36m[Kwrite[m[K(std::shared_ptr<rosbag2_storage::SerializedBagMessage> message);
[4.845s]       |        [01;36m[K^~~~~[m[K
[4.845s] [01m[K/opt/ros/humble/include/rosbag2_cpp/rosbag2_cpp/writer.hpp:122:8:[m[K [01;36m[Knote: [m[K  candidate expects 1 argument, 3 provided
[4.845s] [01m[K/opt/ros/humble/include/rosbag2_cpp/rosbag2_cpp/writer.hpp:134:8:[m[K [01;36m[Knote: [m[Kcandidate: â€˜[01m[Kvoid rosbag2_cpp::Writer::write(std::shared_ptr<rosbag2_storage::SerializedBagMessage>, const string&, const string&, const string&)[m[Kâ€™
[4.845s]   134 |   void [01;36m[Kwrite[m[K(
[4.845s]       |        [01;36m[K^~~~~[m[K
[4.845s] [01m[K/opt/ros/humble/include/rosbag2_cpp/rosbag2_cpp/writer.hpp:135:60:[m[K [01;36m[Knote: [m[K  no known conversion for argument 1 from â€˜[01m[Kconst char [17][m[Kâ€™ to â€˜[01m[Kstd::shared_ptr<rosbag2_storage::SerializedBagMessage>[m[Kâ€™
[4.845s]   135 |     [01;36m[Kstd::shared_ptr<rosbag2_storage::SerializedBagMessage> message[m[K,
[4.845s]       |     [01;36m[K~~~~~~~~~~~~~~~~~~~~~~~~~~~~~~~~~~~~~~~~~~~~~~~~~~~~~~~^~~~~~~[m[K
[4.845s] [01m[K/opt/ros/humble/include/rosbag2_cpp/rosbag2_cpp/writer.hpp:156:8:[m[K [01;36m[Knote: [m[Kcandidate: â€˜[01m[Kvoid rosbag2_cpp::Writer::write(const rclcpp::SerializedMessage&, const string&, const string&, const rclcpp::Time&)[m[Kâ€™
[4.845s]   156 |   void [01;36m[Kwrite[m[K(
[4.846s]       |        [01;36m[K^~~~~[m[K
[4.846s] [01m[K/opt/ros/humble/include/rosbag2_cpp/rosbag2_cpp/writer.hpp:156:8:[m[K [01;36m[Knote: [m[K  candidate expects 4 arguments, 3 provided
[4.846s] [01m[K/opt/ros/humble/include/rosbag2_cpp/rosbag2_cpp/writer.hpp:174:8:[m[K [01;36m[Knote: [m[Kcandidate: â€˜[01m[Kvoid rosbag2_cpp::Writer::write(std::shared_ptr<rclcpp::SerializedMessage>, const string&, const string&, const rclcpp::Time&)[m[Kâ€™
[4.846s]   174 |   void [01;36m[Kwrite[m[K(
[4.846s]       |        [01;36m[K^~~~~[m[K
[4.846s] [01m[K/opt/ros/humble/include/rosbag2_cpp/rosbag2_cpp/writer.hpp:174:8:[m[K [01;36m[Knote: [m[K  candidate expects 4 arguments, 3 provided
[4.846s] [01m[K/home/uwr/Desktop/2024_UWR/src/kalman_filter/src/kf_v3_node.cpp:377:27:[m[K [01;31m[Kerror: [m[Kno matching function for call to â€˜[01m[Krosbag2_cpp::Writer::write(const char [9], rclcpp::Time&, sonar_msgs::msg::KfValues&)[m[Kâ€™
[4.846s]   377 |             [01;31m[Kwriter_->write("K_values",measure_time_now,k_vals)[m[K;
[4.846s]       |             [01;31m[K~~~~~~~~~~~~~~^~~~~~~~~~~~~~~~~~~~~~~~~~~~~~~~~~~~[m[K
[4.846s] In file included from [01m[K/home/uwr/Desktop/2024_UWR/src/kalman_filter/src/kf_v3_node.cpp:47[m[K:
[4.846s] [01m[K/opt/ros/humble/include/rosbag2_cpp/rosbag2_cpp/writer.hpp:191:8:[m[K [01;36m[Knote: [m[Kcandidate: â€˜[01m[Ktemplate<class MessageT> void rosbag2_cpp::Writer::write(const MessageT&, const string&, const rclcpp::Time&)[m[Kâ€™
[4.846s]   191 |   void [01;36m[Kwrite[m[K(
[4.846s]       |        [01;36m[K^~~~~[m[K
[4.846s] [01m[K/opt/ros/humble/include/rosbag2_cpp/rosbag2_cpp/writer.hpp:191:8:[m[K [01;36m[Knote: [m[K  template argument deduction/substitution failed:
[4.846s] [01m[K/home/uwr/Desktop/2024_UWR/src/kalman_filter/src/kf_v3_node.cpp:377:39:[m[K [01;36m[Knote: [m[K  cannot convert â€˜[01m[K((kf_node*)this)->kf_node::measure_time_now[m[Kâ€™ (type â€˜[01m[Krclcpp::Time[m[Kâ€™) to type â€˜[01m[Kconst string&[m[Kâ€™ {aka â€˜[01m[Kconst std::__cxx11::basic_string<char>&[m[Kâ€™}
[4.846s]   377 |             writer_->write("K_values",[01;36m[Kmeasure_time_now[m[K,k_vals);
[4.846s]       |                                       [01;36m[K^~~~~~~~~~~~~~~~[m[K
[4.846s] In file included from [01m[K/home/uwr/Desktop/2024_UWR/src/kalman_filter/src/kf_v3_node.cpp:47[m[K:
[4.846s] [01m[K/opt/ros/humble/include/rosbag2_cpp/rosbag2_cpp/writer.hpp:122:8:[m[K [01;36m[Knote: [m[Kcandidate: â€˜[01m[Kvoid rosbag2_cpp::Writer::write(std::shared_ptr<rosbag2_storage::SerializedBagMessage>)[m[Kâ€™
[4.846s]   122 |   void [01;36m[Kwrite[m[K(std::shared_ptr<rosbag2_storage::SerializedBagMessage> message);
[4.847s]       |        [01;36m[K^~~~~[m[K
[4.847s] [01m[K/opt/ros/humble/include/rosbag2_cpp/rosbag2_cpp/writer.hpp:122:8:[m[K [01;36m[Knote: [m[K  candidate expects 1 argument, 3 provided
[4.847s] [01m[K/opt/ros/humble/include/rosbag2_cpp/rosbag2_cpp/writer.hpp:134:8:[m[K [01;36m[Knote: [m[Kcandidate: â€˜[01m[Kvoid rosbag2_cpp::Writer::write(std::shared_ptr<rosbag2_storage::SerializedBagMessage>, const string&, const string&, const string&)[m[Kâ€™
[4.847s]   134 |   void [01;36m[Kwrite[m[K(
[4.847s]       |        [01;36m[K^~~~~[m[K
[4.847s] [01m[K/opt/ros/humble/include/rosbag2_cpp/rosbag2_cpp/writer.hpp:135:60:[m[K [01;36m[Knote: [m[K  no known conversion for argument 1 from â€˜[01m[Kconst char [9][m[Kâ€™ to â€˜[01m[Kstd::shared_ptr<rosbag2_storage::SerializedBagMessage>[m[Kâ€™
[4.847s]   135 |     [01;36m[Kstd::shared_ptr<rosbag2_storage::SerializedBagMessage> message[m[K,
[4.847s]       |     [01;36m[K~~~~~~~~~~~~~~~~~~~~~~~~~~~~~~~~~~~~~~~~~~~~~~~~~~~~~~~^~~~~~~[m[K
[4.847s] [01m[K/opt/ros/humble/include/rosbag2_cpp/rosbag2_cpp/writer.hpp:156:8:[m[K [01;36m[Knote: [m[Kcandidate: â€˜[01m[Kvoid rosbag2_cpp::Writer::write(const rclcpp::SerializedMessage&, const string&, const string&, const rclcpp::Time&)[m[Kâ€™
[4.847s]   156 |   void [01;36m[Kwrite[m[K(
[4.847s]       |        [01;36m[K^~~~~[m[K
[4.847s] [01m[K/opt/ros/humble/include/rosbag2_cpp/rosbag2_cpp/writer.hpp:156:8:[m[K [01;36m[Knote: [m[K  candidate expects 4 arguments, 3 provided
[4.847s] [01m[K/opt/ros/humble/include/rosbag2_cpp/rosbag2_cpp/writer.hpp:174:8:[m[K [01;36m[Knote: [m[Kcandidate: â€˜[01m[Kvoid rosbag2_cpp::Writer::write(std::shared_ptr<rclcpp::SerializedMessage>, const string&, const string&, const rclcpp::Time&)[m[Kâ€™
[4.847s]   174 |   void [01;36m[Kwrite[m[K(
[4.847s]       |        [01;36m[K^~~~~[m[K
[4.847s] [01m[K/opt/ros/humble/include/rosbag2_cpp/rosbag2_cpp/writer.hpp:174:8:[m[K [01;36m[Knote: [m[K  candidate expects 4 arguments, 3 provided
[4.847s] [01m[K/home/uwr/Desktop/2024_UWR/src/kalman_filter/src/kf_v3_node.cpp:378:22:[m[K [01;31m[Kerror: [m[Kâ€˜[01m[Kusing SharedPtr = class std::shared_ptr<rclcpp::Publisher<geometry_msgs::msg::PoseStamped_<std::allocator<void> > > >[m[Kâ€™ {aka â€˜[01m[Kclass std::shared_ptr<rclcpp::Publisher<geometry_msgs::msg::PoseStamped_<std::allocator<void> > > >[m[Kâ€™} has no member named â€˜[01m[Kpublish[m[Kâ€™
[4.847s]   378 |             pose_pub.[01;31m[Kpublish[m[K(pose_msg);
[4.847s]       |                      [01;31m[K^~~~~~~[m[K
[4.847s] [01m[K/home/uwr/Desktop/2024_UWR/src/kalman_filter/src/kf_v3_node.cpp:383:24:[m[K [01;31m[Kerror: [m[Kâ€˜[01m[Kusing SharedPtr = class std::shared_ptr<rclcpp::Publisher<sonar_msgs::msg::KfValues_<std::allocator<void> > > >[m[Kâ€™ {aka â€˜[01m[Kclass std::shared_ptr<rclcpp::Publisher<sonar_msgs::msg::KfValues_<std::allocator<void> > > >[m[Kâ€™} has no member named â€˜[01m[Kpublish[m[Kâ€™
[4.847s]   383 |             k_vals_pub.[01;31m[Kpublish[m[K(k_vals);
[4.848s]       |                        [01;31m[K^~~~~~~[m[K
[7.479s] gmake[2]: *** [CMakeFiles/kf.dir/build.make:76: CMakeFiles/kf.dir/src/kf_v3_node.cpp.o] Error 1
[7.479s] gmake[1]: *** [CMakeFiles/Makefile2:137: CMakeFiles/kf.dir/all] Error 2
[7.479s] gmake: *** [Makefile:146: all] Error 2
[7.481s] Invoked command in '/home/uwr/Desktop/2024_UWR/build/kalman_filter' returned '2': AMENT_PREFIX_PATH=/home/uwr/Desktop/2024_UWR/install/sonar_msgs:${AMENT_PREFIX_PATH} CMAKE_PREFIX_PATH=/home/uwr/Desktop/2024_UWR/install/sonar_msgs:/opt/ros/humble LD_LIBRARY_PATH=/home/uwr/Desktop/2024_UWR/install/sonar_msgs/lib:${LD_LIBRARY_PATH} PYTHONPATH=/home/uwr/Desktop/2024_UWR/install/sonar_msgs/local/lib/python3.10/dist-packages:${PYTHONPATH} /usr/bin/cmake --build /home/uwr/Desktop/2024_UWR/build/kalman_filter -- -j8 -l8
