[35m[1mConsolidate compiler generated dependencies of target adnav_driver[0m
[ 16%] [32m[1mLinking CXX executable adnav_driver[0m
/usr/bin/ld: CMakeFiles/adnav_driver.dir/src/NTRIP_Client/NTRIP/ntripclient.c.o:(.bss+0x0): multiple definition of `error'; CMakeFiles/adnav_driver.dir/src/rs232/rs232.c.o:(.bss+0x4): first defined here
collect2: error: ld returned 1 exit status
gmake[2]: *** [CMakeFiles/adnav_driver.dir/build.make:277: adnav_driver] Error 1
gmake[1]: *** [CMakeFiles/Makefile2:137: CMakeFiles/adnav_driver.dir/all] Error 2
gmake: *** [Makefile:146: all] Error 2
