[0.008s] Invoking command in '/home/uwr/Desktop/2024_UWR/build/ros2-driver': CMAKE_PREFIX_PATH=${CMAKE_PREFIX_PATH}:/home/uwr/Desktop/2024_UWR/install/sonar_subs:/opt/ros/humble /usr/bin/cmake --build /home/uwr/Desktop/2024_UWR/build/ros2-driver -- -j8 -l8
[0.040s] [35m[1mConsolidate compiler generated dependencies of target adnav_driver[0m
[0.053s] [ 16%] [32m[1mLinking CXX executable adnav_driver[0m
[0.081s] /usr/bin/ld: CMakeFiles/adnav_driver.dir/src/NTRIP_Client/NTRIP/ntripclient.c.o:(.bss+0x0): multiple definition of `error'; CMakeFiles/adnav_driver.dir/src/rs232/rs232.c.o:(.bss+0x4): first defined here
[0.314s] collect2: error: ld returned 1 exit status
[0.315s] gmake[2]: *** [CMakeFiles/adnav_driver.dir/build.make:277: adnav_driver] Error 1
[0.315s] gmake[1]: *** [CMakeFiles/Makefile2:137: CMakeFiles/adnav_driver.dir/all] Error 2
[0.315s] gmake: *** [Makefile:146: all] Error 2
[0.317s] Invoked command in '/home/uwr/Desktop/2024_UWR/build/ros2-driver' returned '2': CMAKE_PREFIX_PATH=${CMAKE_PREFIX_PATH}:/home/uwr/Desktop/2024_UWR/install/sonar_subs:/opt/ros/humble /usr/bin/cmake --build /home/uwr/Desktop/2024_UWR/build/ros2-driver -- -j8 -l8
