[0.010s] Invoking command in '/home/saab/Desktop/2024_UWR/build/kalman_filter': CMAKE_PREFIX_PATH=/home/saab/Desktop/2024_UWR/install/sonar_msgs:/home/saab/Desktop/2024_UWR/install/xsens_mti_ros2_driver:/home/saab/Desktop/2024_UWR/install/kalman_filter:/home/saab/Desktop/2024_UWR/install/ntrip:/home/saab/Desktop/2024_UWR/install/adnav-driver:/home/saab/Desktop/2024_UWR/install/sonar_subs:/opt/ros/humble LD_LIBRARY_PATH=/home/saab/Desktop/2024_UWR/install/sonar_msgs/lib:/usr/lib/x86_64-linux-gnu:/home/saab/Desktop/2024_UWR/install/xsens_mti_ros2_driver/lib:/opt/ros/humble/opt/rviz_ogre_vendor/lib:/opt/ros/humble/lib/x86_64-linux-gnu:/opt/ros/humble/lib /usr/bin/cmake --build /home/saab/Desktop/2024_UWR/build/kalman_filter -- -j24 -l24
[0.039s] [35m[1mConsolidate compiler generated dependencies of target imu_topic[0m
[0.045s] [ 10%] Built target gd_conf
[0.054s] [ 15%] [32mBuilding CXX object CMakeFiles/kf_v4.dir/src/kf_v4_node.cpp.o[0m
[0.055s] [ 21%] [32mBuilding CXX object CMakeFiles/kf_v4.dir/src/kf_v4.cpp.o[0m
[0.055s] [ 31%] Built target imu_topic
[0.056s] [ 36%] [32mBuilding CXX object CMakeFiles/kf_3dof.dir/src/kf_3dof_node.cpp.o[0m
[0.056s] [ 42%] [32mBuilding CXX object CMakeFiles/kf_3dof.dir/src/kf_3dof.cpp.o[0m
[0.058s] [ 47%] [32mBuilding CXX object CMakeFiles/kf.dir/src/kf_v3_node.cpp.o[0m
[0.058s] [ 52%] [32mBuilding CXX object CMakeFiles/kf.dir/src/kf.cpp.o[0m
[2.107s] [01m[K/home/saab/Desktop/2024_UWR/src/kalman_filter/src/kf_v4.cpp:[m[K In member function â€˜[01m[Kdouble kf_v4::set_jerk(double)[m[Kâ€™:
[2.107s] [01m[K/home/saab/Desktop/2024_UWR/src/kalman_filter/src/kf_v4.cpp:120:31:[m[K [01;35m[Kwarning: [m[Kunused parameter â€˜[01m[Kdt[m[Kâ€™ [[01;35m[K]8;;https://gcc.gnu.org/onlinedocs/gcc/Warning-Options.html#index-Wunused-parameter-Wunused-parameter]8;;[m[K]
[2.107s]   120 | double kf_v4::set_jerk([01;35m[Kdouble dt[m[K)
[2.107s]       |                        [01;35m[K~~~~~~~^~[m[K
[3.934s] [01m[K/home/saab/Desktop/2024_UWR/src/kalman_filter/src/kf_v3_node.cpp:[m[K In member function â€˜[01m[Kvoid kf_node::sonar_callback2(const ThreeSonarDepth&)[m[Kâ€™:
[3.934s] [01m[K/home/saab/Desktop/2024_UWR/src/kalman_filter/src/kf_v3_node.cpp:143:65:[m[K [01;35m[Kwarning: [m[Kunused parameter â€˜[01m[Kmsg[m[Kâ€™ [[01;35m[K]8;;https://gcc.gnu.org/onlinedocs/gcc/Warning-Options.html#index-Wunused-parameter-Wunused-parameter]8;;[m[K]
[3.934s]   143 |    void sonar_callback2([01;35m[Kconst sonar_msgs::msg::ThreeSonarDepth& msg[m[K)
[3.934s]       |                         [01;35m[K~~~~~~~~~~~~~~~~~~~~~~~~~~~~~~~~~~~~~~~~^~~[m[K
[3.953s] [01m[K/home/saab/Desktop/2024_UWR/src/kalman_filter/src/kf_3dof_node.cpp:[m[K In member function â€˜[01m[Kvoid kf_node::sonar_callback2(const ThreeSonarDepth&)[m[Kâ€™:
[3.953s] [01m[K/home/saab/Desktop/2024_UWR/src/kalman_filter/src/kf_3dof_node.cpp:139:8:[m[K [01;31m[Kerror: [m[Kâ€˜[01m[Kbias_override[m[Kâ€™ was not declared in this scope; did you mean â€˜[01m[Koverride[m[Kâ€™?
[3.953s]   139 |     if([01;31m[Kbias_override[m[K)
[3.954s]       |        [01;31m[K^~~~~~~~~~~~~[m[K
[3.954s]       |        [32m[Koverride[m[K
[3.954s] [01m[K/home/saab/Desktop/2024_UWR/src/kalman_filter/src/kf_3dof_node.cpp:136:65:[m[K [01;35m[Kwarning: [m[Kunused parameter â€˜[01m[Kmsg[m[Kâ€™ [[01;35m[K]8;;https://gcc.gnu.org/onlinedocs/gcc/Warning-Options.html#index-Wunused-parameter-Wunused-parameter]8;;[m[K]
[3.954s]   136 |    void sonar_callback2([01;35m[Kconst sonar_msgs::msg::ThreeSonarDepth& msg[m[K)
[3.954s]       |                         [01;35m[K~~~~~~~~~~~~~~~~~~~~~~~~~~~~~~~~~~~~~~~~^~~[m[K
[3.985s] [01m[K/home/saab/Desktop/2024_UWR/src/kalman_filter/src/kf_v4_node.cpp:[m[K In member function â€˜[01m[Kvoid kf_node::sonar_callback2(const ThreeSonarDepth&)[m[Kâ€™:
[3.985s] [01m[K/home/saab/Desktop/2024_UWR/src/kalman_filter/src/kf_v4_node.cpp:137:65:[m[K [01;35m[Kwarning: [m[Kunused parameter â€˜[01m[Kmsg[m[Kâ€™ [[01;35m[K]8;;https://gcc.gnu.org/onlinedocs/gcc/Warning-Options.html#index-Wunused-parameter-Wunused-parameter]8;;[m[K]
[3.985s]   137 |    void sonar_callback2([01;35m[Kconst sonar_msgs::msg::ThreeSonarDepth& msg[m[K)
[3.985s]       |                         [01;35m[K~~~~~~~~~~~~~~~~~~~~~~~~~~~~~~~~~~~~~~~~^~~[m[K
[6.702s] gmake[2]: *** [CMakeFiles/kf_3dof.dir/build.make:76: CMakeFiles/kf_3dof.dir/src/kf_3dof_node.cpp.o] Error 1
[6.703s] gmake[1]: *** [CMakeFiles/Makefile2:197: CMakeFiles/kf_3dof.dir/all] Error 2
[6.703s] gmake[1]: *** Waiting for unfinished jobs....
[10.133s] [ 57%] [32m[1mLinking CXX executable kf[0m
[10.320s] [ 63%] [32m[1mLinking CXX executable kf_v4[0m
[10.586s] [ 73%] Built target kf
[10.794s] [ 84%] Built target kf_v4
[10.795s] gmake: *** [Makefile:146: all] Error 2
[10.798s] Invoked command in '/home/saab/Desktop/2024_UWR/build/kalman_filter' returned '2': CMAKE_PREFIX_PATH=/home/saab/Desktop/2024_UWR/install/sonar_msgs:/home/saab/Desktop/2024_UWR/install/xsens_mti_ros2_driver:/home/saab/Desktop/2024_UWR/install/kalman_filter:/home/saab/Desktop/2024_UWR/install/ntrip:/home/saab/Desktop/2024_UWR/install/adnav-driver:/home/saab/Desktop/2024_UWR/install/sonar_subs:/opt/ros/humble LD_LIBRARY_PATH=/home/saab/Desktop/2024_UWR/install/sonar_msgs/lib:/usr/lib/x86_64-linux-gnu:/home/saab/Desktop/2024_UWR/install/xsens_mti_ros2_driver/lib:/opt/ros/humble/opt/rviz_ogre_vendor/lib:/opt/ros/humble/lib/x86_64-linux-gnu:/opt/ros/humble/lib /usr/bin/cmake --build /home/saab/Desktop/2024_UWR/build/kalman_filter -- -j24 -l24
