[0.019s] Invoking command in '/home/uwr/Desktop/2024_UWR/build/kalman_filter': CMAKE_PREFIX_PATH=/opt/ros/humble /usr/bin/cmake --build /home/uwr/Desktop/2024_UWR/build/kalman_filter -- -j8 -l8
[0.075s] [35m[1mConsolidate compiler generated dependencies of target kf[0m
[0.124s] [ 25%] [32mBuilding CXX object CMakeFiles/kf.dir/src/kf_v3_bag_processing.cpp.o[0m
[2.668s] In file included from [01m[K/home/uwr/Desktop/2024_UWR/src/kalman_filter/src/kf_v3_bag_processing.cpp:2[m[K:
[2.669s] [01m[K/home/uwr/Desktop/2024_UWR/src/kalman_filter/src/../include/bag_processing.h:9:53:[m[K [01;31m[Kerror: [m[Kâ€˜[01m[Kros[m[Kâ€™ has not been declared
[2.669s]     9 | std::string bag_create_file(std::string path_param, [01;31m[Kros[m[K::Time current_time);
[2.669s]       |                                                     [01;31m[K^~~[m[K
[2.669s] [01m[K/home/uwr/Desktop/2024_UWR/src/kalman_filter/src/../include/bag_processing.h:9:63:[m[K [01;31m[Kerror: [m[Kexpected â€˜[01m[K,[m[Kâ€™ or â€˜[01m[K...[m[Kâ€™ before â€˜[01m[Kcurrent_time[m[Kâ€™
[2.669s]     9 | std::string bag_create_file(std::string path_param, ros::Time [01;31m[Kcurrent_time[m[K);
[2.669s]       |                                                               [01;31m[K^~~~~~~~~~~~[m[K
[2.669s] [01m[K/home/uwr/Desktop/2024_UWR/src/kalman_filter/src/kf_v3_bag_processing.cpp:5:53:[m[K [01;31m[Kerror: [m[Kâ€˜[01m[Kros[m[Kâ€™ has not been declared
[2.669s]     5 | std::string bag_create_file(std::string path_param, [01;31m[Kros[m[K::Time current_time)
[2.669s]       |                                                     [01;31m[K^~~[m[K
[2.669s] [01m[K/home/uwr/Desktop/2024_UWR/src/kalman_filter/src/kf_v3_bag_processing.cpp:5:63:[m[K [01;31m[Kerror: [m[Kexpected â€˜[01m[K,[m[Kâ€™ or â€˜[01m[K...[m[Kâ€™ before â€˜[01m[Kcurrent_time[m[Kâ€™
[2.669s]     5 | std::string bag_create_file(std::string path_param, ros::Time [01;31m[Kcurrent_time[m[K)
[2.669s]       |                                                               [01;31m[K^~~~~~~~~~~~[m[K
[2.673s] [01m[K/home/uwr/Desktop/2024_UWR/src/kalman_filter/src/kf_v3_bag_processing.cpp:[m[K In function â€˜[01m[Kstd::string bag_create_file(std::string, int)[m[Kâ€™:
[2.673s] [01m[K/home/uwr/Desktop/2024_UWR/src/kalman_filter/src/kf_v3_bag_processing.cpp:8:16:[m[K [01;31m[Kerror: [m[Kâ€˜[01m[Kcurrent_time[m[Kâ€™ was not declared in this scope
[2.673s]     8 |     int year = [01;31m[Kcurrent_time[m[K.toBoost().date().year();
[2.673s]       |                [01;31m[K^~~~~~~~~~~~[m[K
[2.675s] [01m[K/home/uwr/Desktop/2024_UWR/src/kalman_filter/src/kf_v3_bag_processing.cpp:5:58:[m[K [01;35m[Kwarning: [m[Kunused parameter â€˜[01m[KTime[m[Kâ€™ [[01;35m[K]8;;https://gcc.gnu.org/onlinedocs/gcc/Warning-Options.html#index-Wunused-parameter-Wunused-parameter]8;;[m[K]
[2.675s]     5 | std::string bag_create_file(std::string path_param, [01;35m[Kros::Time[m[K current_time)
[2.675s]       |                                                     [01;35m[K~~~~~^~~~[m[K
[3.072s] gmake[2]: *** [CMakeFiles/kf.dir/build.make:90: CMakeFiles/kf.dir/src/kf_v3_bag_processing.cpp.o] Error 1
[3.072s] gmake[1]: *** [CMakeFiles/Makefile2:137: CMakeFiles/kf.dir/all] Error 2
[3.073s] gmake: *** [Makefile:146: all] Error 2
[3.075s] Invoked command in '/home/uwr/Desktop/2024_UWR/build/kalman_filter' returned '2': CMAKE_PREFIX_PATH=/opt/ros/humble /usr/bin/cmake --build /home/uwr/Desktop/2024_UWR/build/kalman_filter -- -j8 -l8
