[  2%] Built target xsens_mti_ros2_driver__cpp
[ 10%] Built target xsens_mti_ros2_driver__rosidl_generator_c
[ 10%] Built target ament_cmake_python_symlink_xsens_mti_ros2_driver
[ 26%] Built target xsens_mti_ros2_driver__rosidl_typesupport_introspection_c
[ 26%] Built target xsens_mti_ros2_driver__rosidl_typesupport_cpp
[ 36%] Built target xsens_mti_ros2_driver__rosidl_typesupport_fastrtps_c
[ 42%] Built target xsens_mti_ros2_driver__rosidl_typesupport_fastrtps_cpp
[ 55%] Built target xsens_mti_ros2_driver__rosidl_typesupport_introspection_cpp
[ 57%] Built target xsens_mti_ros2_driver__rosidl_typesupport_c
[ 57%] Built target xsens_mti_ros2_driver
[ 60%] Built target xsens_mti_ros2_driver__py
[ 78%] Built target xsens_mti_node
[ 84%] Built target xsens_mti_ros2_driver__rosidl_generator_py
Traceback (most recent call last):
  File "/home/saab/Desktop/2024_UWR/build/xsens_mti_ros2_driver/ament_cmake_python/xsens_mti_ros2_driver/setup.py", line 1, in <module>
    from setuptools import find_packages
  File "/usr/lib/python3/dist-packages/setuptools/__init__.py", line 8, in <module>
    import _distutils_hack.override  # noqa: F401
ModuleNotFoundError: No module named '_distutils_hack'
gmake[2]: *** [CMakeFiles/ament_cmake_python_build_xsens_mti_ros2_driver_egg.dir/build.make:70: CMakeFiles/ament_cmake_python_build_xsens_mti_ros2_driver_egg] Error 1
gmake[1]: *** [CMakeFiles/Makefile2:449: CMakeFiles/ament_cmake_python_build_xsens_mti_ros2_driver_egg.dir/all] Error 2
gmake[1]: *** Waiting for unfinished jobs....
[ 89%] Built target xsens_mti_ros2_driver__rosidl_typesupport_c__pyext
[100%] Built target xsens_mti_ros2_driver__rosidl_typesupport_fastrtps_c__pyext
[100%] Built target xsens_mti_ros2_driver__rosidl_typesupport_introspection_c__pyext
gmake: *** [Makefile:146: all] Error 2
