[35m[1mConsolidate compiler generated dependencies of target xsens_mti_ros2_driver__rosidl_generator_c[0m
[  2%] Built target xsens_mti_ros2_driver__cpp
[ 10%] Built target xsens_mti_ros2_driver__rosidl_generator_c
[ 10%] Built target ament_cmake_python_copy_xsens_mti_ros2_driver
[35m[1mConsolidate compiler generated dependencies of target xsens_mti_ros2_driver__rosidl_typesupport_cpp[0m
[35m[1mConsolidate compiler generated dependencies of target xsens_mti_ros2_driver__rosidl_typesupport_fastrtps_cpp[0m
[35m[1mConsolidate compiler generated dependencies of target xsens_mti_ros2_driver__rosidl_typesupport_c[0m
[35m[1mConsolidate compiler generated dependencies of target xsens_mti_ros2_driver__rosidl_typesupport_introspection_cpp[0m
[35m[1mConsolidate compiler generated dependencies of target xsens_mti_ros2_driver__rosidl_typesupport_introspection_c[0m
[35m[1mConsolidate compiler generated dependencies of target xsens_mti_ros2_driver__rosidl_typesupport_fastrtps_c[0m
[ 18%] Built target xsens_mti_ros2_driver__rosidl_typesupport_c
[ 26%] Built target xsens_mti_ros2_driver__rosidl_typesupport_cpp
[ 42%] Built target xsens_mti_ros2_driver__rosidl_typesupport_introspection_c
[ 50%] Built target xsens_mti_ros2_driver__rosidl_typesupport_introspection_cpp
[ 39%] Built target xsens_mti_ros2_driver__rosidl_typesupport_fastrtps_cpp
[ 57%] Built target xsens_mti_ros2_driver__rosidl_typesupport_fastrtps_c
[ 57%] Built target xsens_mti_ros2_driver
[35m[1mConsolidate compiler generated dependencies of target xsens_mti_node[0m
[ 63%] [32mBuilding CXX object CMakeFiles/xsens_mti_node.dir/src/xdainterface.cpp.o[0m
[ 63%] [32mBuilding CXX object CMakeFiles/xsens_mti_node.dir/src/main.cpp.o[0m
[ 65%] Built target xsens_mti_ros2_driver__py
[ 68%] [32mBuilding CXX object CMakeFiles/xsens_mti_node.dir/src/xdacallback.cpp.o[0m
[ 71%] [32mBuilding CXX object CMakeFiles/xsens_mti_node.dir/src/xsens_time_handler.cpp.o[0m
[ 73%] [32mBuilding CXX object CMakeFiles/xsens_mti_node.dir/src/ntrip_util.cpp.o[0m
[ 76%] [32mBuilding C object CMakeFiles/xsens_mti_ros2_driver__rosidl_generator_py.dir/rosidl_generator_py/xsens_mti_ros2_driver/msg/_xs_status_word_s.c.o[0m
In file included from [01m[K/home/uwr/Desktop/2024_UWR/src/xsens_mti_ros2_driver/src/ntrip_util.cpp:53[m[K:
[01m[K/home/uwr/Desktop/2024_UWR/src/xsens_mti_ros2_driver/include/ntrip_util.h:57:10:[m[K [01;31m[Kfatal error: [m[Kxstypes/xsdatapacket.h: No such file or directory
   57 | #include [01;31m[K<xstypes/xsdatapacket.h>[m[K
      |          [01;31m[K^~~~~~~~~~~~~~~~~~~~~~~~[m[K
compilation terminated.
gmake[2]: *** [CMakeFiles/xsens_mti_node.dir/build.make:132: CMakeFiles/xsens_mti_node.dir/src/ntrip_util.cpp.o] Error 1
gmake[2]: *** Waiting for unfinished jobs....
[ 78%] [32m[1mLinking C shared library rosidl_generator_py/xsens_mti_ros2_driver/libxsens_mti_ros2_driver__rosidl_generator_py.so[0m
[ 78%] Built target xsens_mti_ros2_driver__rosidl_generator_py
running egg_info
writing xsens_mti_ros2_driver.egg-info/PKG-INFO
writing dependency_links to xsens_mti_ros2_driver.egg-info/dependency_links.txt
writing top-level names to xsens_mti_ros2_driver.egg-info/top_level.txt
reading manifest file 'xsens_mti_ros2_driver.egg-info/SOURCES.txt'
writing manifest file 'xsens_mti_ros2_driver.egg-info/SOURCES.txt'
[ 81%] [32mBuilding C object CMakeFiles/xsens_mti_ros2_driver__rosidl_typesupport_introspection_c__pyext.dir/rosidl_generator_py/xsens_mti_ros2_driver/_xsens_mti_ros2_driver_s.ep.rosidl_typesupport_introspection_c.c.o[0m
[ 84%] [32mBuilding C object CMakeFiles/xsens_mti_ros2_driver__rosidl_typesupport_c__pyext.dir/rosidl_generator_py/xsens_mti_ros2_driver/_xsens_mti_ros2_driver_s.ep.rosidl_typesupport_c.c.o[0m
[ 86%] [32mBuilding C object CMakeFiles/xsens_mti_ros2_driver__rosidl_typesupport_fastrtps_c__pyext.dir/rosidl_generator_py/xsens_mti_ros2_driver/_xsens_mti_ros2_driver_s.ep.rosidl_typesupport_fastrtps_c.c.o[0m
[ 86%] Built target ament_cmake_python_build_xsens_mti_ros2_driver_egg
In file included from [01m[K/home/uwr/Desktop/2024_UWR/src/xsens_mti_ros2_driver/src/xsens_time_handler.cpp:32[m[K:
[01m[K/home/uwr/Desktop/2024_UWR/src/xsens_mti_ros2_driver/include/xsens_time_handler.h:36:10:[m[K [01;31m[Kfatal error: [m[Kxstypes/xsdatapacket.h: No such file or directory
   36 | #include [01;31m[K<xstypes/xsdatapacket.h>[m[K
      |          [01;31m[K^~~~~~~~~~~~~~~~~~~~~~~~[m[K
compilation terminated.
In file included from [01m[K/home/uwr/Desktop/2024_UWR/src/xsens_mti_ros2_driver/src/xdacallback.cpp:33[m[K:
[01m[K/home/uwr/Desktop/2024_UWR/src/xsens_mti_ros2_driver/include/xdacallback.h:37:10:[m[K [01;31m[Kfatal error: [m[Kxscontroller/xscallback.h: No such file or directory
   37 | #include [01;31m[K<xscontroller/xscallback.h>[m[K
      |          [01;31m[K^~~~~~~~~~~~~~~~~~~~~~~~~~~[m[K
compilation terminated.
In file included from [01m[K/home/uwr/Desktop/2024_UWR/src/xsens_mti_ros2_driver/include/xdainterface.h:38[m[K,
                 from [01m[K/home/uwr/Desktop/2024_UWR/src/xsens_mti_ros2_driver/src/main.cpp:35[m[K:
[01m[K/home/uwr/Desktop/2024_UWR/src/xsens_mti_ros2_driver/include/xdacallback.h:37:10:[m[K [01;31m[Kfatal error: [m[Kxscontroller/xscallback.h: No such file or directory
   37 | #include [01;31m[K<xscontroller/xscallback.h>[m[K
      |          [01;31m[K^~~~~~~~~~~~~~~~~~~~~~~~~~~[m[K
compilation terminated.
In file included from [01m[K/home/uwr/Desktop/2024_UWR/src/xsens_mti_ros2_driver/include/xdainterface.h:38[m[K,
                 from [01m[K/home/uwr/Desktop/2024_UWR/src/xsens_mti_ros2_driver/src/xdainterface.cpp:32[m[K:
[01m[K/home/uwr/Desktop/2024_UWR/src/xsens_mti_ros2_driver/include/xdacallback.h:37:10:[m[K [01;31m[Kfatal error: [m[Kxscontroller/xscallback.h: No such file or directory
   37 | #include [01;31m[K<xscontroller/xscallback.h>[m[K
      |          [01;31m[K^~~~~~~~~~~~~~~~~~~~~~~~~~~[m[K
compilation terminated.
gmake[2]: *** [CMakeFiles/xsens_mti_node.dir/build.make:104: CMakeFiles/xsens_mti_node.dir/src/xdacallback.cpp.o] Error 1
gmake[2]: *** [CMakeFiles/xsens_mti_node.dir/build.make:146: CMakeFiles/xsens_mti_node.dir/src/xsens_time_handler.cpp.o] Error 1
gmake[2]: *** [CMakeFiles/xsens_mti_node.dir/build.make:76: CMakeFiles/xsens_mti_node.dir/src/main.cpp.o] Error 1
gmake[2]: *** [CMakeFiles/xsens_mti_node.dir/build.make:90: CMakeFiles/xsens_mti_node.dir/src/xdainterface.cpp.o] Error 1
gmake[1]: *** [CMakeFiles/Makefile2:594: CMakeFiles/xsens_mti_node.dir/all] Error 2
gmake[1]: *** Waiting for unfinished jobs....
[ 89%] [32m[1mLinking C shared library rosidl_generator_py/xsens_mti_ros2_driver/xsens_mti_ros2_driver_s__rosidl_typesupport_introspection_c.cpython-310-x86_64-linux-gnu.so[0m
[ 92%] [32m[1mLinking C shared library rosidl_generator_py/xsens_mti_ros2_driver/xsens_mti_ros2_driver_s__rosidl_typesupport_c.cpython-310-x86_64-linux-gnu.so[0m
[ 94%] [32m[1mLinking C shared library rosidl_generator_py/xsens_mti_ros2_driver/xsens_mti_ros2_driver_s__rosidl_typesupport_fastrtps_c.cpython-310-x86_64-linux-gnu.so[0m
[ 94%] Built target xsens_mti_ros2_driver__rosidl_typesupport_c__pyext
[ 94%] Built target xsens_mti_ros2_driver__rosidl_typesupport_fastrtps_c__pyext
[ 94%] Built target xsens_mti_ros2_driver__rosidl_typesupport_introspection_c__pyext
gmake: *** [Makefile:146: all] Error 2
