[0.012s] Invoking command in '/home/uwr/Desktop/2024_UWR/build/xsens_mti_ros2_driver': CMAKE_PREFIX_PATH=/opt/ros/humble /usr/bin/cmake --build /home/uwr/Desktop/2024_UWR/build/xsens_mti_ros2_driver -- -j8 -l8
[0.063s] [35m[1mConsolidate compiler generated dependencies of target xsens_mti_ros2_driver__rosidl_generator_c[0m
[0.071s] [  2%] Built target xsens_mti_ros2_driver__cpp
[0.076s] [ 10%] Built target xsens_mti_ros2_driver__rosidl_generator_c
[0.085s] [ 10%] Built target ament_cmake_python_copy_xsens_mti_ros2_driver
[0.090s] [35m[1mConsolidate compiler generated dependencies of target xsens_mti_ros2_driver__rosidl_typesupport_cpp[0m
[0.099s] [35m[1mConsolidate compiler generated dependencies of target xsens_mti_ros2_driver__rosidl_typesupport_fastrtps_cpp[0m
[0.105s] [35m[1mConsolidate compiler generated dependencies of target xsens_mti_ros2_driver__rosidl_typesupport_c[0m
[0.105s] [35m[1mConsolidate compiler generated dependencies of target xsens_mti_ros2_driver__rosidl_typesupport_introspection_cpp[0m
[0.105s] [35m[1mConsolidate compiler generated dependencies of target xsens_mti_ros2_driver__rosidl_typesupport_introspection_c[0m
[0.107s] [35m[1mConsolidate compiler generated dependencies of target xsens_mti_ros2_driver__rosidl_typesupport_fastrtps_c[0m
[0.121s] [ 18%] Built target xsens_mti_ros2_driver__rosidl_typesupport_c
[0.128s] [ 26%] Built target xsens_mti_ros2_driver__rosidl_typesupport_cpp
[0.131s] [ 42%] Built target xsens_mti_ros2_driver__rosidl_typesupport_introspection_c
[0.135s] [ 50%] Built target xsens_mti_ros2_driver__rosidl_typesupport_introspection_cpp
[0.135s] [ 39%] Built target xsens_mti_ros2_driver__rosidl_typesupport_fastrtps_cpp
[0.137s] [ 57%] Built target xsens_mti_ros2_driver__rosidl_typesupport_fastrtps_c
[0.154s] [ 57%] Built target xsens_mti_ros2_driver
[0.165s] [35m[1mConsolidate compiler generated dependencies of target xsens_mti_node[0m
[0.179s] [ 63%] [32mBuilding CXX object CMakeFiles/xsens_mti_node.dir/src/xdainterface.cpp.o[0m
[0.179s] [ 63%] [32mBuilding CXX object CMakeFiles/xsens_mti_node.dir/src/main.cpp.o[0m
[0.179s] [ 65%] Built target xsens_mti_ros2_driver__py
[0.179s] [ 68%] [32mBuilding CXX object CMakeFiles/xsens_mti_node.dir/src/xdacallback.cpp.o[0m
[0.183s] [ 71%] [32mBuilding CXX object CMakeFiles/xsens_mti_node.dir/src/xsens_time_handler.cpp.o[0m
[0.186s] [ 73%] [32mBuilding CXX object CMakeFiles/xsens_mti_node.dir/src/ntrip_util.cpp.o[0m
[0.213s] [ 76%] [32mBuilding C object CMakeFiles/xsens_mti_ros2_driver__rosidl_generator_py.dir/rosidl_generator_py/xsens_mti_ros2_driver/msg/_xs_status_word_s.c.o[0m
[0.353s] In file included from [01m[K/home/uwr/Desktop/2024_UWR/src/xsens_mti_ros2_driver/src/ntrip_util.cpp:53[m[K:
[0.353s] [01m[K/home/uwr/Desktop/2024_UWR/src/xsens_mti_ros2_driver/include/ntrip_util.h:57:10:[m[K [01;31m[Kfatal error: [m[Kxstypes/xsdatapacket.h: No such file or directory
[0.353s]    57 | #include [01;31m[K<xstypes/xsdatapacket.h>[m[K
[0.353s]       |          [01;31m[K^~~~~~~~~~~~~~~~~~~~~~~~[m[K
[0.353s] compilation terminated.
[0.354s] gmake[2]: *** [CMakeFiles/xsens_mti_node.dir/build.make:132: CMakeFiles/xsens_mti_node.dir/src/ntrip_util.cpp.o] Error 1
[0.354s] gmake[2]: *** Waiting for unfinished jobs....
[0.455s] [ 78%] [32m[1mLinking C shared library rosidl_generator_py/xsens_mti_ros2_driver/libxsens_mti_ros2_driver__rosidl_generator_py.so[0m
[0.515s] [ 78%] Built target xsens_mti_ros2_driver__rosidl_generator_py
[0.515s] running egg_info
[0.517s] writing xsens_mti_ros2_driver.egg-info/PKG-INFO
[0.517s] writing dependency_links to xsens_mti_ros2_driver.egg-info/dependency_links.txt
[0.517s] writing top-level names to xsens_mti_ros2_driver.egg-info/top_level.txt
[0.521s] reading manifest file 'xsens_mti_ros2_driver.egg-info/SOURCES.txt'
[0.522s] writing manifest file 'xsens_mti_ros2_driver.egg-info/SOURCES.txt'
[0.549s] [ 81%] [32mBuilding C object CMakeFiles/xsens_mti_ros2_driver__rosidl_typesupport_introspection_c__pyext.dir/rosidl_generator_py/xsens_mti_ros2_driver/_xsens_mti_ros2_driver_s.ep.rosidl_typesupport_introspection_c.c.o[0m
[0.552s] [ 84%] [32mBuilding C object CMakeFiles/xsens_mti_ros2_driver__rosidl_typesupport_c__pyext.dir/rosidl_generator_py/xsens_mti_ros2_driver/_xsens_mti_ros2_driver_s.ep.rosidl_typesupport_c.c.o[0m
[0.556s] [ 86%] [32mBuilding C object CMakeFiles/xsens_mti_ros2_driver__rosidl_typesupport_fastrtps_c__pyext.dir/rosidl_generator_py/xsens_mti_ros2_driver/_xsens_mti_ros2_driver_s.ep.rosidl_typesupport_fastrtps_c.c.o[0m
[0.573s] [ 86%] Built target ament_cmake_python_build_xsens_mti_ros2_driver_egg
[0.634s] In file included from [01m[K/home/uwr/Desktop/2024_UWR/src/xsens_mti_ros2_driver/src/xsens_time_handler.cpp:32[m[K:
[0.634s] [01m[K/home/uwr/Desktop/2024_UWR/src/xsens_mti_ros2_driver/include/xsens_time_handler.h:36:10:[m[K [01;31m[Kfatal error: [m[Kxstypes/xsdatapacket.h: No such file or directory
[0.634s]    36 | #include [01;31m[K<xstypes/xsdatapacket.h>[m[K
[0.635s]       |          [01;31m[K^~~~~~~~~~~~~~~~~~~~~~~~[m[K
[0.637s] compilation terminated.
[0.637s] In file included from [01m[K/home/uwr/Desktop/2024_UWR/src/xsens_mti_ros2_driver/src/xdacallback.cpp:33[m[K:
[0.637s] [01m[K/home/uwr/Desktop/2024_UWR/src/xsens_mti_ros2_driver/include/xdacallback.h:37:10:[m[K [01;31m[Kfatal error: [m[Kxscontroller/xscallback.h: No such file or directory
[0.637s]    37 | #include [01;31m[K<xscontroller/xscallback.h>[m[K
[0.637s]       |          [01;31m[K^~~~~~~~~~~~~~~~~~~~~~~~~~~[m[K
[0.637s] compilation terminated.
[0.638s] In file included from [01m[K/home/uwr/Desktop/2024_UWR/src/xsens_mti_ros2_driver/include/xdainterface.h:38[m[K,
[0.638s]                  from [01m[K/home/uwr/Desktop/2024_UWR/src/xsens_mti_ros2_driver/src/main.cpp:35[m[K:
[0.638s] [01m[K/home/uwr/Desktop/2024_UWR/src/xsens_mti_ros2_driver/include/xdacallback.h:37:10:[m[K [01;31m[Kfatal error: [m[Kxscontroller/xscallback.h: No such file or directory
[0.638s]    37 | #include [01;31m[K<xscontroller/xscallback.h>[m[K
[0.638s]       |          [01;31m[K^~~~~~~~~~~~~~~~~~~~~~~~~~~[m[K
[0.639s] compilation terminated.
[0.639s] In file included from [01m[K/home/uwr/Desktop/2024_UWR/src/xsens_mti_ros2_driver/include/xdainterface.h:38[m[K,
[0.639s]                  from [01m[K/home/uwr/Desktop/2024_UWR/src/xsens_mti_ros2_driver/src/xdainterface.cpp:32[m[K:
[0.639s] [01m[K/home/uwr/Desktop/2024_UWR/src/xsens_mti_ros2_driver/include/xdacallback.h:37:10:[m[K [01;31m[Kfatal error: [m[Kxscontroller/xscallback.h: No such file or directory
[0.639s]    37 | #include [01;31m[K<xscontroller/xscallback.h>[m[K
[0.639s]       |          [01;31m[K^~~~~~~~~~~~~~~~~~~~~~~~~~~[m[K
[0.639s] compilation terminated.
[0.640s] gmake[2]: *** [CMakeFiles/xsens_mti_node.dir/build.make:104: CMakeFiles/xsens_mti_node.dir/src/xdacallback.cpp.o] Error 1
[0.640s] gmake[2]: *** [CMakeFiles/xsens_mti_node.dir/build.make:146: CMakeFiles/xsens_mti_node.dir/src/xsens_time_handler.cpp.o] Error 1
[0.640s] gmake[2]: *** [CMakeFiles/xsens_mti_node.dir/build.make:76: CMakeFiles/xsens_mti_node.dir/src/main.cpp.o] Error 1
[0.641s] gmake[2]: *** [CMakeFiles/xsens_mti_node.dir/build.make:90: CMakeFiles/xsens_mti_node.dir/src/xdainterface.cpp.o] Error 1
[0.641s] gmake[1]: *** [CMakeFiles/Makefile2:594: CMakeFiles/xsens_mti_node.dir/all] Error 2
[0.641s] gmake[1]: *** Waiting for unfinished jobs....
[0.677s] [ 89%] [32m[1mLinking C shared library rosidl_generator_py/xsens_mti_ros2_driver/xsens_mti_ros2_driver_s__rosidl_typesupport_introspection_c.cpython-310-x86_64-linux-gnu.so[0m
[0.681s] [ 92%] [32m[1mLinking C shared library rosidl_generator_py/xsens_mti_ros2_driver/xsens_mti_ros2_driver_s__rosidl_typesupport_c.cpython-310-x86_64-linux-gnu.so[0m
[0.682s] [ 94%] [32m[1mLinking C shared library rosidl_generator_py/xsens_mti_ros2_driver/xsens_mti_ros2_driver_s__rosidl_typesupport_fastrtps_c.cpython-310-x86_64-linux-gnu.so[0m
[0.714s] [ 94%] Built target xsens_mti_ros2_driver__rosidl_typesupport_c__pyext
[0.715s] [ 94%] Built target xsens_mti_ros2_driver__rosidl_typesupport_fastrtps_c__pyext
[0.715s] [ 94%] Built target xsens_mti_ros2_driver__rosidl_typesupport_introspection_c__pyext
[0.715s] gmake: *** [Makefile:146: all] Error 2
[0.723s] Invoked command in '/home/uwr/Desktop/2024_UWR/build/xsens_mti_ros2_driver' returned '2': CMAKE_PREFIX_PATH=/opt/ros/humble /usr/bin/cmake --build /home/uwr/Desktop/2024_UWR/build/xsens_mti_ros2_driver -- -j8 -l8
