[0.011s] Invoking command in '/home/uwr/Desktop/2024_UWR/build/kalman_filter': CMAKE_PREFIX_PATH=/home/uwr/Desktop/2024_UWR/install/sonar_msgs:/home/uwr/Desktop/2024_UWR/install/xsens_mti_ros2_driver:/home/uwr/Desktop/2024_UWR/install/kalman_filter:/home/uwr/Desktop/2024_UWR/install/ntrip:/home/uwr/Desktop/2024_UWR/install/sonar_subs:/opt/ros/humble LD_LIBRARY_PATH=/home/uwr/Desktop/2024_UWR/install/sonar_msgs/lib:/home/uwr/Desktop/2024_UWR/install/xsens_mti_ros2_driver/lib:/opt/ros/humble/opt/rviz_ogre_vendor/lib:/opt/ros/humble/lib/x86_64-linux-gnu:/opt/ros/humble/lib /usr/bin/cmake --build /home/uwr/Desktop/2024_UWR/build/kalman_filter -- -j8 -l8
[0.060s] [35m[1mConsolidate compiler generated dependencies of target kf[0m
[0.093s] [ 20%] [32mBuilding CXX object CMakeFiles/kf.dir/src/kf_v3_node.cpp.o[0m
[15.454s] [ 40%] [32m[1mLinking CXX executable kf[0m
[16.048s] /usr/bin/ld: CMakeFiles/kf.dir/src/kf_v3_node.cpp.o: in function `void rosbag2_cpp::Writer::write<std::shared_ptr<sensor_msgs::msg::Imu_<std::allocator<void> > > >(std::shared_ptr<sensor_msgs::msg::Imu_<std::allocator<void> > > const&, std::__cxx11::basic_string<char, std::char_traits<char>, std::allocator<char> > const&, rclcpp::Time const&)':
[16.048s] kf_v3_node.cpp:(.text._ZN11rosbag2_cpp6Writer5writeISt10shared_ptrIN11sensor_msgs3msg4Imu_ISaIvEEEEEEvRKT_RKNSt7__cxx1112basic_stringIcSt11char_traitsIcESaIcEEERKN6rclcpp4TimeE[_ZN11rosbag2_cpp6Writer5writeISt10shared_ptrIN11sensor_msgs3msg4Imu_ISaIvEEEEEEvRKT_RKNSt7__cxx1112basic_stringIcSt11char_traitsIcESaIcEEERKN6rclcpp4TimeE]+0x85): undefined reference to `char const* rosidl_generator_traits::name<std::shared_ptr<sensor_msgs::msg::Imu_<std::allocator<void> > > >()'
[16.049s] /usr/bin/ld: CMakeFiles/kf.dir/src/kf_v3_node.cpp.o: in function `void rosbag2_cpp::Writer::write<std::shared_ptr<sonar_msgs::msg::ThreeSonarDepth_<std::allocator<void> > > >(std::shared_ptr<sonar_msgs::msg::ThreeSonarDepth_<std::allocator<void> > > const&, std::__cxx11::basic_string<char, std::char_traits<char>, std::allocator<char> > const&, rclcpp::Time const&)':
[16.049s] kf_v3_node.cpp:(.text._ZN11rosbag2_cpp6Writer5writeISt10shared_ptrIN10sonar_msgs3msg16ThreeSonarDepth_ISaIvEEEEEEvRKT_RKNSt7__cxx1112basic_stringIcSt11char_traitsIcESaIcEEERKN6rclcpp4TimeE[_ZN11rosbag2_cpp6Writer5writeISt10shared_ptrIN10sonar_msgs3msg16ThreeSonarDepth_ISaIvEEEEEEvRKT_RKNSt7__cxx1112basic_stringIcSt11char_traitsIcESaIcEEERKN6rclcpp4TimeE]+0x85): undefined reference to `char const* rosidl_generator_traits::name<std::shared_ptr<sonar_msgs::msg::ThreeSonarDepth_<std::allocator<void> > > >()'
[16.050s] /usr/bin/ld: CMakeFiles/kf.dir/src/kf_v3_node.cpp.o: in function `rclcpp::Serialization<std::shared_ptr<sensor_msgs::msg::Imu_<std::allocator<void> > > >::Serialization()':
[16.050s] kf_v3_node.cpp:(.text._ZN6rclcpp13SerializationISt10shared_ptrIN11sensor_msgs3msg4Imu_ISaIvEEEEEC2Ev[_ZN6rclcpp13SerializationISt10shared_ptrIN11sensor_msgs3msg4Imu_ISaIvEEEEEC5Ev]+0x16): undefined reference to `rosidl_message_type_support_t const* rosidl_typesupport_cpp::get_message_type_support_handle<std::shared_ptr<sensor_msgs::msg::Imu_<std::allocator<void> > > >()'
[16.051s] /usr/bin/ld: CMakeFiles/kf.dir/src/kf_v3_node.cpp.o: in function `rclcpp::Serialization<std::shared_ptr<sonar_msgs::msg::ThreeSonarDepth_<std::allocator<void> > > >::Serialization()':
[16.051s] kf_v3_node.cpp:(.text._ZN6rclcpp13SerializationISt10shared_ptrIN10sonar_msgs3msg16ThreeSonarDepth_ISaIvEEEEEC2Ev[_ZN6rclcpp13SerializationISt10shared_ptrIN10sonar_msgs3msg16ThreeSonarDepth_ISaIvEEEEEC5Ev]+0x16): undefined reference to `rosidl_message_type_support_t const* rosidl_typesupport_cpp::get_message_type_support_handle<std::shared_ptr<sonar_msgs::msg::ThreeSonarDepth_<std::allocator<void> > > >()'
[16.104s] collect2: error: ld returned 1 exit status
[16.105s] gmake[2]: *** [CMakeFiles/kf.dir/build.make:268: kf] Error 1
[16.105s] gmake[1]: *** [CMakeFiles/Makefile2:137: CMakeFiles/kf.dir/all] Error 2
[16.106s] gmake: *** [Makefile:146: all] Error 2
[16.115s] Invoked command in '/home/uwr/Desktop/2024_UWR/build/kalman_filter' returned '2': CMAKE_PREFIX_PATH=/home/uwr/Desktop/2024_UWR/install/sonar_msgs:/home/uwr/Desktop/2024_UWR/install/xsens_mti_ros2_driver:/home/uwr/Desktop/2024_UWR/install/kalman_filter:/home/uwr/Desktop/2024_UWR/install/ntrip:/home/uwr/Desktop/2024_UWR/install/sonar_subs:/opt/ros/humble LD_LIBRARY_PATH=/home/uwr/Desktop/2024_UWR/install/sonar_msgs/lib:/home/uwr/Desktop/2024_UWR/install/xsens_mti_ros2_driver/lib:/opt/ros/humble/opt/rviz_ogre_vendor/lib:/opt/ros/humble/lib/x86_64-linux-gnu:/opt/ros/humble/lib /usr/bin/cmake --build /home/uwr/Desktop/2024_UWR/build/kalman_filter -- -j8 -l8
