[35m[1mConsolidate compiler generated dependencies of target kf[0m
[35m[1mConsolidate compiler generated dependencies of target kf_v4[0m
[ 50%] Built target kf
[ 60%] [32mBuilding CXX object CMakeFiles/kf_v4.dir/src/kf_v4.cpp.o[0m
[01m[K/home/uwr/Desktop/2024_UWR/src/kalman_filter/src/kf_v4.cpp:[m[K In member function â€˜[01m[Kdouble kf_v4::set_accel(double)[m[Kâ€™:
[01m[K/home/uwr/Desktop/2024_UWR/src/kalman_filter/src/kf_v4.cpp:77:55:[m[K [01;31m[Kerror: [m[Kâ€˜[01m[Kaccel_bias[m[Kâ€™ was not declared in this scope
   77 |     accel = bw_filter2.filter(bw_filter.filter((val - [01;31m[Kaccel_bias[m[K)));
      |                                                       [01;31m[K^~~~~~~~~~[m[K
gmake[2]: *** [CMakeFiles/kf_v4.dir/build.make:90: CMakeFiles/kf_v4.dir/src/kf_v4.cpp.o] Error 1
gmake[1]: *** [CMakeFiles/Makefile2:165: CMakeFiles/kf_v4.dir/all] Error 2
gmake: *** [Makefile:146: all] Error 2
