[0.010s] Invoking command in '/home/uwr/Desktop/2024_UWR/build/kalman_filter': AMENT_PREFIX_PATH=/home/uwr/Desktop/2024_UWR/install/sonar_msgs:${AMENT_PREFIX_PATH} CMAKE_PREFIX_PATH=/home/uwr/Desktop/2024_UWR/install/sonar_msgs:/opt/ros/humble LD_LIBRARY_PATH=/home/uwr/Desktop/2024_UWR/install/sonar_msgs/lib:${LD_LIBRARY_PATH} PYTHONPATH=/home/uwr/Desktop/2024_UWR/install/sonar_msgs/local/lib/python3.10/dist-packages:${PYTHONPATH} /usr/bin/cmake --build /home/uwr/Desktop/2024_UWR/build/kalman_filter -- -j8 -l8
[0.054s] [35m[1mConsolidate compiler generated dependencies of target kf[0m
[0.083s] [ 20%] [32mBuilding CXX object CMakeFiles/kf.dir/src/kf_v3_node.cpp.o[0m
[5.053s] [01m[K/home/uwr/Desktop/2024_UWR/src/kalman_filter/src/kf_v3_node.cpp:[m[K In member function â€˜[01m[Kvoid kf_node::sonar_callback(const ThreeSonarDepth&)[m[Kâ€™:
[5.054s] [01m[K/home/uwr/Desktop/2024_UWR/src/kalman_filter/src/kf_v3_node.cpp:369:27:[m[K [01;31m[Kerror: [m[Kno matching function for call to â€˜[01m[Krosbag2_cpp::Writer::write(const char [10], rclcpp::Time&, const ThreeSonarDepth&)[m[Kâ€™
[5.054s]   369 |             [01;31m[Kwriter_->write("SONAR_raw", measure_time_now, msg)[m[K;
[5.054s]       |             [01;31m[K~~~~~~~~~~~~~~^~~~~~~~~~~~~~~~~~~~~~~~~~~~~~~~~~~~[m[K
[5.054s] In file included from [01m[K/home/uwr/Desktop/2024_UWR/src/kalman_filter/src/kf_v3_node.cpp:47[m[K:
[5.054s] [01m[K/opt/ros/humble/include/rosbag2_cpp/rosbag2_cpp/writer.hpp:191:8:[m[K [01;36m[Knote: [m[Kcandidate: â€˜[01m[Ktemplate<class MessageT> void rosbag2_cpp::Writer::write(const MessageT&, const string&, const rclcpp::Time&)[m[Kâ€™
[5.054s]   191 |   void [01;36m[Kwrite[m[K(
[5.054s]       |        [01;36m[K^~~~~[m[K
[5.054s] [01m[K/opt/ros/humble/include/rosbag2_cpp/rosbag2_cpp/writer.hpp:191:8:[m[K [01;36m[Knote: [m[K  template argument deduction/substitution failed:
[5.054s] [01m[K/home/uwr/Desktop/2024_UWR/src/kalman_filter/src/kf_v3_node.cpp:369:41:[m[K [01;36m[Knote: [m[K  cannot convert â€˜[01m[K((kf_node*)this)->kf_node::measure_time_now[m[Kâ€™ (type â€˜[01m[Krclcpp::Time[m[Kâ€™) to type â€˜[01m[Kconst string&[m[Kâ€™ {aka â€˜[01m[Kconst std::__cxx11::basic_string<char>&[m[Kâ€™}
[5.054s]   369 |             writer_->write("SONAR_raw", [01;36m[Kmeasure_time_now[m[K, msg);
[5.054s]       |                                         [01;36m[K^~~~~~~~~~~~~~~~[m[K
[5.054s] In file included from [01m[K/home/uwr/Desktop/2024_UWR/src/kalman_filter/src/kf_v3_node.cpp:47[m[K:
[5.054s] [01m[K/opt/ros/humble/include/rosbag2_cpp/rosbag2_cpp/writer.hpp:122:8:[m[K [01;36m[Knote: [m[Kcandidate: â€˜[01m[Kvoid rosbag2_cpp::Writer::write(std::shared_ptr<rosbag2_storage::SerializedBagMessage>)[m[Kâ€™
[5.055s]   122 |   void [01;36m[Kwrite[m[K(std::shared_ptr<rosbag2_storage::SerializedBagMessage> message);
[5.055s]       |        [01;36m[K^~~~~[m[K
[5.055s] [01m[K/opt/ros/humble/include/rosbag2_cpp/rosbag2_cpp/writer.hpp:122:8:[m[K [01;36m[Knote: [m[K  candidate expects 1 argument, 3 provided
[5.055s] [01m[K/opt/ros/humble/include/rosbag2_cpp/rosbag2_cpp/writer.hpp:134:8:[m[K [01;36m[Knote: [m[Kcandidate: â€˜[01m[Kvoid rosbag2_cpp::Writer::write(std::shared_ptr<rosbag2_storage::SerializedBagMessage>, const string&, const string&, const string&)[m[Kâ€™
[5.055s]   134 |   void [01;36m[Kwrite[m[K(
[5.055s]       |        [01;36m[K^~~~~[m[K
[5.055s] [01m[K/opt/ros/humble/include/rosbag2_cpp/rosbag2_cpp/writer.hpp:135:60:[m[K [01;36m[Knote: [m[K  no known conversion for argument 1 from â€˜[01m[Kconst char [10][m[Kâ€™ to â€˜[01m[Kstd::shared_ptr<rosbag2_storage::SerializedBagMessage>[m[Kâ€™
[5.055s]   135 |     [01;36m[Kstd::shared_ptr<rosbag2_storage::SerializedBagMessage> message[m[K,
[5.055s]       |     [01;36m[K~~~~~~~~~~~~~~~~~~~~~~~~~~~~~~~~~~~~~~~~~~~~~~~~~~~~~~~^~~~~~~[m[K
[5.055s] [01m[K/opt/ros/humble/include/rosbag2_cpp/rosbag2_cpp/writer.hpp:156:8:[m[K [01;36m[Knote: [m[Kcandidate: â€˜[01m[Kvoid rosbag2_cpp::Writer::write(const rclcpp::SerializedMessage&, const string&, const string&, const rclcpp::Time&)[m[Kâ€™
[5.055s]   156 |   void [01;36m[Kwrite[m[K(
[5.055s]       |        [01;36m[K^~~~~[m[K
[5.055s] [01m[K/opt/ros/humble/include/rosbag2_cpp/rosbag2_cpp/writer.hpp:156:8:[m[K [01;36m[Knote: [m[K  candidate expects 4 arguments, 3 provided
[5.055s] [01m[K/opt/ros/humble/include/rosbag2_cpp/rosbag2_cpp/writer.hpp:174:8:[m[K [01;36m[Knote: [m[Kcandidate: â€˜[01m[Kvoid rosbag2_cpp::Writer::write(std::shared_ptr<rclcpp::SerializedMessage>, const string&, const string&, const rclcpp::Time&)[m[Kâ€™
[5.056s]   174 |   void [01;36m[Kwrite[m[K(
[5.056s]       |        [01;36m[K^~~~~[m[K
[5.056s] [01m[K/opt/ros/humble/include/rosbag2_cpp/rosbag2_cpp/writer.hpp:174:8:[m[K [01;36m[Knote: [m[K  candidate expects 4 arguments, 3 provided
[5.056s] [01m[K/home/uwr/Desktop/2024_UWR/src/kalman_filter/src/kf_v3_node.cpp:370:27:[m[K [01;31m[Kerror: [m[Kno matching function for call to â€˜[01m[Krosbag2_cpp::Writer::write(const char [15], rclcpp::Time&, geometry_msgs::msg::Vector3Stamped&)[m[Kâ€™
[5.056s]   370 |             [01;31m[Kwriter_->write("SONAR_filtered", measure_time_now, vector3_msg)[m[K;
[5.056s]       |             [01;31m[K~~~~~~~~~~~~~~^~~~~~~~~~~~~~~~~~~~~~~~~~~~~~~~~~~~~~~~~~~~~~~~~[m[K
[5.056s] In file included from [01m[K/home/uwr/Desktop/2024_UWR/src/kalman_filter/src/kf_v3_node.cpp:47[m[K:
[5.056s] [01m[K/opt/ros/humble/include/rosbag2_cpp/rosbag2_cpp/writer.hpp:191:8:[m[K [01;36m[Knote: [m[Kcandidate: â€˜[01m[Ktemplate<class MessageT> void rosbag2_cpp::Writer::write(const MessageT&, const string&, const rclcpp::Time&)[m[Kâ€™
[5.056s]   191 |   void [01;36m[Kwrite[m[K(
[5.056s]       |        [01;36m[K^~~~~[m[K
[5.056s] [01m[K/opt/ros/humble/include/rosbag2_cpp/rosbag2_cpp/writer.hpp:191:8:[m[K [01;36m[Knote: [m[K  template argument deduction/substitution failed:
[5.056s] [01m[K/home/uwr/Desktop/2024_UWR/src/kalman_filter/src/kf_v3_node.cpp:370:46:[m[K [01;36m[Knote: [m[K  cannot convert â€˜[01m[K((kf_node*)this)->kf_node::measure_time_now[m[Kâ€™ (type â€˜[01m[Krclcpp::Time[m[Kâ€™) to type â€˜[01m[Kconst string&[m[Kâ€™ {aka â€˜[01m[Kconst std::__cxx11::basic_string<char>&[m[Kâ€™}
[5.056s]   370 |             writer_->write("SONAR_filtered", [01;36m[Kmeasure_time_now[m[K, vector3_msg);
[5.056s]       |                                              [01;36m[K^~~~~~~~~~~~~~~~[m[K
[5.056s] In file included from [01m[K/home/uwr/Desktop/2024_UWR/src/kalman_filter/src/kf_v3_node.cpp:47[m[K:
[5.056s] [01m[K/opt/ros/humble/include/rosbag2_cpp/rosbag2_cpp/writer.hpp:122:8:[m[K [01;36m[Knote: [m[Kcandidate: â€˜[01m[Kvoid rosbag2_cpp::Writer::write(std::shared_ptr<rosbag2_storage::SerializedBagMessage>)[m[Kâ€™
[5.056s]   122 |   void [01;36m[Kwrite[m[K(std::shared_ptr<rosbag2_storage::SerializedBagMessage> message);
[5.056s]       |        [01;36m[K^~~~~[m[K
[5.056s] [01m[K/opt/ros/humble/include/rosbag2_cpp/rosbag2_cpp/writer.hpp:122:8:[m[K [01;36m[Knote: [m[K  candidate expects 1 argument, 3 provided
[5.056s] [01m[K/opt/ros/humble/include/rosbag2_cpp/rosbag2_cpp/writer.hpp:134:8:[m[K [01;36m[Knote: [m[Kcandidate: â€˜[01m[Kvoid rosbag2_cpp::Writer::write(std::shared_ptr<rosbag2_storage::SerializedBagMessage>, const string&, const string&, const string&)[m[Kâ€™
[5.057s]   134 |   void [01;36m[Kwrite[m[K(
[5.057s]       |        [01;36m[K^~~~~[m[K
[5.057s] [01m[K/opt/ros/humble/include/rosbag2_cpp/rosbag2_cpp/writer.hpp:135:60:[m[K [01;36m[Knote: [m[K  no known conversion for argument 1 from â€˜[01m[Kconst char [15][m[Kâ€™ to â€˜[01m[Kstd::shared_ptr<rosbag2_storage::SerializedBagMessage>[m[Kâ€™
[5.057s]   135 |     [01;36m[Kstd::shared_ptr<rosbag2_storage::SerializedBagMessage> message[m[K,
[5.057s]       |     [01;36m[K~~~~~~~~~~~~~~~~~~~~~~~~~~~~~~~~~~~~~~~~~~~~~~~~~~~~~~~^~~~~~~[m[K
[5.057s] [01m[K/opt/ros/humble/include/rosbag2_cpp/rosbag2_cpp/writer.hpp:156:8:[m[K [01;36m[Knote: [m[Kcandidate: â€˜[01m[Kvoid rosbag2_cpp::Writer::write(const rclcpp::SerializedMessage&, const string&, const string&, const rclcpp::Time&)[m[Kâ€™
[5.057s]   156 |   void [01;36m[Kwrite[m[K(
[5.057s]       |        [01;36m[K^~~~~[m[K
[5.057s] [01m[K/opt/ros/humble/include/rosbag2_cpp/rosbag2_cpp/writer.hpp:156:8:[m[K [01;36m[Knote: [m[K  candidate expects 4 arguments, 3 provided
[5.057s] [01m[K/opt/ros/humble/include/rosbag2_cpp/rosbag2_cpp/writer.hpp:174:8:[m[K [01;36m[Knote: [m[Kcandidate: â€˜[01m[Kvoid rosbag2_cpp::Writer::write(std::shared_ptr<rclcpp::SerializedMessage>, const string&, const string&, const rclcpp::Time&)[m[Kâ€™
[5.057s]   174 |   void [01;36m[Kwrite[m[K(
[5.057s]       |        [01;36m[K^~~~~[m[K
[5.057s] [01m[K/opt/ros/humble/include/rosbag2_cpp/rosbag2_cpp/writer.hpp:174:8:[m[K [01;36m[Knote: [m[K  candidate expects 4 arguments, 3 provided
[5.057s] [01m[K/home/uwr/Desktop/2024_UWR/src/kalman_filter/src/kf_v3_node.cpp:371:27:[m[K [01;31m[Kerror: [m[Kno matching function for call to â€˜[01m[Krosbag2_cpp::Writer::write(const char [10], rclcpp::Time&, geometry_msgs::msg::Vector3Stamped&)[m[Kâ€™
[5.057s]   371 |             [01;31m[Kwriter_->write("SONAR_vel", measure_time_now, vel_msg)[m[K;
[5.057s]       |             [01;31m[K~~~~~~~~~~~~~~^~~~~~~~~~~~~~~~~~~~~~~~~~~~~~~~~~~~~~~~[m[K
[5.057s] In file included from [01m[K/home/uwr/Desktop/2024_UWR/src/kalman_filter/src/kf_v3_node.cpp:47[m[K:
[5.057s] [01m[K/opt/ros/humble/include/rosbag2_cpp/rosbag2_cpp/writer.hpp:191:8:[m[K [01;36m[Knote: [m[Kcandidate: â€˜[01m[Ktemplate<class MessageT> void rosbag2_cpp::Writer::write(const MessageT&, const string&, const rclcpp::Time&)[m[Kâ€™
[5.057s]   191 |   void [01;36m[Kwrite[m[K(
[5.057s]       |        [01;36m[K^~~~~[m[K
[5.057s] [01m[K/opt/ros/humble/include/rosbag2_cpp/rosbag2_cpp/writer.hpp:191:8:[m[K [01;36m[Knote: [m[K  template argument deduction/substitution failed:
[5.058s] [01m[K/home/uwr/Desktop/2024_UWR/src/kalman_filter/src/kf_v3_node.cpp:371:41:[m[K [01;36m[Knote: [m[K  cannot convert â€˜[01m[K((kf_node*)this)->kf_node::measure_time_now[m[Kâ€™ (type â€˜[01m[Krclcpp::Time[m[Kâ€™) to type â€˜[01m[Kconst string&[m[Kâ€™ {aka â€˜[01m[Kconst std::__cxx11::basic_string<char>&[m[Kâ€™}
[5.058s]   371 |             writer_->write("SONAR_vel", [01;36m[Kmeasure_time_now[m[K, vel_msg);
[5.058s]       |                                         [01;36m[K^~~~~~~~~~~~~~~~[m[K
[5.058s] In file included from [01m[K/home/uwr/Desktop/2024_UWR/src/kalman_filter/src/kf_v3_node.cpp:47[m[K:
[5.058s] [01m[K/opt/ros/humble/include/rosbag2_cpp/rosbag2_cpp/writer.hpp:122:8:[m[K [01;36m[Knote: [m[Kcandidate: â€˜[01m[Kvoid rosbag2_cpp::Writer::write(std::shared_ptr<rosbag2_storage::SerializedBagMessage>)[m[Kâ€™
[5.058s]   122 |   void [01;36m[Kwrite[m[K(std::shared_ptr<rosbag2_storage::SerializedBagMessage> message);
[5.058s]       |        [01;36m[K^~~~~[m[K
[5.058s] [01m[K/opt/ros/humble/include/rosbag2_cpp/rosbag2_cpp/writer.hpp:122:8:[m[K [01;36m[Knote: [m[K  candidate expects 1 argument, 3 provided
[5.058s] [01m[K/opt/ros/humble/include/rosbag2_cpp/rosbag2_cpp/writer.hpp:134:8:[m[K [01;36m[Knote: [m[Kcandidate: â€˜[01m[Kvoid rosbag2_cpp::Writer::write(std::shared_ptr<rosbag2_storage::SerializedBagMessage>, const string&, const string&, const string&)[m[Kâ€™
[5.058s]   134 |   void [01;36m[Kwrite[m[K(
[5.058s]       |        [01;36m[K^~~~~[m[K
[5.058s] [01m[K/opt/ros/humble/include/rosbag2_cpp/rosbag2_cpp/writer.hpp:135:60:[m[K [01;36m[Knote: [m[K  no known conversion for argument 1 from â€˜[01m[Kconst char [10][m[Kâ€™ to â€˜[01m[Kstd::shared_ptr<rosbag2_storage::SerializedBagMessage>[m[Kâ€™
[5.058s]   135 |     [01;36m[Kstd::shared_ptr<rosbag2_storage::SerializedBagMessage> message[m[K,
[5.058s]       |     [01;36m[K~~~~~~~~~~~~~~~~~~~~~~~~~~~~~~~~~~~~~~~~~~~~~~~~~~~~~~~^~~~~~~[m[K
[5.058s] [01m[K/opt/ros/humble/include/rosbag2_cpp/rosbag2_cpp/writer.hpp:156:8:[m[K [01;36m[Knote: [m[Kcandidate: â€˜[01m[Kvoid rosbag2_cpp::Writer::write(const rclcpp::SerializedMessage&, const string&, const string&, const rclcpp::Time&)[m[Kâ€™
[5.058s]   156 |   void [01;36m[Kwrite[m[K(
[5.058s]       |        [01;36m[K^~~~~[m[K
[5.058s] [01m[K/opt/ros/humble/include/rosbag2_cpp/rosbag2_cpp/writer.hpp:156:8:[m[K [01;36m[Knote: [m[K  candidate expects 4 arguments, 3 provided
[5.058s] [01m[K/opt/ros/humble/include/rosbag2_cpp/rosbag2_cpp/writer.hpp:174:8:[m[K [01;36m[Knote: [m[Kcandidate: â€˜[01m[Kvoid rosbag2_cpp::Writer::write(std::shared_ptr<rclcpp::SerializedMessage>, const string&, const string&, const rclcpp::Time&)[m[Kâ€™
[5.058s]   174 |   void [01;36m[Kwrite[m[K(
[5.058s]       |        [01;36m[K^~~~~[m[K
[5.059s] [01m[K/opt/ros/humble/include/rosbag2_cpp/rosbag2_cpp/writer.hpp:174:8:[m[K [01;36m[Knote: [m[K  candidate expects 4 arguments, 3 provided
[5.059s] [01m[K/home/uwr/Desktop/2024_UWR/src/kalman_filter/src/kf_v3_node.cpp:373:27:[m[K [01;31m[Kerror: [m[Kno matching function for call to â€˜[01m[Krosbag2_cpp::Writer::write(const char [5], rclcpp::Time&, geometry_msgs::msg::PoseStamped&)[m[Kâ€™
[5.059s]   373 |             [01;31m[Kwriter_->write("Pose", measure_time_now, pose_msg)[m[K;
[5.059s]       |             [01;31m[K~~~~~~~~~~~~~~^~~~~~~~~~~~~~~~~~~~~~~~~~~~~~~~~~~~[m[K
[5.059s] In file included from [01m[K/home/uwr/Desktop/2024_UWR/src/kalman_filter/src/kf_v3_node.cpp:47[m[K:
[5.059s] [01m[K/opt/ros/humble/include/rosbag2_cpp/rosbag2_cpp/writer.hpp:191:8:[m[K [01;36m[Knote: [m[Kcandidate: â€˜[01m[Ktemplate<class MessageT> void rosbag2_cpp::Writer::write(const MessageT&, const string&, const rclcpp::Time&)[m[Kâ€™
[5.059s]   191 |   void [01;36m[Kwrite[m[K(
[5.059s]       |        [01;36m[K^~~~~[m[K
[5.059s] [01m[K/opt/ros/humble/include/rosbag2_cpp/rosbag2_cpp/writer.hpp:191:8:[m[K [01;36m[Knote: [m[K  template argument deduction/substitution failed:
[5.059s] [01m[K/home/uwr/Desktop/2024_UWR/src/kalman_filter/src/kf_v3_node.cpp:373:36:[m[K [01;36m[Knote: [m[K  cannot convert â€˜[01m[K((kf_node*)this)->kf_node::measure_time_now[m[Kâ€™ (type â€˜[01m[Krclcpp::Time[m[Kâ€™) to type â€˜[01m[Kconst string&[m[Kâ€™ {aka â€˜[01m[Kconst std::__cxx11::basic_string<char>&[m[Kâ€™}
[5.059s]   373 |             writer_->write("Pose", [01;36m[Kmeasure_time_now[m[K, pose_msg);
[5.059s]       |                                    [01;36m[K^~~~~~~~~~~~~~~~[m[K
[5.059s] In file included from [01m[K/home/uwr/Desktop/2024_UWR/src/kalman_filter/src/kf_v3_node.cpp:47[m[K:
[5.059s] [01m[K/opt/ros/humble/include/rosbag2_cpp/rosbag2_cpp/writer.hpp:122:8:[m[K [01;36m[Knote: [m[Kcandidate: â€˜[01m[Kvoid rosbag2_cpp::Writer::write(std::shared_ptr<rosbag2_storage::SerializedBagMessage>)[m[Kâ€™
[5.059s]   122 |   void [01;36m[Kwrite[m[K(std::shared_ptr<rosbag2_storage::SerializedBagMessage> message);
[5.059s]       |        [01;36m[K^~~~~[m[K
[5.059s] [01m[K/opt/ros/humble/include/rosbag2_cpp/rosbag2_cpp/writer.hpp:122:8:[m[K [01;36m[Knote: [m[K  candidate expects 1 argument, 3 provided
[5.059s] [01m[K/opt/ros/humble/include/rosbag2_cpp/rosbag2_cpp/writer.hpp:134:8:[m[K [01;36m[Knote: [m[Kcandidate: â€˜[01m[Kvoid rosbag2_cpp::Writer::write(std::shared_ptr<rosbag2_storage::SerializedBagMessage>, const string&, const string&, const string&)[m[Kâ€™
[5.059s]   134 |   void [01;36m[Kwrite[m[K(
[5.059s]       |        [01;36m[K^~~~~[m[K
[5.059s] [01m[K/opt/ros/humble/include/rosbag2_cpp/rosbag2_cpp/writer.hpp:135:60:[m[K [01;36m[Knote: [m[K  no known conversion for argument 1 from â€˜[01m[Kconst char [5][m[Kâ€™ to â€˜[01m[Kstd::shared_ptr<rosbag2_storage::SerializedBagMessage>[m[Kâ€™
[5.060s]   135 |     [01;36m[Kstd::shared_ptr<rosbag2_storage::SerializedBagMessage> message[m[K,
[5.060s]       |     [01;36m[K~~~~~~~~~~~~~~~~~~~~~~~~~~~~~~~~~~~~~~~~~~~~~~~~~~~~~~~^~~~~~~[m[K
[5.060s] [01m[K/opt/ros/humble/include/rosbag2_cpp/rosbag2_cpp/writer.hpp:156:8:[m[K [01;36m[Knote: [m[Kcandidate: â€˜[01m[Kvoid rosbag2_cpp::Writer::write(const rclcpp::SerializedMessage&, const string&, const string&, const rclcpp::Time&)[m[Kâ€™
[5.060s]   156 |   void [01;36m[Kwrite[m[K(
[5.060s]       |        [01;36m[K^~~~~[m[K
[5.060s] [01m[K/opt/ros/humble/include/rosbag2_cpp/rosbag2_cpp/writer.hpp:156:8:[m[K [01;36m[Knote: [m[K  candidate expects 4 arguments, 3 provided
[5.060s] [01m[K/opt/ros/humble/include/rosbag2_cpp/rosbag2_cpp/writer.hpp:174:8:[m[K [01;36m[Knote: [m[Kcandidate: â€˜[01m[Kvoid rosbag2_cpp::Writer::write(std::shared_ptr<rclcpp::SerializedMessage>, const string&, const string&, const rclcpp::Time&)[m[Kâ€™
[5.060s]   174 |   void [01;36m[Kwrite[m[K(
[5.060s]       |        [01;36m[K^~~~~[m[K
[5.060s] [01m[K/opt/ros/humble/include/rosbag2_cpp/rosbag2_cpp/writer.hpp:174:8:[m[K [01;36m[Knote: [m[K  candidate expects 4 arguments, 3 provided
[5.060s] [01m[K/home/uwr/Desktop/2024_UWR/src/kalman_filter/src/kf_v3_node.cpp:376:27:[m[K [01;31m[Kerror: [m[Kno matching function for call to â€˜[01m[Krosbag2_cpp::Writer::write(const char [17], rclcpp::Time&, sonar_msgs::msg::ConfScal&)[m[Kâ€™
[5.060s]   376 |             [01;31m[Kwriter_->write("Confidence_SONAR",measure_time_now,c1)[m[K;
[5.060s]       |             [01;31m[K~~~~~~~~~~~~~~^~~~~~~~~~~~~~~~~~~~~~~~~~~~~~~~~~~~~~~~[m[K
[5.060s] In file included from [01m[K/home/uwr/Desktop/2024_UWR/src/kalman_filter/src/kf_v3_node.cpp:47[m[K:
[5.060s] [01m[K/opt/ros/humble/include/rosbag2_cpp/rosbag2_cpp/writer.hpp:191:8:[m[K [01;36m[Knote: [m[Kcandidate: â€˜[01m[Ktemplate<class MessageT> void rosbag2_cpp::Writer::write(const MessageT&, const string&, const rclcpp::Time&)[m[Kâ€™
[5.060s]   191 |   void [01;36m[Kwrite[m[K(
[5.060s]       |        [01;36m[K^~~~~[m[K
[5.060s] [01m[K/opt/ros/humble/include/rosbag2_cpp/rosbag2_cpp/writer.hpp:191:8:[m[K [01;36m[Knote: [m[K  template argument deduction/substitution failed:
[5.060s] [01m[K/home/uwr/Desktop/2024_UWR/src/kalman_filter/src/kf_v3_node.cpp:376:47:[m[K [01;36m[Knote: [m[K  cannot convert â€˜[01m[K((kf_node*)this)->kf_node::measure_time_now[m[Kâ€™ (type â€˜[01m[Krclcpp::Time[m[Kâ€™) to type â€˜[01m[Kconst string&[m[Kâ€™ {aka â€˜[01m[Kconst std::__cxx11::basic_string<char>&[m[Kâ€™}
[5.061s]   376 |             writer_->write("Confidence_SONAR",[01;36m[Kmeasure_time_now[m[K,c1);
[5.061s]       |                                               [01;36m[K^~~~~~~~~~~~~~~~[m[K
[5.061s] In file included from [01m[K/home/uwr/Desktop/2024_UWR/src/kalman_filter/src/kf_v3_node.cpp:47[m[K:
[5.061s] [01m[K/opt/ros/humble/include/rosbag2_cpp/rosbag2_cpp/writer.hpp:122:8:[m[K [01;36m[Knote: [m[Kcandidate: â€˜[01m[Kvoid rosbag2_cpp::Writer::write(std::shared_ptr<rosbag2_storage::SerializedBagMessage>)[m[Kâ€™
[5.061s]   122 |   void [01;36m[Kwrite[m[K(std::shared_ptr<rosbag2_storage::SerializedBagMessage> message);
[5.061s]       |        [01;36m[K^~~~~[m[K
[5.061s] [01m[K/opt/ros/humble/include/rosbag2_cpp/rosbag2_cpp/writer.hpp:122:8:[m[K [01;36m[Knote: [m[K  candidate expects 1 argument, 3 provided
[5.061s] [01m[K/opt/ros/humble/include/rosbag2_cpp/rosbag2_cpp/writer.hpp:134:8:[m[K [01;36m[Knote: [m[Kcandidate: â€˜[01m[Kvoid rosbag2_cpp::Writer::write(std::shared_ptr<rosbag2_storage::SerializedBagMessage>, const string&, const string&, const string&)[m[Kâ€™
[5.061s]   134 |   void [01;36m[Kwrite[m[K(
[5.061s]       |        [01;36m[K^~~~~[m[K
[5.061s] [01m[K/opt/ros/humble/include/rosbag2_cpp/rosbag2_cpp/writer.hpp:135:60:[m[K [01;36m[Knote: [m[K  no known conversion for argument 1 from â€˜[01m[Kconst char [17][m[Kâ€™ to â€˜[01m[Kstd::shared_ptr<rosbag2_storage::SerializedBagMessage>[m[Kâ€™
[5.061s]   135 |     [01;36m[Kstd::shared_ptr<rosbag2_storage::SerializedBagMessage> message[m[K,
[5.061s]       |     [01;36m[K~~~~~~~~~~~~~~~~~~~~~~~~~~~~~~~~~~~~~~~~~~~~~~~~~~~~~~~^~~~~~~[m[K
[5.061s] [01m[K/opt/ros/humble/include/rosbag2_cpp/rosbag2_cpp/writer.hpp:156:8:[m[K [01;36m[Knote: [m[Kcandidate: â€˜[01m[Kvoid rosbag2_cpp::Writer::write(const rclcpp::SerializedMessage&, const string&, const string&, const rclcpp::Time&)[m[Kâ€™
[5.061s]   156 |   void [01;36m[Kwrite[m[K(
[5.061s]       |        [01;36m[K^~~~~[m[K
[5.061s] [01m[K/opt/ros/humble/include/rosbag2_cpp/rosbag2_cpp/writer.hpp:156:8:[m[K [01;36m[Knote: [m[K  candidate expects 4 arguments, 3 provided
[5.061s] [01m[K/opt/ros/humble/include/rosbag2_cpp/rosbag2_cpp/writer.hpp:174:8:[m[K [01;36m[Knote: [m[Kcandidate: â€˜[01m[Kvoid rosbag2_cpp::Writer::write(std::shared_ptr<rclcpp::SerializedMessage>, const string&, const string&, const rclcpp::Time&)[m[Kâ€™
[5.061s]   174 |   void [01;36m[Kwrite[m[K(
[5.061s]       |        [01;36m[K^~~~~[m[K
[5.061s] [01m[K/opt/ros/humble/include/rosbag2_cpp/rosbag2_cpp/writer.hpp:174:8:[m[K [01;36m[Knote: [m[K  candidate expects 4 arguments, 3 provided
[5.062s] [01m[K/home/uwr/Desktop/2024_UWR/src/kalman_filter/src/kf_v3_node.cpp:377:27:[m[K [01;31m[Kerror: [m[Kno matching function for call to â€˜[01m[Krosbag2_cpp::Writer::write(const char [9], rclcpp::Time&, sonar_msgs::msg::KfValues&)[m[Kâ€™
[5.062s]   377 |             [01;31m[Kwriter_->write("K_values",measure_time_now,k_vals)[m[K;
[5.062s]       |             [01;31m[K~~~~~~~~~~~~~~^~~~~~~~~~~~~~~~~~~~~~~~~~~~~~~~~~~~[m[K
[5.062s] In file included from [01m[K/home/uwr/Desktop/2024_UWR/src/kalman_filter/src/kf_v3_node.cpp:47[m[K:
[5.062s] [01m[K/opt/ros/humble/include/rosbag2_cpp/rosbag2_cpp/writer.hpp:191:8:[m[K [01;36m[Knote: [m[Kcandidate: â€˜[01m[Ktemplate<class MessageT> void rosbag2_cpp::Writer::write(const MessageT&, const string&, const rclcpp::Time&)[m[Kâ€™
[5.062s]   191 |   void [01;36m[Kwrite[m[K(
[5.062s]       |        [01;36m[K^~~~~[m[K
[5.062s] [01m[K/opt/ros/humble/include/rosbag2_cpp/rosbag2_cpp/writer.hpp:191:8:[m[K [01;36m[Knote: [m[K  template argument deduction/substitution failed:
[5.062s] [01m[K/home/uwr/Desktop/2024_UWR/src/kalman_filter/src/kf_v3_node.cpp:377:39:[m[K [01;36m[Knote: [m[K  cannot convert â€˜[01m[K((kf_node*)this)->kf_node::measure_time_now[m[Kâ€™ (type â€˜[01m[Krclcpp::Time[m[Kâ€™) to type â€˜[01m[Kconst string&[m[Kâ€™ {aka â€˜[01m[Kconst std::__cxx11::basic_string<char>&[m[Kâ€™}
[5.062s]   377 |             writer_->write("K_values",[01;36m[Kmeasure_time_now[m[K,k_vals);
[5.062s]       |                                       [01;36m[K^~~~~~~~~~~~~~~~[m[K
[5.062s] In file included from [01m[K/home/uwr/Desktop/2024_UWR/src/kalman_filter/src/kf_v3_node.cpp:47[m[K:
[5.062s] [01m[K/opt/ros/humble/include/rosbag2_cpp/rosbag2_cpp/writer.hpp:122:8:[m[K [01;36m[Knote: [m[Kcandidate: â€˜[01m[Kvoid rosbag2_cpp::Writer::write(std::shared_ptr<rosbag2_storage::SerializedBagMessage>)[m[Kâ€™
[5.062s]   122 |   void [01;36m[Kwrite[m[K(std::shared_ptr<rosbag2_storage::SerializedBagMessage> message);
[5.062s]       |        [01;36m[K^~~~~[m[K
[5.062s] [01m[K/opt/ros/humble/include/rosbag2_cpp/rosbag2_cpp/writer.hpp:122:8:[m[K [01;36m[Knote: [m[K  candidate expects 1 argument, 3 provided
[5.062s] [01m[K/opt/ros/humble/include/rosbag2_cpp/rosbag2_cpp/writer.hpp:134:8:[m[K [01;36m[Knote: [m[Kcandidate: â€˜[01m[Kvoid rosbag2_cpp::Writer::write(std::shared_ptr<rosbag2_storage::SerializedBagMessage>, const string&, const string&, const string&)[m[Kâ€™
[5.062s]   134 |   void [01;36m[Kwrite[m[K(
[5.062s]       |        [01;36m[K^~~~~[m[K
[5.063s] [01m[K/opt/ros/humble/include/rosbag2_cpp/rosbag2_cpp/writer.hpp:135:60:[m[K [01;36m[Knote: [m[K  no known conversion for argument 1 from â€˜[01m[Kconst char [9][m[Kâ€™ to â€˜[01m[Kstd::shared_ptr<rosbag2_storage::SerializedBagMessage>[m[Kâ€™
[5.063s]   135 |     [01;36m[Kstd::shared_ptr<rosbag2_storage::SerializedBagMessage> message[m[K,
[5.063s]       |     [01;36m[K~~~~~~~~~~~~~~~~~~~~~~~~~~~~~~~~~~~~~~~~~~~~~~~~~~~~~~~^~~~~~~[m[K
[5.063s] [01m[K/opt/ros/humble/include/rosbag2_cpp/rosbag2_cpp/writer.hpp:156:8:[m[K [01;36m[Knote: [m[Kcandidate: â€˜[01m[Kvoid rosbag2_cpp::Writer::write(const rclcpp::SerializedMessage&, const string&, const string&, const rclcpp::Time&)[m[Kâ€™
[5.063s]   156 |   void [01;36m[Kwrite[m[K(
[5.063s]       |        [01;36m[K^~~~~[m[K
[5.063s] [01m[K/opt/ros/humble/include/rosbag2_cpp/rosbag2_cpp/writer.hpp:156:8:[m[K [01;36m[Knote: [m[K  candidate expects 4 arguments, 3 provided
[5.063s] [01m[K/opt/ros/humble/include/rosbag2_cpp/rosbag2_cpp/writer.hpp:174:8:[m[K [01;36m[Knote: [m[Kcandidate: â€˜[01m[Kvoid rosbag2_cpp::Writer::write(std::shared_ptr<rclcpp::SerializedMessage>, const string&, const string&, const rclcpp::Time&)[m[Kâ€™
[5.063s]   174 |   void [01;36m[Kwrite[m[K(
[5.063s]       |        [01;36m[K^~~~~[m[K
[5.063s] [01m[K/opt/ros/humble/include/rosbag2_cpp/rosbag2_cpp/writer.hpp:174:8:[m[K [01;36m[Knote: [m[K  candidate expects 4 arguments, 3 provided
[8.586s] gmake[2]: *** [CMakeFiles/kf.dir/build.make:76: CMakeFiles/kf.dir/src/kf_v3_node.cpp.o] Error 1
[8.586s] gmake[1]: *** [CMakeFiles/Makefile2:137: CMakeFiles/kf.dir/all] Error 2
[8.586s] gmake: *** [Makefile:146: all] Error 2
[8.588s] Invoked command in '/home/uwr/Desktop/2024_UWR/build/kalman_filter' returned '2': AMENT_PREFIX_PATH=/home/uwr/Desktop/2024_UWR/install/sonar_msgs:${AMENT_PREFIX_PATH} CMAKE_PREFIX_PATH=/home/uwr/Desktop/2024_UWR/install/sonar_msgs:/opt/ros/humble LD_LIBRARY_PATH=/home/uwr/Desktop/2024_UWR/install/sonar_msgs/lib:${LD_LIBRARY_PATH} PYTHONPATH=/home/uwr/Desktop/2024_UWR/install/sonar_msgs/local/lib/python3.10/dist-packages:${PYTHONPATH} /usr/bin/cmake --build /home/uwr/Desktop/2024_UWR/build/kalman_filter -- -j8 -l8
