[0.011s] Invoking command in '/home/saab/Desktop/2024_UWR/build/xsens_mti_ros2_driver': CMAKE_PREFIX_PATH=${CMAKE_PREFIX_PATH}:/home/saab/Desktop/2024_UWR/install/sonar_subs:/opt/ros/humble /usr/bin/cmake --build /home/saab/Desktop/2024_UWR/build/xsens_mti_ros2_driver -- -j24 -l24
[0.046s] [  2%] Built target xsens_mti_ros2_driver__cpp
[0.047s] [ 10%] Built target xsens_mti_ros2_driver__rosidl_generator_c
[0.052s] [ 10%] Built target ament_cmake_python_symlink_xsens_mti_ros2_driver
[0.061s] [ 18%] Built target xsens_mti_ros2_driver__rosidl_typesupport_introspection_c
[0.061s] [ 26%] Built target xsens_mti_ros2_driver__rosidl_typesupport_c
[0.061s] [ 34%] Built target xsens_mti_ros2_driver__rosidl_typesupport_fastrtps_cpp
[0.062s] [ 42%] Built target xsens_mti_ros2_driver__rosidl_typesupport_introspection_cpp
[0.062s] [ 50%] Built target xsens_mti_ros2_driver__rosidl_typesupport_cpp
[0.065s] [ 57%] Built target xsens_mti_ros2_driver__rosidl_typesupport_fastrtps_c
[0.077s] [ 57%] Built target xsens_mti_ros2_driver
[0.089s] [ 60%] Built target xsens_mti_ros2_driver__py
[0.097s] [ 78%] Built target xsens_mti_node
[0.102s] [ 84%] Built target xsens_mti_ros2_driver__rosidl_generator_py
[0.110s] Traceback (most recent call last):
[0.110s]   File "/home/saab/Desktop/2024_UWR/build/xsens_mti_ros2_driver/ament_cmake_python/xsens_mti_ros2_driver/setup.py", line 1, in <module>
[0.110s]     from setuptools import find_packages
[0.110s]   File "/usr/lib/python3/dist-packages/setuptools/__init__.py", line 8, in <module>
[0.110s]     import _distutils_hack.override  # noqa: F401
[0.110s] ModuleNotFoundError: No module named '_distutils_hack'
[0.115s] [ 92%] Built target xsens_mti_ros2_driver__rosidl_typesupport_fastrtps_c__pyext
[0.116s] [ 94%] Built target xsens_mti_ros2_driver__rosidl_typesupport_introspection_c__pyext
[0.116s] [100%] Built target xsens_mti_ros2_driver__rosidl_typesupport_c__pyext
[0.117s] gmake[2]: *** [CMakeFiles/ament_cmake_python_build_xsens_mti_ros2_driver_egg.dir/build.make:70: CMakeFiles/ament_cmake_python_build_xsens_mti_ros2_driver_egg] Error 1
[0.118s] gmake[1]: *** [CMakeFiles/Makefile2:449: CMakeFiles/ament_cmake_python_build_xsens_mti_ros2_driver_egg.dir/all] Error 2
[0.118s] gmake: *** [Makefile:146: all] Error 2
[0.121s] Invoked command in '/home/saab/Desktop/2024_UWR/build/xsens_mti_ros2_driver' returned '2': CMAKE_PREFIX_PATH=${CMAKE_PREFIX_PATH}:/home/saab/Desktop/2024_UWR/install/sonar_subs:/opt/ros/humble /usr/bin/cmake --build /home/saab/Desktop/2024_UWR/build/xsens_mti_ros2_driver -- -j24 -l24
