[0.018s] Invoking command in '/home/uwr/Desktop/2024_UWR/build/kalman_filter': CMAKE_PREFIX_PATH=/home/uwr/Desktop/2024_UWR/install/sonar_msgs:/home/uwr/Desktop/2024_UWR/install/xsens_mti_ros2_driver:/home/uwr/Desktop/2024_UWR/install/kalman_filter:/home/uwr/Desktop/2024_UWR/install/ntrip:/home/uwr/Desktop/2024_UWR/install/adnav-driver:/home/uwr/Desktop/2024_UWR/install/sonar_subs:/opt/ros/humble LD_LIBRARY_PATH=/home/uwr/Desktop/2024_UWR/install/sonar_msgs/lib:/home/uwr/Desktop/2024_UWR/install/xsens_mti_ros2_driver/lib:/opt/ros/humble/opt/rviz_ogre_vendor/lib:/opt/ros/humble/lib/x86_64-linux-gnu:/opt/ros/humble/lib /usr/bin/cmake --build /home/uwr/Desktop/2024_UWR/build/kalman_filter -- -j8 -l8
[0.070s] [35m[1mConsolidate compiler generated dependencies of target kf_3dof[0m
[0.103s] [ 33%] Built target kf
[0.107s] [ 66%] Built target kf_v4
[0.113s] [ 73%] [32mBuilding CXX object CMakeFiles/kf_3dof.dir/src/kf_3dof.cpp.o[0m
[0.114s] [ 80%] [32mBuilding CXX object CMakeFiles/kf_3dof.dir/src/kf_3dof_node.cpp.o[0m
[4.319s] [01m[K/home/uwr/Desktop/2024_UWR/src/kalman_filter/src/kf_3dof.cpp:44:1:[m[K [01;31m[Kerror: [m[Kredefinition of â€˜[01m[KKalmanFilter_3dof::KalmanFilter_3dof()[m[Kâ€™
[4.319s]    44 | [01;31m[KKalmanFilter_3dof[m[K::KalmanFilter_3dof(): moving_avg_surge(sample_size),moving_avg_sway(sample_size),moving_avg_heave(sample_size),moving_avg_vel(10),moving_avg_time(10)
[4.319s]       | [01;31m[K^~~~~~~~~~~~~~~~~[m[K
[4.319s] [01m[K/home/uwr/Desktop/2024_UWR/src/kalman_filter/src/kf_3dof.cpp:3:1:[m[K [01;36m[Knote: [m[Kâ€˜[01m[KKalmanFilter_3dof::KalmanFilter_3dof()[m[Kâ€™ previously defined here
[4.319s]     3 | [01;36m[KKalmanFilter_3dof[m[K::KalmanFilter_3dof(): moving_avg_surge(10),moving_avg_sway(10),moving_avg_heave(10),moving_avg_vel(10),moving_avg_time(10)
[4.319s]       | [01;36m[K^~~~~~~~~~~~~~~~~[m[K
[4.332s] In file included from [01m[K/usr/include/eigen3/Eigen/Core:276[m[K,
[4.333s]                  from [01m[K/usr/include/eigen3/Eigen/Dense:1[m[K,
[4.333s]                  from [01m[K/home/uwr/Desktop/2024_UWR/src/kalman_filter/src/../include/kalman_filter.h:4[m[K,
[4.333s]                  from [01m[K/home/uwr/Desktop/2024_UWR/src/kalman_filter/src/kf_3dof.cpp:1[m[K:
[4.333s] /usr/include/eigen3/Eigen/src/Core/Product.h: In instantiation of â€˜[01m[Kstruct Eigen::internal::traits<Eigen::Product<Eigen::Matrix<double, 6, 3>, Eigen::Matrix<float, 3, 1>, 0> >[m[Kâ€™:
[4.333s] [01m[K/usr/include/eigen3/Eigen/src/Core/Product.h:120:7:[m[K   required from â€˜[01m[Kclass Eigen::internal::dense_product_base<Eigen::Matrix<double, 6, 3>, Eigen::Matrix<float, 3, 1>, 0, 3>[m[Kâ€™
[4.333s] [01m[K/usr/include/eigen3/Eigen/src/Core/Product.h:152:7:[m[K   required from â€˜[01m[Kclass Eigen::ProductImpl<Eigen::Matrix<double, 6, 3>, Eigen::Matrix<float, 3, 1>, 0, Eigen::Dense>[m[Kâ€™
[4.334s] [01m[K/usr/include/eigen3/Eigen/src/Core/Product.h:71:7:[m[K   required from â€˜[01m[Kclass Eigen::Product<Eigen::Matrix<double, 6, 3>, Eigen::Matrix<float, 3, 1>, 0>[m[Kâ€™
[4.334s] [01m[K/home/uwr/Desktop/2024_UWR/src/kalman_filter/src/kf_3dof.cpp:111:17:[m[K   required from here
[4.334s] [01m[K/usr/include/eigen3/Eigen/src/Core/Product.h:29:127:[m[K [01;31m[Kerror: [m[Kno type named â€˜[01m[KReturnType[m[Kâ€™ in â€˜[01m[Kstruct Eigen::ScalarBinaryOpTraits<double, float, Eigen::internal::scalar_product_op<double, float> >[m[Kâ€™
[4.334s]    29 |   typedef typename ScalarBinaryOpTraits<typename traits<LhsCleaned>::Scalar, typename traits<RhsCleaned>::Scalar>::ReturnType [01;31m[KScalar[m[K;
[4.334s]       |                                                                                                                               [01;31m[K^~~~~~[m[K
[4.334s] In file included from [01m[K/usr/include/eigen3/Eigen/Core:272[m[K,
[4.334s]                  from [01m[K/usr/include/eigen3/Eigen/Dense:1[m[K,
[4.334s]                  from [01m[K/home/uwr/Desktop/2024_UWR/src/kalman_filter/src/../include/kalman_filter.h:4[m[K,
[4.334s]                  from [01m[K/home/uwr/Desktop/2024_UWR/src/kalman_filter/src/kf_3dof.cpp:1[m[K:
[4.335s] /usr/include/eigen3/Eigen/src/Core/DenseBase.h: In instantiation of â€˜[01m[Kclass Eigen::DenseBase<Eigen::Product<Eigen::Matrix<double, 6, 3>, Eigen::Matrix<float, 3, 1>, 0> >[m[Kâ€™:
[4.335s] [01m[K/usr/include/eigen3/Eigen/src/Core/MatrixBase.h:48:34:[m[K   required from â€˜[01m[Kclass Eigen::MatrixBase<Eigen::Product<Eigen::Matrix<double, 6, 3>, Eigen::Matrix<float, 3, 1>, 0> >[m[Kâ€™
[4.335s] [01m[K/usr/include/eigen3/Eigen/src/Core/Product.h:120:7:[m[K   required from â€˜[01m[Kclass Eigen::internal::dense_product_base<Eigen::Matrix<double, 6, 3>, Eigen::Matrix<float, 3, 1>, 0, 3>[m[Kâ€™
[4.335s] [01m[K/usr/include/eigen3/Eigen/src/Core/Product.h:152:7:[m[K   required from â€˜[01m[Kclass Eigen::ProductImpl<Eigen::Matrix<double, 6, 3>, Eigen::Matrix<float, 3, 1>, 0, Eigen::Dense>[m[Kâ€™
[4.335s] [01m[K/usr/include/eigen3/Eigen/src/Core/Product.h:71:7:[m[K   required from â€˜[01m[Kclass Eigen::Product<Eigen::Matrix<double, 6, 3>, Eigen::Matrix<float, 3, 1>, 0>[m[Kâ€™
[4.335s] [01m[K/home/uwr/Desktop/2024_UWR/src/kalman_filter/src/kf_3dof.cpp:111:17:[m[K   required from here
[4.335s] [01m[K/usr/include/eigen3/Eigen/src/Core/DenseBase.h:83:17:[m[K [01;31m[Kerror: [m[Kâ€˜[01m[Kcoeff[m[Kâ€™ has not been declared in â€˜[01m[KEigen::DenseBase<Eigen::Product<Eigen::Matrix<double, 6, 3>, Eigen::Matrix<float, 3, 1>, 0> >::Base[m[Kâ€™
[4.335s]    83 |     using Base::[01;31m[Kcoeff[m[K;
[4.335s]       |                 [01;31m[K^~~~~[m[K
[4.336s] [01m[K/usr/include/eigen3/Eigen/src/Core/DenseBase.h:84:17:[m[K [01;31m[Kerror: [m[Kâ€˜[01m[KcoeffByOuterInner[m[Kâ€™ has not been declared in â€˜[01m[KEigen::DenseBase<Eigen::Product<Eigen::Matrix<double, 6, 3>, Eigen::Matrix<float, 3, 1>, 0> >::Base[m[Kâ€™
[4.336s]    84 |     using Base::[01;31m[KcoeffByOuterInner[m[K;
[4.336s]       |                 [01;31m[K^~~~~~~~~~~~~~~~~[m[K
[4.336s] [01m[K/usr/include/eigen3/Eigen/src/Core/DenseBase.h:85:26:[m[K [01;31m[Kerror: [m[Kâ€˜[01m[Koperator()[m[Kâ€™ has not been declared in â€˜[01m[KEigen::DenseBase<Eigen::Product<Eigen::Matrix<double, 6, 3>, Eigen::Matrix<float, 3, 1>, 0> >::Base[m[Kâ€™
[4.336s]    85 |     using Base::operator([01;31m[K)[m[K;
[4.336s]       |                          [01;31m[K^[m[K
[4.336s] [01m[K/usr/include/eigen3/Eigen/src/Core/DenseBase.h:86:26:[m[K [01;31m[Kerror: [m[Kâ€˜[01m[Koperator[][m[Kâ€™ has not been declared in â€˜[01m[KEigen::DenseBase<Eigen::Product<Eigen::Matrix<double, 6, 3>, Eigen::Matrix<float, 3, 1>, 0> >::Base[m[Kâ€™
[4.336s]    86 |     using Base::operator[[01;31m[K][m[K;
[4.336s]       |                          [01;31m[K^[m[K
[4.337s] [01m[K/usr/include/eigen3/Eigen/src/Core/DenseBase.h:87:17:[m[K [01;31m[Kerror: [m[Kâ€˜[01m[Kx[m[Kâ€™ has not been declared in â€˜[01m[KEigen::DenseBase<Eigen::Product<Eigen::Matrix<double, 6, 3>, Eigen::Matrix<float, 3, 1>, 0> >::Base[m[Kâ€™
[4.337s]    87 |     using Base::[01;31m[Kx[m[K;
[4.337s]       |                 [01;31m[K^[m[K
[4.337s] [01m[K/usr/include/eigen3/Eigen/src/Core/DenseBase.h:88:17:[m[K [01;31m[Kerror: [m[Kâ€˜[01m[Ky[m[Kâ€™ has not been declared in â€˜[01m[KEigen::DenseBase<Eigen::Product<Eigen::Matrix<double, 6, 3>, Eigen::Matrix<float, 3, 1>, 0> >::Base[m[Kâ€™
[4.337s]    88 |     using Base::[01;31m[Ky[m[K;
[4.337s]       |                 [01;31m[K^[m[K
[4.337s] [01m[K/usr/include/eigen3/Eigen/src/Core/DenseBase.h:89:17:[m[K [01;31m[Kerror: [m[Kâ€˜[01m[Kz[m[Kâ€™ has not been declared in â€˜[01m[KEigen::DenseBase<Eigen::Product<Eigen::Matrix<double, 6, 3>, Eigen::Matrix<float, 3, 1>, 0> >::Base[m[Kâ€™
[4.338s]    89 |     using Base::[01;31m[Kz[m[K;
[4.338s]       |                 [01;31m[K^[m[K
[4.338s] [01m[K/usr/include/eigen3/Eigen/src/Core/DenseBase.h:90:17:[m[K [01;31m[Kerror: [m[Kâ€˜[01m[Kw[m[Kâ€™ has not been declared in â€˜[01m[KEigen::DenseBase<Eigen::Product<Eigen::Matrix<double, 6, 3>, Eigen::Matrix<float, 3, 1>, 0> >::Base[m[Kâ€™
[4.338s]    90 |     using Base::[01;31m[Kw[m[K;
[4.338s]       |                 [01;31m[K^[m[K
[4.338s] In file included from [01m[K/usr/include/eigen3/Eigen/Core:273[m[K,
[4.338s]                  from [01m[K/usr/include/eigen3/Eigen/Dense:1[m[K,
[4.338s]                  from [01m[K/home/uwr/Desktop/2024_UWR/src/kalman_filter/src/../include/kalman_filter.h:4[m[K,
[4.338s]                  from [01m[K/home/uwr/Desktop/2024_UWR/src/kalman_filter/src/kf_3dof.cpp:1[m[K:
[4.339s] /usr/include/eigen3/Eigen/src/Core/MatrixBase.h: In instantiation of â€˜[01m[Kclass Eigen::MatrixBase<Eigen::Product<Eigen::Matrix<double, 6, 3>, Eigen::Matrix<float, 3, 1>, 0> >[m[Kâ€™:
[4.339s] [01m[K/usr/include/eigen3/Eigen/src/Core/Product.h:120:7:[m[K   required from â€˜[01m[Kclass Eigen::internal::dense_product_base<Eigen::Matrix<double, 6, 3>, Eigen::Matrix<float, 3, 1>, 0, 3>[m[Kâ€™
[4.339s] [01m[K/usr/include/eigen3/Eigen/src/Core/Product.h:152:7:[m[K   required from â€˜[01m[Kclass Eigen::ProductImpl<Eigen::Matrix<double, 6, 3>, Eigen::Matrix<float, 3, 1>, 0, Eigen::Dense>[m[Kâ€™
[4.339s] [01m[K/usr/include/eigen3/Eigen/src/Core/Product.h:71:7:[m[K   required from â€˜[01m[Kclass Eigen::Product<Eigen::Matrix<double, 6, 3>, Eigen::Matrix<float, 3, 1>, 0>[m[Kâ€™
[4.339s] [01m[K/home/uwr/Desktop/2024_UWR/src/kalman_filter/src/kf_3dof.cpp:111:17:[m[K   required from here
[4.339s] [01m[K/usr/include/eigen3/Eigen/src/Core/MatrixBase.h:75:17:[m[K [01;31m[Kerror: [m[Kâ€˜[01m[Kcoeff[m[Kâ€™ has not been declared in â€˜[01m[KEigen::MatrixBase<Eigen::Product<Eigen::Matrix<double, 6, 3>, Eigen::Matrix<float, 3, 1>, 0> >::Base[m[Kâ€™
[4.339s]    75 |     using Base::[01;31m[Kcoeff[m[K;
[4.339s]       |                 [01;31m[K^~~~~[m[K
[4.339s] [01m[K/usr/include/eigen3/Eigen/src/Core/MatrixBase.h:78:17:[m[K [01;31m[Kerror: [m[Kâ€˜[01m[Keval[m[Kâ€™ has not been declared in â€˜[01m[KEigen::MatrixBase<Eigen::Product<Eigen::Matrix<double, 6, 3>, Eigen::Matrix<float, 3, 1>, 0> >::Base[m[Kâ€™
[4.340s]    78 |     using Base::[01;31m[Keval[m[K;
[4.340s]       |                 [01;31m[K^~~~[m[K
[4.340s] [01m[K/usr/include/eigen3/Eigen/src/Core/MatrixBase.h:79:25:[m[K [01;31m[Kerror: [m[Kâ€˜[01m[Koperator-[m[Kâ€™ has not been declared in â€˜[01m[KEigen::MatrixBase<Eigen::Product<Eigen::Matrix<double, 6, 3>, Eigen::Matrix<float, 3, 1>, 0> >::Base[m[Kâ€™
[4.340s]    79 |     using Base::operator[01;31m[K-[m[K;
[4.340s]       |                         [01;31m[K^[m[K
[4.340s] [01m[K/usr/include/eigen3/Eigen/src/Core/MatrixBase.h:82:25:[m[K [01;31m[Kerror: [m[Kâ€˜[01m[Koperator*=[m[Kâ€™ has not been declared in â€˜[01m[KEigen::MatrixBase<Eigen::Product<Eigen::Matrix<double, 6, 3>, Eigen::Matrix<float, 3, 1>, 0> >::Base[m[Kâ€™
[4.340s]    82 |     using Base::operator[01;31m[K*=[m[K;
[4.340s]       |                         [01;31m[K^~[m[K
[4.341s] [01m[K/usr/include/eigen3/Eigen/src/Core/MatrixBase.h:83:25:[m[K [01;31m[Kerror: [m[Kâ€˜[01m[Koperator/=[m[Kâ€™ has not been declared in â€˜[01m[KEigen::MatrixBase<Eigen::Product<Eigen::Matrix<double, 6, 3>, Eigen::Matrix<float, 3, 1>, 0> >::Base[m[Kâ€™
[4.341s]    83 |     using Base::operator[01;31m[K/=[m[K;
[4.341s]       |                         [01;31m[K^~[m[K
[4.341s] [01m[K/home/uwr/Desktop/2024_UWR/src/kalman_filter/src/kf_3dof.cpp:[m[K In member function â€˜[01m[KEigen::Matrix<double, 6, 1> KalmanFilter_3dof::prediction(const float&)[m[Kâ€™:
[4.341s] [01m[K/home/uwr/Desktop/2024_UWR/src/kalman_filter/src/kf_3dof.cpp:111:13:[m[K [01;31m[Kerror: [m[Kno match for â€˜[01m[Koperator+[m[Kâ€™ (operand types are â€˜[01m[Kconst Eigen::Product<Eigen::Matrix<double, 6, 6>, Eigen::Matrix<double, 6, 1>, 0>[m[Kâ€™ and â€˜[01m[Kconst Eigen::Product<Eigen::Matrix<double, 6, 3>, Eigen::Matrix<float, 3, 1>, 0>[m[Kâ€™)
[4.341s]   111 |     x = [32m[KF*x[m[K [01;31m[K+[m[K [34m[KB*accel[m[K;
[4.341s]       |         [32m[K~~~[m[K [01;31m[K^[m[K [34m[K~~~~~~~[m[K
[4.341s]       |          [32m[K|[m[K     [34m[K|[m[K
[4.342s]       |          [32m[K|[m[K     [34m[KProduct<Matrix<[...],[...],3>,Matrix<float,3,[...]>,[...]>[m[K
[4.342s]       |          [32m[KProduct<Matrix<[...],[...],6>,Matrix<double,6,[...]>,[...]>[m[K
[4.342s] In file included from [01m[K/usr/include/eigen3/Eigen/Core:19[m[K,
[4.342s]                  from [01m[K/usr/include/eigen3/Eigen/Dense:1[m[K,
[4.342s]                  from [01m[K/home/uwr/Desktop/2024_UWR/src/kalman_filter/src/../include/kalman_filter.h:4[m[K,
[4.342s]                  from [01m[K/home/uwr/Desktop/2024_UWR/src/kalman_filter/src/kf_3dof.cpp:1[m[K:
[4.342s] [01m[K/usr/include/eigen3/Eigen/src/plugins/CommonCwiseBinaryOps.h:27:1:[m[K [01;36m[Knote: [m[Kcandidate: â€˜[01m[Ktemplate<class OtherDerived> const Eigen::CwiseBinaryOp<Eigen::internal::scalar_sum_op<typename Eigen::internal::traits<T>::Scalar, typename Eigen::internal::traits<OtherDerived>::Scalar>, const Derived, const OtherDerived> Eigen::MatrixBase<Derived>::operator+(const Eigen::MatrixBase<OtherDerived>&) const [with OtherDerived = OtherDerived; Derived = Eigen::Product<Eigen::Matrix<double, 6, 6>, Eigen::Matrix<double, 6, 1>, 0>][m[Kâ€™
[4.342s]    27 | [01;36m[KEIGEN_MAKE_CWISE_BINARY_OP[m[K(operator+,sum)
[4.342s]       | [01;36m[K^~~~~~~~~~~~~~~~~~~~~~~~~~[m[K
[4.343s] [01m[K/usr/include/eigen3/Eigen/src/plugins/CommonCwiseBinaryOps.h:27:1:[m[K [01;36m[Knote: [m[K  template argument deduction/substitution failed:
[6.735s] gmake[2]: *** [CMakeFiles/kf_3dof.dir/build.make:90: CMakeFiles/kf_3dof.dir/src/kf_3dof.cpp.o] Error 1
[6.735s] gmake[2]: *** Waiting for unfinished jobs....
[7.350s] [01m[K/home/uwr/Desktop/2024_UWR/src/kalman_filter/src/kf_3dof_node.cpp:[m[K In member function â€˜[01m[Kvoid kf_node::sonar_callback2(const ThreeSonarDepth&)[m[Kâ€™:
[7.350s] [01m[K/home/uwr/Desktop/2024_UWR/src/kalman_filter/src/kf_3dof_node.cpp:134:65:[m[K [01;35m[Kwarning: [m[Kunused parameter â€˜[01m[Kmsg[m[Kâ€™ [[01;35m[K]8;;https://gcc.gnu.org/onlinedocs/gcc/Warning-Options.html#index-Wunused-parameter-Wunused-parameter]8;;[m[K]
[7.350s]   134 |    void sonar_callback2([01;35m[Kconst sonar_msgs::msg::ThreeSonarDepth& msg[m[K)
[7.350s]       |                         [01;35m[K~~~~~~~~~~~~~~~~~~~~~~~~~~~~~~~~~~~~~~~~^~~[m[K
[7.377s] In file included from [01m[K/opt/ros/humble/include/rclcpp/rclcpp/logging.hpp:24[m[K,
[7.377s]                  from [01m[K/opt/ros/humble/include/rclcpp/rclcpp/client.hpp:40[m[K,
[7.377s]                  from [01m[K/opt/ros/humble/include/rclcpp/rclcpp/callback_group.hpp:24[m[K,
[7.377s]                  from [01m[K/opt/ros/humble/include/rclcpp/rclcpp/any_executable.hpp:20[m[K,
[7.377s]                  from [01m[K/opt/ros/humble/include/rclcpp/rclcpp/memory_strategy.hpp:25[m[K,
[7.378s]                  from [01m[K/opt/ros/humble/include/rclcpp/rclcpp/memory_strategies.hpp:18[m[K,
[7.378s]                  from [01m[K/opt/ros/humble/include/rclcpp/rclcpp/executor_options.hpp:20[m[K,
[7.378s]                  from [01m[K/opt/ros/humble/include/rclcpp/rclcpp/executor.hpp:37[m[K,
[7.378s]                  from [01m[K/opt/ros/humble/include/rclcpp/rclcpp/executors/multi_threaded_executor.hpp:25[m[K,
[7.378s]                  from [01m[K/opt/ros/humble/include/rclcpp/rclcpp/executors.hpp:21[m[K,
[7.378s]                  from [01m[K/opt/ros/humble/include/rclcpp/rclcpp/rclcpp.hpp:155[m[K,
[7.378s]                  from [01m[K/home/uwr/Desktop/2024_UWR/src/kalman_filter/src/kf_3dof_node.cpp:1[m[K:
[7.378s] [01m[K/home/uwr/Desktop/2024_UWR/src/kalman_filter/src/kf_3dof_node.cpp:[m[K In member function â€˜[01m[Kvoid kf_node::sonar_callback(const ThreeSonarDepth&)[m[Kâ€™:
[7.378s] [01m[K/home/uwr/Desktop/2024_UWR/src/kalman_filter/src/kf_3dof_node.cpp:360:50:[m[K [01;31m[Kerror: [m[Kâ€˜[01m[Ksway[m[Kâ€™ was not declared in this scope; did you mean â€˜[01m[Kswab[m[Kâ€™?
[7.378s]   360 |             RCLCPP_INFO(this->get_logger(), "%f",[01;31m[Ksway[m[K.get_state()(0));
[7.378s]       |                                                  [01;31m[K^~~~[m[K
[11.634s] gmake[2]: *** [CMakeFiles/kf_3dof.dir/build.make:76: CMakeFiles/kf_3dof.dir/src/kf_3dof_node.cpp.o] Error 1
[11.635s] gmake[1]: *** [CMakeFiles/Makefile2:193: CMakeFiles/kf_3dof.dir/all] Error 2
[11.635s] gmake: *** [Makefile:146: all] Error 2
[11.648s] Invoked command in '/home/uwr/Desktop/2024_UWR/build/kalman_filter' returned '2': CMAKE_PREFIX_PATH=/home/uwr/Desktop/2024_UWR/install/sonar_msgs:/home/uwr/Desktop/2024_UWR/install/xsens_mti_ros2_driver:/home/uwr/Desktop/2024_UWR/install/kalman_filter:/home/uwr/Desktop/2024_UWR/install/ntrip:/home/uwr/Desktop/2024_UWR/install/adnav-driver:/home/uwr/Desktop/2024_UWR/install/sonar_subs:/opt/ros/humble LD_LIBRARY_PATH=/home/uwr/Desktop/2024_UWR/install/sonar_msgs/lib:/home/uwr/Desktop/2024_UWR/install/xsens_mti_ros2_driver/lib:/opt/ros/humble/opt/rviz_ogre_vendor/lib:/opt/ros/humble/lib/x86_64-linux-gnu:/opt/ros/humble/lib /usr/bin/cmake --build /home/uwr/Desktop/2024_UWR/build/kalman_filter -- -j8 -l8
