[35m[1mConsolidate compiler generated dependencies of target gd_conf[0m
[  5%] [32mBuilding CXX object CMakeFiles/gd_conf.dir/src/grad_descent_confidence.cpp.o[0m
[ 35%] Built target kf
[ 64%] Built target kf_3dof
[ 94%] Built target kf_v4
[01m[K/home/saab/Desktop/2024_UWR/src/kalman_filter/src/grad_descent_confidence.cpp:12:38:[m[K [01;31m[Kerror: [m[Kâ€˜[01m[KFloat32[m[Kâ€™ is not a member of â€˜[01m[Kstd_msgs::msg[m[Kâ€™; did you mean â€˜[01m[KFloat64[m[Kâ€™?
   12 |     rclcpp::Publisher<std_msgs::msg::[01;31m[KFloat32[m[K>::SharedPtr publisher_;
      |                                      [01;31m[K^~~~~~~[m[K
      |                                      [32m[KFloat64[m[K
[01m[K/home/saab/Desktop/2024_UWR/src/kalman_filter/src/grad_descent_confidence.cpp:12:45:[m[K [01;31m[Kerror: [m[Ktemplate argument 1 is invalid
   12 |     rclcpp::Publisher<std_msgs::msg::Float32[01;31m[K>[m[K::SharedPtr publisher_;
      |                                             [01;31m[K^[m[K
[01m[K/home/saab/Desktop/2024_UWR/src/kalman_filter/src/grad_descent_confidence.cpp:12:48:[m[K [01;31m[Kerror: [m[Kexpected â€˜[01m[K;[m[Kâ€™ at end of member declaration
   12 |     rclcpp::Publisher<std_msgs::msg::Float32>::[01;31m[KSharedPtr[m[K publisher_;
      |                                                [01;31m[K^~~~~~~~~[m[K
      |                                                         [32m[K;[m[K
[01m[K/home/saab/Desktop/2024_UWR/src/kalman_filter/src/grad_descent_confidence.cpp:12:58:[m[K [01;31m[Kerror: [m[Kâ€˜[01m[Kpublisher_[m[Kâ€™ does not name a type; did you mean â€˜[01m[Krmw_publisher_t[m[Kâ€™?
   12 |     rclcpp::Publisher<std_msgs::msg::Float32>::SharedPtr [01;31m[Kpublisher_[m[K;
      |                                                          [01;31m[K^~~~~~~~~~[m[K
      |                                                          [32m[Krmw_publisher_t[m[K
[01m[K/home/saab/Desktop/2024_UWR/src/kalman_filter/src/grad_descent_confidence.cpp:[m[K In member function â€˜[01m[Kdouble SonarConfidenceNode::calculateConfidence(double)[m[Kâ€™:
[01m[K/home/saab/Desktop/2024_UWR/src/kalman_filter/src/grad_descent_confidence.cpp:52:36:[m[K [01;35m[Kwarning: [m[Kcomparison of integer expressions of different signedness: â€˜[01m[Kstd::vector<double, std::allocator<double> >::size_type[m[Kâ€™ {aka â€˜[01m[Klong unsigned int[m[Kâ€™} and â€˜[01m[Kint[m[Kâ€™ [[01;35m[K]8;;https://gcc.gnu.org/onlinedocs/gcc/Warning-Options.html#index-Wsign-compare-Wsign-compare]8;;[m[K]
   52 |         if ([01;35m[KrecentReadings_.size() >= windowSize_[m[K) {
      |             [01;35m[K~~~~~~~~~~~~~~~~~~~~~~~^~~~~~~~~~~~~~[m[K
[01m[K/home/saab/Desktop/2024_UWR/src/kalman_filter/src/grad_descent_confidence.cpp:[m[K In lambda function:
[01m[K/home/saab/Desktop/2024_UWR/src/kalman_filter/src/grad_descent_confidence.cpp:89:54:[m[K [01;31m[Kerror: [m[Kâ€˜[01m[KFloat32[m[Kâ€™ is not a member of â€˜[01m[Kstd_msgs::msg[m[Kâ€™; did you mean â€˜[01m[KFloat64[m[Kâ€™?
   89 |                 auto confidence_msg = std_msgs::msg::[01;31m[KFloat32[m[K();
      |                                                      [01;31m[K^~~~~~~[m[K
      |                                                      [32m[KFloat64[m[K
[01m[K/home/saab/Desktop/2024_UWR/src/kalman_filter/src/grad_descent_confidence.cpp:91:17:[m[K [01;31m[Kerror: [m[Kâ€˜[01m[Kpublisher_[m[Kâ€™ was not declared in this scope; did you mean â€˜[01m[Krmw_publisher_t[m[Kâ€™?
   91 |                 [01;31m[Kpublisher_[m[K->publish(confidence);
      |                 [01;31m[K^~~~~~~~~~[m[K
      |                 [32m[Krmw_publisher_t[m[K
[01m[K/home/saab/Desktop/2024_UWR/src/kalman_filter/src/grad_descent_confidence.cpp:[m[K In constructor â€˜[01m[KSonarConfidenceNode::SonarConfidenceNode()[m[Kâ€™:
[01m[K/home/saab/Desktop/2024_UWR/src/kalman_filter/src/grad_descent_confidence.cpp:103:9:[m[K [01;31m[Kerror: [m[Kâ€˜[01m[Kpublisher_[m[Kâ€™ was not declared in this scope; did you mean â€˜[01m[Krmw_publisher_t[m[Kâ€™?
  103 |         [01;31m[Kpublisher_[m[K = this->create_publisher<std_msgs::msg::float64>("/sonar/confidence", 10);
      |         [01;31m[K^~~~~~~~~~[m[K
      |         [32m[Krmw_publisher_t[m[K
[01m[K/home/saab/Desktop/2024_UWR/src/kalman_filter/src/grad_descent_confidence.cpp:103:60:[m[K [01;31m[Kerror: [m[Kâ€˜[01m[Kfloat64[m[Kâ€™ is not a member of â€˜[01m[Kstd_msgs::msg[m[Kâ€™; did you mean â€˜[01m[KFloat64[m[Kâ€™?
  103 |         publisher_ = this->create_publisher<std_msgs::msg::[01;31m[Kfloat64[m[K>("/sonar/confidence", 10);
      |                                                            [01;31m[K^~~~~~~[m[K
      |                                                            [32m[KFloat64[m[K
[01m[K/home/saab/Desktop/2024_UWR/src/kalman_filter/src/grad_descent_confidence.cpp:103:68:[m[K [01;31m[Kerror: [m[Kno matching function for call to â€˜[01m[KSonarConfidenceNode::create_publisher<<expression error> >(const char [18], int)[m[Kâ€™
  103 |         publisher_ = [01;31m[Kthis->create_publisher<std_msgs::msg::float64>("/sonar/confidence", 10)[m[K;
      |                      [01;31m[K~~~~~~~~~~~~~~~~~~~~~~~~~~~~~~~~~~~~~~~~~~~~~~^~~~~~~~~~~~~~~~~~~~~~~~~[m[K
In file included from [01m[K/opt/ros/humble/include/rclcpp/rclcpp/executors/single_threaded_executor.hpp:28[m[K,
                 from [01m[K/opt/ros/humble/include/rclcpp/rclcpp/executors.hpp:22[m[K,
                 from [01m[K/opt/ros/humble/include/rclcpp/rclcpp/rclcpp.hpp:155[m[K,
                 from [01m[K/home/saab/Desktop/2024_UWR/src/kalman_filter/src/grad_descent_confidence.cpp:1[m[K:
[01m[K/opt/ros/humble/include/rclcpp/rclcpp/node.hpp:195:3:[m[K [01;36m[Knote: [m[Kcandidate: â€˜[01m[Ktemplate<class MessageT, class AllocatorT, class PublisherT> std::shared_ptr<PublisherT> rclcpp::Node::create_publisher(const string&, const rclcpp::QoS&, const rclcpp::PublisherOptionsWithAllocator<AllocatorT>&)[m[Kâ€™
  195 |   [01;36m[Kcreate_publisher[m[K(
      |   [01;36m[K^~~~~~~~~~~~~~~~[m[K
[01m[K/opt/ros/humble/include/rclcpp/rclcpp/node.hpp:195:3:[m[K [01;36m[Knote: [m[K  template argument deduction/substitution failed:
[01m[K/home/saab/Desktop/2024_UWR/src/kalman_filter/src/grad_descent_confidence.cpp:103:68:[m[K [01;31m[Kerror: [m[Ktemplate argument 1 is invalid
  103 |         publisher_ = [01;31m[Kthis->create_publisher<std_msgs::msg::float64>("/sonar/confidence", 10)[m[K;
      |                      [01;31m[K~~~~~~~~~~~~~~~~~~~~~~~~~~~~~~~~~~~~~~~~~~~~~~^~~~~~~~~~~~~~~~~~~~~~~~~[m[K
gmake[2]: *** [CMakeFiles/gd_conf.dir/build.make:76: CMakeFiles/gd_conf.dir/src/grad_descent_confidence.cpp.o] Error 1
gmake[1]: *** [CMakeFiles/Makefile2:221: CMakeFiles/gd_conf.dir/all] Error 2
gmake: *** [Makefile:146: all] Error 2
