[01m[K/home/uwr/Desktop/2024_UWR/src/kalman_filter/src/kf.cpp:[m[K In member function â€˜[01m[KEigen::Vector2f kf_v3::update(Eigen::Matrix2f&)[m[Kâ€™:
[01m[K/home/uwr/Desktop/2024_UWR/src/kalman_filter/src/kf.cpp:81:13:[m[K [01;31m[Kerror: [m[Kâ€˜[01m[Kexternal_H[m[Kâ€™ was not declared in this scope; did you mean â€˜[01m[Kexternal_z[m[Kâ€™?
   81 |     K = P * [01;31m[Kexternal_H[m[K.transpose() * (external_H * P * external_H.transpose() + external_R).inverse();
      |             [01;31m[K^~~~~~~~~~[m[K
      |             [32m[Kexternal_z[m[K
gmake[2]: *** [CMakeFiles/kf.dir/build.make:90: CMakeFiles/kf.dir/src/kf.cpp.o] Error 1
gmake[2]: *** Waiting for unfinished jobs....
gmake[1]: *** [CMakeFiles/Makefile2:137: CMakeFiles/kf.dir/all] Error 2
gmake: *** [Makefile:146: all] Error 2
