[0.021s] Invoking command in '/home/uwr/Desktop/2024_UWR/build/kalman_filter': CMAKE_PREFIX_PATH=/opt/ros/humble /usr/bin/cmake /home/uwr/Desktop/2024_UWR/src/kalman_filter -DCMAKE_INSTALL_PREFIX=/home/uwr/Desktop/2024_UWR/install/kalman_filter
[0.039s] -- Found ament_cmake: 1.3.10 (/opt/ros/humble/share/ament_cmake/cmake)
[0.337s] -- Found ament_lint_auto: 0.12.11 (/opt/ros/humble/share/ament_lint_auto/cmake)
[0.492s] -- Added test 'cppcheck' to perform static code analysis on C / C++ code
[0.493s] -- Configured cppcheck include dirs: $<BUILD_INTERFACE:/home/uwr/Desktop/2024_UWR/src/kalman_filter/include>
[0.493s] -- Configured cppcheck exclude dirs and/or files: 
[0.496s] -- Added test 'lint_cmake' to check CMake code style
[0.497s] -- Added test 'uncrustify' to check C / C++ code style
[0.497s] -- Configured uncrustify additional arguments: 
[0.499s] -- Added test 'xmllint' to check XML markup files
[0.501s] -- Configuring done
[0.511s] -- Generating done
[0.515s] -- Build files have been written to: /home/uwr/Desktop/2024_UWR/build/kalman_filter
[0.537s] Invoked command in '/home/uwr/Desktop/2024_UWR/build/kalman_filter' returned '0': CMAKE_PREFIX_PATH=/opt/ros/humble /usr/bin/cmake /home/uwr/Desktop/2024_UWR/src/kalman_filter -DCMAKE_INSTALL_PREFIX=/home/uwr/Desktop/2024_UWR/install/kalman_filter
[0.538s] Invoking command in '/home/uwr/Desktop/2024_UWR/build/kalman_filter': CMAKE_PREFIX_PATH=/opt/ros/humble /usr/bin/cmake --build /home/uwr/Desktop/2024_UWR/build/kalman_filter -- -j8 -l8
[0.714s] [ 50%] [32mBuilding CXX object CMakeFiles/kf.dir/src/kf.cpp.o[0m
[11.607s] [100%] [32m[1mLinking CXX executable kf[0m
[11.759s] /usr/bin/ld: /usr/lib/gcc/x86_64-linux-gnu/11/../../../x86_64-linux-gnu/Scrt1.o: in function `_start':
[11.760s] (.text+0x1b): undefined reference to `main'
[11.761s] /usr/bin/ld: CMakeFiles/kf.dir/src/kf.cpp.o: in function `kf_v3::kf_v3()':
[11.761s] kf.cpp:(.text+0x4ef): undefined reference to `SonarProcess::SonarProcess(int const&)'
[11.761s] /usr/bin/ld: kf.cpp:(.text+0x519): undefined reference to `SonarProcess::SonarProcess(int const&)'
[11.762s] /usr/bin/ld: kf.cpp:(.text+0x543): undefined reference to `SonarProcess::SonarProcess(int const&)'
[11.762s] /usr/bin/ld: kf.cpp:(.text+0xaaa): undefined reference to `SonarProcess::SonarProcess(int const&)'
[11.762s] /usr/bin/ld: kf.cpp:(.text+0xaf2): undefined reference to `SonarProcess::SonarProcess(int const&)'
[11.762s] /usr/bin/ld: CMakeFiles/kf.dir/src/kf.cpp.o:kf.cpp:(.text+0xb41): more undefined references to `SonarProcess::SonarProcess(int const&)' follow
[11.762s] /usr/bin/ld: CMakeFiles/kf.dir/src/kf.cpp.o: in function `kf_v3::set_dist(double)':
[11.762s] kf.cpp:(.text+0x2181): undefined reference to `SonarProcess::MovingAvg(float const&)'
[11.762s] /usr/bin/ld: CMakeFiles/kf.dir/src/kf.cpp.o: in function `Iir::PoleFilterBase<Iir::Butterworth::AnalogLowPass>::PoleFilterBase()':
[11.763s] kf.cpp:(.text._ZN3Iir14PoleFilterBaseINS_11Butterworth13AnalogLowPassEEC2Ev[_ZN3Iir14PoleFilterBaseINS_11Butterworth13AnalogLowPassEEC5Ev]+0x28): undefined reference to `Iir::Butterworth::AnalogLowPass::AnalogLowPass()'
[11.763s] /usr/bin/ld: CMakeFiles/kf.dir/src/kf.cpp.o: in function `Iir::PoleFilter<Iir::Butterworth::LowPassBase, Iir::DirectFormII, 4, 4>::PoleFilter()':
[11.763s] kf.cpp:(.text._ZN3Iir10PoleFilterINS_11Butterworth11LowPassBaseENS_12DirectFormIIELi4ELi4EEC2Ev[_ZN3Iir10PoleFilterINS_11Butterworth11LowPassBaseENS_12DirectFormIIELi4ELi4EEC5Ev]+0xc1): undefined reference to `Iir::Cascade::setCascadeStorage(Iir::Cascade::Storage const&)'
[11.763s] /usr/bin/ld: CMakeFiles/kf.dir/src/kf.cpp.o: in function `Iir::Butterworth::LowPass<4, Iir::DirectFormII>::setup(double, double)':
[11.763s] kf.cpp:(.text._ZN3Iir11Butterworth7LowPassILi4ENS_12DirectFormIIEE5setupEdd[_ZN3Iir11Butterworth7LowPassILi4ENS_12DirectFormIIEE5setupEdd]+0x3b): undefined reference to `Iir::Butterworth::LowPassBase::setup(int, double)'
[11.778s] collect2: error: ld returned 1 exit status
[11.780s] gmake[2]: *** [CMakeFiles/kf.dir/build.make:97: kf] Error 1
[11.780s] gmake[1]: *** [CMakeFiles/Makefile2:137: CMakeFiles/kf.dir/all] Error 2
[11.780s] gmake: *** [Makefile:146: all] Error 2
[11.784s] Invoked command in '/home/uwr/Desktop/2024_UWR/build/kalman_filter' returned '2': CMAKE_PREFIX_PATH=/opt/ros/humble /usr/bin/cmake --build /home/uwr/Desktop/2024_UWR/build/kalman_filter -- -j8 -l8
