[0.014s] Invoking command in '/home/uwr/Desktop/2024_UWR/build/kalman_filter': AMENT_PREFIX_PATH=/home/uwr/Desktop/2024_UWR/install/sonar_msgs:${AMENT_PREFIX_PATH} CMAKE_PREFIX_PATH=/home/uwr/Desktop/2024_UWR/install/sonar_msgs:/opt/ros/humble LD_LIBRARY_PATH=/home/uwr/Desktop/2024_UWR/install/sonar_msgs/lib:${LD_LIBRARY_PATH} PYTHONPATH=/home/uwr/Desktop/2024_UWR/install/sonar_msgs/local/lib/python3.10/dist-packages:${PYTHONPATH} /usr/bin/cmake --build /home/uwr/Desktop/2024_UWR/build/kalman_filter -- -j8 -l8
[0.036s] -- Found ament_cmake: 1.3.10 (/opt/ros/humble/share/ament_cmake/cmake)
[0.172s] -- Found rclcpp: 16.0.10 (/opt/ros/humble/share/rclcpp/cmake)
[0.202s] -- Found rosidl_generator_c: 3.1.5 (/opt/ros/humble/share/rosidl_generator_c/cmake)
[0.204s] -- Found rosidl_adapter: 3.1.5 (/opt/ros/humble/share/rosidl_adapter/cmake)
[0.210s] -- Found rosidl_generator_cpp: 3.1.5 (/opt/ros/humble/share/rosidl_generator_cpp/cmake)
[0.220s] -- Using all available rosidl_typesupport_c: rosidl_typesupport_fastrtps_c;rosidl_typesupport_introspection_c
[0.233s] -- Using all available rosidl_typesupport_cpp: rosidl_typesupport_fastrtps_cpp;rosidl_typesupport_introspection_cpp
[0.268s] -- Found rmw_implementation_cmake: 6.1.2 (/opt/ros/humble/share/rmw_implementation_cmake/cmake)
[0.269s] -- Found rmw_fastrtps_cpp: 6.2.7 (/opt/ros/humble/share/rmw_fastrtps_cpp/cmake)
[0.369s] -- Using RMW implementation 'rmw_fastrtps_cpp' as default
[0.426s] -- Found sonar_msgs: 0.0.0 (/home/uwr/Desktop/2024_UWR/install/sonar_msgs/share/sonar_msgs/cmake)
[0.442s] -- Found ament_lint_auto: 0.12.11 (/opt/ros/humble/share/ament_lint_auto/cmake)
[0.515s] -- Added test 'copyright' to check source files copyright and LICENSE
[0.515s] -- Added test 'cppcheck' to perform static code analysis on C / C++ code
[0.516s] -- Configured cppcheck include dirs: $<BUILD_INTERFACE:/home/uwr/Desktop/2024_UWR/src/kalman_filter/include>
[0.516s] -- Configured cppcheck exclude dirs and/or files: 
[0.516s] -- Added test 'lint_cmake' to check CMake code style
[0.517s] -- Added test 'uncrustify' to check C / C++ code style
[0.517s] -- Configured uncrustify additional arguments: 
[0.518s] -- Added test 'xmllint' to check XML markup files
[0.518s] -- Configuring done
[0.528s] -- Generating done
[0.530s] -- Build files have been written to: /home/uwr/Desktop/2024_UWR/build/kalman_filter
[0.557s] [35m[1mConsolidate compiler generated dependencies of target kf[0m
[0.580s] [ 20%] [32mBuilding CXX object CMakeFiles/kf.dir/src/kf_v3_node.cpp.o[0m
[0.585s] [ 40%] [32mBuilding CXX object CMakeFiles/kf.dir/src/sonar_processing.cpp.o[0m
[0.586s] [ 60%] [32mBuilding CXX object CMakeFiles/kf.dir/src/kf.cpp.o[0m
[0.587s] [ 80%] [32mBuilding CXX object CMakeFiles/kf.dir/src/kf_v3_bag_processing.cpp.o[0m
[1.292s] [01m[K/home/uwr/Desktop/2024_UWR/src/kalman_filter/src/kf_v3_node.cpp:8:10:[m[K [01;31m[Kfatal error: [m[Ksonar_msgs/msg/ThreeSonarDepth.hpp: No such file or directory
[1.292s]     8 | #include [01;31m[K<sonar_msgs/msg/ThreeSonarDepth.hpp>[m[K   // Replace with ROS2 message types, ensure these are available in your ROS2 package
[1.292s]       |          [01;31m[K^~~~~~~~~~~~~~~~~~~~~~~~~~~~~~~~~~~~[m[K
[1.292s] compilation terminated.
[1.311s] gmake[2]: *** [CMakeFiles/kf.dir/build.make:76: CMakeFiles/kf.dir/src/kf_v3_node.cpp.o] Error 1
[1.311s] gmake[2]: *** Waiting for unfinished jobs....
[4.548s] [01m[K/home/uwr/Desktop/2024_UWR/src/kalman_filter/src/sonar_processing.cpp:[m[K In member function â€˜[01m[Kdouble SonarProcess::MovingAvg(const float&)[m[Kâ€™:
[4.548s] [01m[K/home/uwr/Desktop/2024_UWR/src/kalman_filter/src/sonar_processing.cpp:58:34:[m[K [01;35m[Kwarning: [m[Kcomparison of integer expressions of different signedness: â€˜[01m[Kstd::deque<double>::size_type[m[Kâ€™ {aka â€˜[01m[Klong unsigned int[m[Kâ€™} and â€˜[01m[Kint[m[Kâ€™ [[01;35m[K]8;;https://gcc.gnu.org/onlinedocs/gcc/Warning-Options.html#index-Wsign-compare-Wsign-compare]8;;[m[K]
[4.548s]    58 |     if ([01;35m[Kmoving_avg_window.size() == window_size[m[K) {
[4.548s]       |         [01;35m[K~~~~~~~~~~~~~~~~~~~~~~~~~^~~~~~~~~~~~~~[m[K
[5.394s] gmake[1]: *** [CMakeFiles/Makefile2:137: CMakeFiles/kf.dir/all] Error 2
[5.394s] gmake: *** [Makefile:146: all] Error 2
[5.396s] Invoked command in '/home/uwr/Desktop/2024_UWR/build/kalman_filter' returned '2': AMENT_PREFIX_PATH=/home/uwr/Desktop/2024_UWR/install/sonar_msgs:${AMENT_PREFIX_PATH} CMAKE_PREFIX_PATH=/home/uwr/Desktop/2024_UWR/install/sonar_msgs:/opt/ros/humble LD_LIBRARY_PATH=/home/uwr/Desktop/2024_UWR/install/sonar_msgs/lib:${LD_LIBRARY_PATH} PYTHONPATH=/home/uwr/Desktop/2024_UWR/install/sonar_msgs/local/lib/python3.10/dist-packages:${PYTHONPATH} /usr/bin/cmake --build /home/uwr/Desktop/2024_UWR/build/kalman_filter -- -j8 -l8
