[0.014s] Invoking command in '/home/uwr/Desktop/2024_UWR/build/kalman_filter': CMAKE_PREFIX_PATH=/home/uwr/Desktop/2024_UWR/install/sonar_msgs:/home/uwr/Desktop/2024_UWR/install/xsens_mti_ros2_driver:/home/uwr/Desktop/2024_UWR/install/kalman_filter:/home/uwr/Desktop/2024_UWR/install/ntrip:/home/uwr/Desktop/2024_UWR/install/sonar_subs:/opt/ros/humble LD_LIBRARY_PATH=/home/uwr/Desktop/2024_UWR/install/sonar_msgs/lib:/home/uwr/Desktop/2024_UWR/install/xsens_mti_ros2_driver/lib:/opt/ros/humble/opt/rviz_ogre_vendor/lib:/opt/ros/humble/lib/x86_64-linux-gnu:/opt/ros/humble/lib /usr/bin/cmake --build /home/uwr/Desktop/2024_UWR/build/kalman_filter -- -j8 -l8
[0.065s] [35m[1mConsolidate compiler generated dependencies of target kf_v4[0m
[0.065s] [35m[1mConsolidate compiler generated dependencies of target kf[0m
[0.101s] [ 50%] Built target kf
[0.101s] [ 60%] [32mBuilding CXX object CMakeFiles/kf_v4.dir/src/kf_v4.cpp.o[0m
[0.103s] [ 70%] [32mBuilding CXX object CMakeFiles/kf_v4.dir/src/kf_v4_node.cpp.o[0m
[4.390s] [01m[K/home/uwr/Desktop/2024_UWR/src/kalman_filter/src/kf_v4.cpp:6:1:[m[K [01;31m[Kerror: [m[Kno declaration matches â€˜[01m[Kkf_v4::kf_v4()[m[Kâ€™
[4.390s]     6 | [01;31m[Kkf_v4[m[K::kf_v4() : moving_avg(10),moving_avg_vel(3),moving_avg_time(3)
[4.390s]       | [01;31m[K^~~~~[m[K
[4.391s] In file included from [01m[K/home/uwr/Desktop/2024_UWR/src/kalman_filter/src/kf_v4.cpp:1[m[K:
[4.391s] [01m[K/home/uwr/Desktop/2024_UWR/src/kalman_filter/src/../include/kalman_filter.h:95:7:[m[K [01;36m[Knote: [m[Kcandidates are: â€˜[01m[Kkf_v4::kf_v4(kf_v4&&)[m[Kâ€™
[4.391s]    95 | class [01;36m[Kkf_v4[m[K
[4.391s]       |       [01;36m[K^~~~~[m[K
[4.391s] [01m[K/home/uwr/Desktop/2024_UWR/src/kalman_filter/src/../include/kalman_filter.h:95:7:[m[K [01;36m[Knote: [m[K                â€˜[01m[Kkf_v4::kf_v4(const kf_v4&)[m[Kâ€™
[4.391s] [01m[K/home/uwr/Desktop/2024_UWR/src/kalman_filter/src/../include/kalman_filter.h:99:5:[m[K [01;36m[Knote: [m[K                â€˜[01m[Kkf_v4::kf_v4(int)[m[Kâ€™
[4.391s]    99 |     [01;36m[Kkf_v4[m[K(int sample_size);  // New constructor
[4.391s]       |     [01;36m[K^~~~~[m[K
[4.392s] [01m[K/home/uwr/Desktop/2024_UWR/src/kalman_filter/src/../include/kalman_filter.h:95:7:[m[K [01;36m[Knote: [m[Kâ€˜[01m[Kclass kf_v4[m[Kâ€™ defined here
[4.392s]    95 | class [01;36m[Kkf_v4[m[K
[4.392s]       |       [01;36m[K^~~~~[m[K
[5.528s] gmake[2]: *** [CMakeFiles/kf_v4.dir/build.make:90: CMakeFiles/kf_v4.dir/src/kf_v4.cpp.o] Error 1
[5.528s] gmake[2]: *** Waiting for unfinished jobs....
[7.476s] [01m[K/home/uwr/Desktop/2024_UWR/src/kalman_filter/src/kf_v4_node.cpp:[m[K In constructor â€˜[01m[Kkf_node::kf_node()[m[Kâ€™:
[7.476s] [01m[K/home/uwr/Desktop/2024_UWR/src/kalman_filter/src/kf_v4_node.cpp:60:29:[m[K [01;31m[Kerror: [m[Kno matching function for call to â€˜[01m[Kkf_v4::kf_v4()[m[Kâ€™
[7.476s]    60 |     kf_node():Node("kf_node"[01;31m[K)[m[K
[7.476s]       |                             [01;31m[K^[m[K
[7.476s] In file included from [01m[K/home/uwr/Desktop/2024_UWR/src/kalman_filter/src/kf_v4_node.cpp:4[m[K:
[7.477s] [01m[K/home/uwr/Desktop/2024_UWR/src/kalman_filter/src/../include/kalman_filter.h:99:5:[m[K [01;36m[Knote: [m[Kcandidate: â€˜[01m[Kkf_v4::kf_v4(int)[m[Kâ€™
[7.477s]    99 |     [01;36m[Kkf_v4[m[K(int sample_size);  // New constructor
[7.477s]       |     [01;36m[K^~~~~[m[K
[7.477s] [01m[K/home/uwr/Desktop/2024_UWR/src/kalman_filter/src/../include/kalman_filter.h:99:5:[m[K [01;36m[Knote: [m[K  candidate expects 1 argument, 0 provided
[7.477s] [01m[K/home/uwr/Desktop/2024_UWR/src/kalman_filter/src/../include/kalman_filter.h:95:7:[m[K [01;36m[Knote: [m[Kcandidate: â€˜[01m[Kkf_v4::kf_v4(const kf_v4&)[m[Kâ€™
[7.477s]    95 | class [01;36m[Kkf_v4[m[K
[7.477s]       |       [01;36m[K^~~~~[m[K
[7.477s] [01m[K/home/uwr/Desktop/2024_UWR/src/kalman_filter/src/../include/kalman_filter.h:95:7:[m[K [01;36m[Knote: [m[K  candidate expects 1 argument, 0 provided
[7.477s] [01m[K/home/uwr/Desktop/2024_UWR/src/kalman_filter/src/../include/kalman_filter.h:95:7:[m[K [01;36m[Knote: [m[Kcandidate: â€˜[01m[Kkf_v4::kf_v4(kf_v4&&)[m[Kâ€™
[7.477s] [01m[K/home/uwr/Desktop/2024_UWR/src/kalman_filter/src/../include/kalman_filter.h:95:7:[m[K [01;36m[Knote: [m[K  candidate expects 1 argument, 0 provided
[7.477s] [01m[K/home/uwr/Desktop/2024_UWR/src/kalman_filter/src/kf_v4_node.cpp:60:29:[m[K [01;31m[Kerror: [m[Kno matching function for call to â€˜[01m[Kkf_v4::kf_v4()[m[Kâ€™
[7.477s]    60 |     kf_node():Node("kf_node"[01;31m[K)[m[K
[7.477s]       |                             [01;31m[K^[m[K
[7.477s] In file included from [01m[K/home/uwr/Desktop/2024_UWR/src/kalman_filter/src/kf_v4_node.cpp:4[m[K:
[7.477s] [01m[K/home/uwr/Desktop/2024_UWR/src/kalman_filter/src/../include/kalman_filter.h:99:5:[m[K [01;36m[Knote: [m[Kcandidate: â€˜[01m[Kkf_v4::kf_v4(int)[m[Kâ€™
[7.477s]    99 |     [01;36m[Kkf_v4[m[K(int sample_size);  // New constructor
[7.478s]       |     [01;36m[K^~~~~[m[K
[7.478s] [01m[K/home/uwr/Desktop/2024_UWR/src/kalman_filter/src/../include/kalman_filter.h:99:5:[m[K [01;36m[Knote: [m[K  candidate expects 1 argument, 0 provided
[7.478s] [01m[K/home/uwr/Desktop/2024_UWR/src/kalman_filter/src/../include/kalman_filter.h:95:7:[m[K [01;36m[Knote: [m[Kcandidate: â€˜[01m[Kkf_v4::kf_v4(const kf_v4&)[m[Kâ€™
[7.478s]    95 | class [01;36m[Kkf_v4[m[K
[7.478s]       |       [01;36m[K^~~~~[m[K
[7.478s] [01m[K/home/uwr/Desktop/2024_UWR/src/kalman_filter/src/../include/kalman_filter.h:95:7:[m[K [01;36m[Knote: [m[K  candidate expects 1 argument, 0 provided
[7.478s] [01m[K/home/uwr/Desktop/2024_UWR/src/kalman_filter/src/../include/kalman_filter.h:95:7:[m[K [01;36m[Knote: [m[Kcandidate: â€˜[01m[Kkf_v4::kf_v4(kf_v4&&)[m[Kâ€™
[7.478s] [01m[K/home/uwr/Desktop/2024_UWR/src/kalman_filter/src/../include/kalman_filter.h:95:7:[m[K [01;36m[Knote: [m[K  candidate expects 1 argument, 0 provided
[7.478s] [01m[K/home/uwr/Desktop/2024_UWR/src/kalman_filter/src/kf_v4_node.cpp:60:29:[m[K [01;31m[Kerror: [m[Kno matching function for call to â€˜[01m[Kkf_v4::kf_v4()[m[Kâ€™
[7.478s]    60 |     kf_node():Node("kf_node"[01;31m[K)[m[K
[7.478s]       |                             [01;31m[K^[m[K
[7.478s] In file included from [01m[K/home/uwr/Desktop/2024_UWR/src/kalman_filter/src/kf_v4_node.cpp:4[m[K:
[7.478s] [01m[K/home/uwr/Desktop/2024_UWR/src/kalman_filter/src/../include/kalman_filter.h:99:5:[m[K [01;36m[Knote: [m[Kcandidate: â€˜[01m[Kkf_v4::kf_v4(int)[m[Kâ€™
[7.478s]    99 |     [01;36m[Kkf_v4[m[K(int sample_size);  // New constructor
[7.478s]       |     [01;36m[K^~~~~[m[K
[7.478s] [01m[K/home/uwr/Desktop/2024_UWR/src/kalman_filter/src/../include/kalman_filter.h:99:5:[m[K [01;36m[Knote: [m[K  candidate expects 1 argument, 0 provided
[7.478s] [01m[K/home/uwr/Desktop/2024_UWR/src/kalman_filter/src/../include/kalman_filter.h:95:7:[m[K [01;36m[Knote: [m[Kcandidate: â€˜[01m[Kkf_v4::kf_v4(const kf_v4&)[m[Kâ€™
[7.478s]    95 | class [01;36m[Kkf_v4[m[K
[7.478s]       |       [01;36m[K^~~~~[m[K
[7.478s] [01m[K/home/uwr/Desktop/2024_UWR/src/kalman_filter/src/../include/kalman_filter.h:95:7:[m[K [01;36m[Knote: [m[K  candidate expects 1 argument, 0 provided
[7.479s] [01m[K/home/uwr/Desktop/2024_UWR/src/kalman_filter/src/../include/kalman_filter.h:95:7:[m[K [01;36m[Knote: [m[Kcandidate: â€˜[01m[Kkf_v4::kf_v4(kf_v4&&)[m[Kâ€™
[7.479s] [01m[K/home/uwr/Desktop/2024_UWR/src/kalman_filter/src/../include/kalman_filter.h:95:7:[m[K [01;36m[Knote: [m[K  candidate expects 1 argument, 0 provided
[7.495s] [01m[K/home/uwr/Desktop/2024_UWR/src/kalman_filter/src/kf_v4_node.cpp:[m[K In member function â€˜[01m[Kvoid kf_node::sonar_callback2(const ThreeSonarDepth&)[m[Kâ€™:
[7.495s] [01m[K/home/uwr/Desktop/2024_UWR/src/kalman_filter/src/kf_v4_node.cpp:136:65:[m[K [01;35m[Kwarning: [m[Kunused parameter â€˜[01m[Kmsg[m[Kâ€™ [[01;35m[K]8;;https://gcc.gnu.org/onlinedocs/gcc/Warning-Options.html#index-Wunused-parameter-Wunused-parameter]8;;[m[K]
[7.495s]   136 |    void sonar_callback2([01;35m[Kconst sonar_msgs::msg::ThreeSonarDepth& msg[m[K)
[7.495s]       |                         [01;35m[K~~~~~~~~~~~~~~~~~~~~~~~~~~~~~~~~~~~~~~~~^~~[m[K
[11.338s] gmake[2]: *** [CMakeFiles/kf_v4.dir/build.make:76: CMakeFiles/kf_v4.dir/src/kf_v4_node.cpp.o] Error 1
[11.338s] gmake[1]: *** [CMakeFiles/Makefile2:165: CMakeFiles/kf_v4.dir/all] Error 2
[11.338s] gmake: *** [Makefile:146: all] Error 2
[11.340s] Invoked command in '/home/uwr/Desktop/2024_UWR/build/kalman_filter' returned '2': CMAKE_PREFIX_PATH=/home/uwr/Desktop/2024_UWR/install/sonar_msgs:/home/uwr/Desktop/2024_UWR/install/xsens_mti_ros2_driver:/home/uwr/Desktop/2024_UWR/install/kalman_filter:/home/uwr/Desktop/2024_UWR/install/ntrip:/home/uwr/Desktop/2024_UWR/install/sonar_subs:/opt/ros/humble LD_LIBRARY_PATH=/home/uwr/Desktop/2024_UWR/install/sonar_msgs/lib:/home/uwr/Desktop/2024_UWR/install/xsens_mti_ros2_driver/lib:/opt/ros/humble/opt/rviz_ogre_vendor/lib:/opt/ros/humble/lib/x86_64-linux-gnu:/opt/ros/humble/lib /usr/bin/cmake --build /home/uwr/Desktop/2024_UWR/build/kalman_filter -- -j8 -l8
