[0.012s] Invoking command in '/home/uwr/Desktop/2024_UWR/build/kalman_filter': AMENT_PREFIX_PATH=/home/uwr/Desktop/2024_UWR/install/sonar_msgs:${AMENT_PREFIX_PATH} CMAKE_PREFIX_PATH=/home/uwr/Desktop/2024_UWR/install/sonar_msgs:/opt/ros/humble LD_LIBRARY_PATH=/home/uwr/Desktop/2024_UWR/install/sonar_msgs/lib:${LD_LIBRARY_PATH} PYTHONPATH=/home/uwr/Desktop/2024_UWR/install/sonar_msgs/local/lib/python3.10/dist-packages:${PYTHONPATH} /usr/bin/cmake --build /home/uwr/Desktop/2024_UWR/build/kalman_filter -- -j8 -l8
[0.075s] [ 20%] [32mBuilding CXX object CMakeFiles/kf.dir/src/kf_v3_node.cpp.o[0m
[4.876s] [01m[K/home/uwr/Desktop/2024_UWR/src/kalman_filter/src/kf_v3_node.cpp:214:48:[m[K [01;31m[Kerror: [m[Kâ€˜[01m[KshartedPtr[m[Kâ€™ in namespace â€˜[01m[Ksonar_msgs::msg[m[Kâ€™ does not name a type
[4.876s]   214 |     void sonar_callback(const sonar_msgs::msg::[01;31m[KshartedPtr[m[K& msg) {
[4.876s]       |                                                [01;31m[K^~~~~~~~~~[m[K
[4.947s] [01m[K/home/uwr/Desktop/2024_UWR/src/kalman_filter/src/kf_v3_node.cpp:[m[K In constructor â€˜[01m[Kkf_node::kf_node()[m[Kâ€™:
[4.948s] [01m[K/home/uwr/Desktop/2024_UWR/src/kalman_filter/src/kf_v3_node.cpp:65:62:[m[K [01;31m[Kerror: [m[Kâ€˜[01m[Kkf_values[m[Kâ€™ is not a member of â€˜[01m[Ksonar_msgs::msg[m[Kâ€™; did you mean â€˜[01m[KKfValues[m[Kâ€™?
[4.948s]    65 |         k_vals_pub = this->create_publisher<sonar_msgs::msg::[01;31m[Kkf_values[m[K>("k_vals_topic", 10);
[4.948s]       |                                                              [01;31m[K^~~~~~~~~[m[K
[4.948s]       |                                                              [32m[KKfValues[m[K
[4.948s] [01m[K/home/uwr/Desktop/2024_UWR/src/kalman_filter/src/kf_v3_node.cpp:65:72:[m[K [01;31m[Kerror: [m[Kno matching function for call to â€˜[01m[Kkf_node::create_publisher<<expression error> >(const char [13], int)[m[Kâ€™
[4.948s]    65 |         k_vals_pub = [01;31m[Kthis->create_publisher<sonar_msgs::msg::kf_values>("k_vals_topic", 10)[m[K;
[4.948s]       |                      [01;31m[K~~~~~~~~~~~~~~~~~~~~~~~~~~~~~~~~~~~~~~~~~~~~~~~~~~^~~~~~~~~~~~~~~~~~~~[m[K
[4.948s] In file included from [01m[K/opt/ros/humble/include/rclcpp/rclcpp/node.hpp:1321[m[K,
[4.948s]                  from [01m[K/opt/ros/humble/include/rclcpp/rclcpp/executors/single_threaded_executor.hpp:28[m[K,
[4.948s]                  from [01m[K/opt/ros/humble/include/rclcpp/rclcpp/executors.hpp:22[m[K,
[4.948s]                  from [01m[K/opt/ros/humble/include/rclcpp/rclcpp/rclcpp.hpp:155[m[K,
[4.948s]                  from [01m[K/home/uwr/Desktop/2024_UWR/src/kalman_filter/src/kf_v3_node.cpp:1[m[K:
[4.948s] [01m[K/opt/ros/humble/include/rclcpp/rclcpp/node_impl.hpp:73:1:[m[K [01;36m[Knote: [m[Kcandidate: â€˜[01m[Ktemplate<class MessageT, class AllocatorT, class PublisherT> std::shared_ptr<PublisherT> rclcpp::Node::create_publisher(const string&, const rclcpp::QoS&, const rclcpp::PublisherOptionsWithAllocator<AllocatorT>&)[m[Kâ€™
[4.948s]    73 | [01;36m[KNode[m[K::create_publisher(
[4.948s]       | [01;36m[K^~~~[m[K
[4.948s] [01m[K/opt/ros/humble/include/rclcpp/rclcpp/node_impl.hpp:73:1:[m[K [01;36m[Knote: [m[K  template argument deduction/substitution failed:
[4.948s] [01m[K/home/uwr/Desktop/2024_UWR/src/kalman_filter/src/kf_v3_node.cpp:65:72:[m[K [01;31m[Kerror: [m[Ktemplate argument 1 is invalid
[4.948s]    65 |         k_vals_pub = [01;31m[Kthis->create_publisher<sonar_msgs::msg::kf_values>("k_vals_topic", 10)[m[K;
[4.948s]       |                      [01;31m[K~~~~~~~~~~~~~~~~~~~~~~~~~~~~~~~~~~~~~~~~~~~~~~~~~~^~~~~~~~~~~~~~~~~~~~[m[K
[4.953s] [01m[K/home/uwr/Desktop/2024_UWR/src/kalman_filter/src/kf_v3_node.cpp:101:31:[m[K [01;31m[Kerror: [m[Kâ€˜[01m[Knode[m[Kâ€™ was not declared in this scope; did you mean â€˜[01m[KYAML::detail::node[m[Kâ€™?
[4.953s]   101 |         auto imu_subscriber = [01;31m[Knode[m[K->create_subscription<sensor_msgs::msg::Imu>(
[4.953s]       |                               [01;31m[K^~~~[m[K
[4.953s]       |                               [32m[KYAML::detail::node[m[K
[4.953s] In file included from [01m[K/usr/include/yaml-cpp/node/impl.h:12[m[K,
[4.953s]                  from [01m[K/usr/include/yaml-cpp/yaml.h:17[m[K,
[4.953s]                  from [01m[K/opt/ros/humble/include/rosbag2_storage/rosbag2_storage/yaml.hpp:27[m[K,
[4.953s]                  from [01m[K/opt/ros/humble/include/rosbag2_storage/rosbag2_storage/storage_options.hpp:22[m[K,
[4.953s]                  from [01m[K/opt/ros/humble/include/rosbag2_cpp/rosbag2_cpp/writer_interfaces/base_writer_interface.hpp:25[m[K,
[4.954s]                  from [01m[K/opt/ros/humble/include/rosbag2_cpp/rosbag2_cpp/writers/sequential_writer.hpp:31[m[K,
[4.954s]                  from [01m[K/opt/ros/humble/include/rosbag2_cpp/rosbag2_cpp/writer.hpp:31[m[K,
[4.954s]                  from [01m[K/home/uwr/Desktop/2024_UWR/src/kalman_filter/src/kf_v3_node.cpp:47[m[K:
[4.954s] [01m[K/usr/include/yaml-cpp/node/detail/node.h:20:7:[m[K [01;36m[Knote: [m[Kâ€˜[01m[KYAML::detail::node[m[Kâ€™ declared here
[4.954s]    20 | class [01;36m[Knode[m[K {
[4.954s]       |       [01;36m[K^~~~[m[K
[4.954s] [01m[K/home/uwr/Desktop/2024_UWR/src/kalman_filter/src/kf_v3_node.cpp:101:78:[m[K [01;31m[Kerror: [m[Kexpected primary-expression before â€˜[01m[K>[m[Kâ€™ token
[4.954s]   101 |         auto imu_subscriber = node->create_subscription<sensor_msgs::msg::Imu[01;31m[K>[m[K(
[4.954s]       |                                                                              [01;31m[K^[m[K
[4.954s] [01m[K/home/uwr/Desktop/2024_UWR/src/kalman_filter/src/kf_v3_node.cpp:102:9:[m[K [01;35m[Kwarning: [m[Kleft operand of comma operator has no effect [[01;35m[K]8;;https://gcc.gnu.org/onlinedocs/gcc/Warning-Options.html#index-Wunused-value-Wunused-value]8;;[m[K]
[4.954s]   102 |         [01;35m[Kimu_param[m[K, 10, std::bind(&kf_node::imu_callback, this, std::placeholders::_1));
[4.954s]       |         [01;35m[K^~~~~~~~~[m[K
[4.960s] [01m[K/home/uwr/Desktop/2024_UWR/src/kalman_filter/src/kf_v3_node.cpp:102:85:[m[K [01;35m[Kwarning: [m[Kright operand of comma operator has no effect [[01;35m[K]8;;https://gcc.gnu.org/onlinedocs/gcc/Warning-Options.html#index-Wunused-value-Wunused-value]8;;[m[K]
[4.960s]   102 |         imu_param, 10, std::bind(&kf_node::imu_callback, this, std::placeholders::_1[01;35m[K)[m[K);
[4.960s]       |                                                                                     [01;35m[K^[m[K
[4.962s] [01m[K/home/uwr/Desktop/2024_UWR/src/kalman_filter/src/kf_v3_node.cpp:104:77:[m[K [01;31m[Kerror: [m[Kâ€˜[01m[Kthree_sonar_depth[m[Kâ€™ is not a member of â€˜[01m[Ksensor_msgs::msg[m[Kâ€™
[4.962s]   104 |         auto sonar_subscriber = node->create_subscription<sensor_msgs::msg::[01;31m[Kthree_sonar_depth[m[K>(
[4.962s]       |                                                                             [01;31m[K^~~~~~~~~~~~~~~~~[m[K
[4.962s] [01m[K/home/uwr/Desktop/2024_UWR/src/kalman_filter/src/kf_v3_node.cpp:105:9:[m[K [01;35m[Kwarning: [m[Kleft operand of comma operator has no effect [[01;35m[K]8;;https://gcc.gnu.org/onlinedocs/gcc/Warning-Options.html#index-Wunused-value-Wunused-value]8;;[m[K]
[4.962s]   105 |         [01;35m[Ksonar_param[m[K, 10, std::bind(&kf_node::sonar_callback, this, std::placeholders::_1));
[4.963s]       |         [01;35m[K^~~~~~~~~~~[m[K
[4.964s] [01m[K/home/uwr/Desktop/2024_UWR/src/kalman_filter/src/kf_v3_node.cpp:105:89:[m[K [01;35m[Kwarning: [m[Kright operand of comma operator has no effect [[01;35m[K]8;;https://gcc.gnu.org/onlinedocs/gcc/Warning-Options.html#index-Wunused-value-Wunused-value]8;;[m[K]
[4.964s]   105 |         sonar_param, 10, std::bind(&kf_node::sonar_callback, this, std::placeholders::_1[01;35m[K)[m[K);
[4.964s]       |                                                                                         [01;35m[K^[m[K
[4.977s] [01m[K/home/uwr/Desktop/2024_UWR/src/kalman_filter/src/kf_v3_node.cpp:[m[K In member function â€˜[01m[Kvoid kf_node::imu_callback(sensor_msgs::msg::Imu_<std::allocator<void> >::SharedPtr)[m[Kâ€™:
[4.978s] [01m[K/home/uwr/Desktop/2024_UWR/src/kalman_filter/src/kf_v3_node.cpp:158:80:[m[K [01;31m[Kerror: [m[Kâ€˜[01m[Kclass rclcpp::Duration[m[Kâ€™ has no member named â€˜[01m[KtoSec[m[Kâ€™
[4.978s]   158 |             surge_state_p = surge.prediction((predict_time_now - predict_time).[01;31m[KtoSec[m[K());
[4.978s]       |                                                                                [01;31m[K^~~~~[m[K
[4.978s] [01m[K/home/uwr/Desktop/2024_UWR/src/kalman_filter/src/kf_v3_node.cpp:159:78:[m[K [01;31m[Kerror: [m[Kâ€˜[01m[Kclass rclcpp::Duration[m[Kâ€™ has no member named â€˜[01m[KtoSec[m[Kâ€™
[4.978s]   159 |             sway_state_p = sway.prediction((predict_time_now - predict_time).[01;31m[KtoSec[m[K());
[4.978s]       |                                                                              [01;31m[K^~~~~[m[K
[4.978s] [01m[K/home/uwr/Desktop/2024_UWR/src/kalman_filter/src/kf_v3_node.cpp:160:80:[m[K [01;31m[Kerror: [m[Kâ€˜[01m[Kclass rclcpp::Duration[m[Kâ€™ has no member named â€˜[01m[KtoSec[m[Kâ€™
[4.978s]   160 |             heave_state_p = heave.prediction((predict_time_now - predict_time).[01;31m[KtoSec[m[K());
[4.978s]       |                                                                                [01;31m[K^~~~~[m[K
[4.982s] [01m[K/home/uwr/Desktop/2024_UWR/src/kalman_filter/src/kf_v3_node.cpp:205:22:[m[K [01;31m[Kerror: [m[Kâ€˜[01m[Kusing SharedPtr = class std::shared_ptr<rclcpp::Publisher<geometry_msgs::msg::PoseStamped_<std::allocator<void> > > >[m[Kâ€™ {aka â€˜[01m[Kclass std::shared_ptr<rclcpp::Publisher<geometry_msgs::msg::PoseStamped_<std::allocator<void> > > >[m[Kâ€™} has no member named â€˜[01m[Kpublish[m[Kâ€™
[4.982s]   205 |             pose_pub.[01;31m[Kpublish[m[K(pose_msg);
[4.982s]       |                      [01;31m[K^~~~~~~[m[K
[4.982s] [01m[K/home/uwr/Desktop/2024_UWR/src/kalman_filter/src/kf_v3_node.cpp:[m[K In member function â€˜[01m[Kvoid kf_node::sonar_callback(const int&)[m[Kâ€™:
[4.982s] [01m[K/home/uwr/Desktop/2024_UWR/src/kalman_filter/src/kf_v3_node.cpp:225:27:[m[K [01;31m[Kerror: [m[Kbase operand of â€˜[01m[K->[m[Kâ€™ is not a pointer
[4.982s]   225 |         surge.set_dist(msg[01;31m[K->[m[Kdistance_1 / 1000);
[4.983s]       |                           [01;31m[K^~[m[K
[4.983s] [01m[K/home/uwr/Desktop/2024_UWR/src/kalman_filter/src/kf_v3_node.cpp:226:27:[m[K [01;31m[Kerror: [m[Kbase operand of â€˜[01m[K->[m[Kâ€™ is not a pointer
[4.983s]   226 |         heave.set_dist(msg[01;31m[K->[m[Kdepth);
[4.983s]       |                           [01;31m[K^~[m[K
[4.983s] [01m[K/home/uwr/Desktop/2024_UWR/src/kalman_filter/src/kf_v3_node.cpp:227:26:[m[K [01;31m[Kerror: [m[Kbase operand of â€˜[01m[K->[m[Kâ€™ is not a pointer
[4.983s]   227 |         sway.set_dist(msg[01;31m[K->[m[Kdistance_2 / 1000);
[4.983s]       |                          [01;31m[K^~[m[K
[4.983s] [01m[K/home/uwr/Desktop/2024_UWR/src/kalman_filter/src/kf_v3_node.cpp:264:44:[m[K [01;31m[Kerror: [m[Kbase operand of â€˜[01m[K->[m[Kâ€™ is not a pointer
[4.983s]   264 |             surge_dist = surge.set_dist(msg[01;31m[K->[m[Kdistance_1 / 1000);
[4.983s]       |                                            [01;31m[K^~[m[K
[4.983s] [01m[K/home/uwr/Desktop/2024_UWR/src/kalman_filter/src/kf_v3_node.cpp:265:42:[m[K [01;31m[Kerror: [m[Kbase operand of â€˜[01m[K->[m[Kâ€™ is not a pointer
[4.983s]   265 |             sway_dist = sway.set_dist(msg[01;31m[K->[m[Kdistance_2 / 1000);
[4.983s]       |                                          [01;31m[K^~[m[K
[4.983s] [01m[K/home/uwr/Desktop/2024_UWR/src/kalman_filter/src/kf_v3_node.cpp:266:44:[m[K [01;31m[Kerror: [m[Kbase operand of â€˜[01m[K->[m[Kâ€™ is not a pointer
[4.983s]   266 |             heave_dist = heave.set_dist(msg[01;31m[K->[m[Kdepth);
[4.983s]       |                                            [01;31m[K^~[m[K
[4.995s] In file included from [01m[K/opt/ros/humble/include/rclcpp/rclcpp/logging.hpp:24[m[K,
[4.995s]                  from [01m[K/opt/ros/humble/include/rclcpp/rclcpp/client.hpp:40[m[K,
[4.995s]                  from [01m[K/opt/ros/humble/include/rclcpp/rclcpp/callback_group.hpp:24[m[K,
[4.995s]                  from [01m[K/opt/ros/humble/include/rclcpp/rclcpp/any_executable.hpp:20[m[K,
[4.995s]                  from [01m[K/opt/ros/humble/include/rclcpp/rclcpp/memory_strategy.hpp:25[m[K,
[4.995s]                  from [01m[K/opt/ros/humble/include/rclcpp/rclcpp/memory_strategies.hpp:18[m[K,
[4.995s]                  from [01m[K/opt/ros/humble/include/rclcpp/rclcpp/executor_options.hpp:20[m[K,
[4.995s]                  from [01m[K/opt/ros/humble/include/rclcpp/rclcpp/executor.hpp:37[m[K,
[4.995s]                  from [01m[K/opt/ros/humble/include/rclcpp/rclcpp/executors/multi_threaded_executor.hpp:25[m[K,
[4.996s]                  from [01m[K/opt/ros/humble/include/rclcpp/rclcpp/executors.hpp:21[m[K,
[4.996s]                  from [01m[K/opt/ros/humble/include/rclcpp/rclcpp/rclcpp.hpp:155[m[K,
[4.996s]                  from [01m[K/home/uwr/Desktop/2024_UWR/src/kalman_filter/src/kf_v3_node.cpp:1[m[K:
[4.996s] [01m[K/home/uwr/Desktop/2024_UWR/src/kalman_filter/src/kf_v3_node.cpp:271:58:[m[K [01;31m[Kerror: [m[Kâ€˜[01m[Ksbs_frame_before[m[Kâ€™ was not declared in this scope
[4.996s]   271 |             RCLCPP_INFO(this->get_logger(),"Before: %f", [01;31m[Ksbs_frame_before[m[K.transform.translation.x);
[4.996s]       |                                                          [01;31m[K^~~~~~~~~~~~~~~~[m[K
[4.996s] [01m[K/home/uwr/Desktop/2024_UWR/src/kalman_filter/src/kf_v3_node.cpp:295:65:[m[K [01;31m[Kerror: [m[Kâ€˜[01m[Kclass rclcpp::Duration[m[Kâ€™ has no member named â€˜[01m[KtoSec[m[Kâ€™
[4.996s]   295 |                 surge.set_vel((measure_time_now - measure_time).[01;31m[KtoSec[m[K());
[4.996s]       |                                                                 [01;31m[K^~~~~[m[K
[4.996s] [01m[K/home/uwr/Desktop/2024_UWR/src/kalman_filter/src/kf_v3_node.cpp:306:64:[m[K [01;31m[Kerror: [m[Kâ€˜[01m[Kclass rclcpp::Duration[m[Kâ€™ has no member named â€˜[01m[KtoSec[m[Kâ€™
[4.996s]   306 |                 sway.set_vel((measure_time_now - measure_time).[01;31m[KtoSec[m[K());
[4.996s]       |                                                                [01;31m[K^~~~~[m[K
[4.996s] [01m[K/home/uwr/Desktop/2024_UWR/src/kalman_filter/src/kf_v3_node.cpp:315:65:[m[K [01;31m[Kerror: [m[Kâ€˜[01m[Kclass rclcpp::Duration[m[Kâ€™ has no member named â€˜[01m[KtoSec[m[Kâ€™
[4.996s]   315 |                 heave.set_vel((measure_time_now - measure_time).[01;31m[KtoSec[m[K());
[4.997s]       |                                                                 [01;31m[K^~~~~[m[K
[4.997s] [01m[K/home/uwr/Desktop/2024_UWR/src/kalman_filter/src/kf_v3_node.cpp:321:37:[m[K [01;31m[Kerror: [m[Kbase operand of â€˜[01m[K->[m[Kâ€™ is not a pointer
[4.997s]   321 |             k_vals.header.stamp= msg[01;31m[K->[m[Kheader.stamp;
[4.997s]       |                                     [01;31m[K^~[m[K
[4.998s] [01m[K/home/uwr/Desktop/2024_UWR/src/kalman_filter/src/kf_v3_node.cpp:332:34:[m[K [01;31m[Kerror: [m[Kbase operand of â€˜[01m[K->[m[Kâ€™ is not a pointer
[4.998s]   332 |             c1.header.stamp = msg[01;31m[K->[m[Kheader.stamp;
[4.998s]       |                                  [01;31m[K^~[m[K
[4.998s] In file included from [01m[K/opt/ros/humble/include/rclcpp/rclcpp/logging.hpp:24[m[K,
[4.998s]                  from [01m[K/opt/ros/humble/include/rclcpp/rclcpp/client.hpp:40[m[K,
[4.999s]                  from [01m[K/opt/ros/humble/include/rclcpp/rclcpp/callback_group.hpp:24[m[K,
[4.999s]                  from [01m[K/opt/ros/humble/include/rclcpp/rclcpp/any_executable.hpp:20[m[K,
[4.999s]                  from [01m[K/opt/ros/humble/include/rclcpp/rclcpp/memory_strategy.hpp:25[m[K,
[4.999s]                  from [01m[K/opt/ros/humble/include/rclcpp/rclcpp/memory_strategies.hpp:18[m[K,
[4.999s]                  from [01m[K/opt/ros/humble/include/rclcpp/rclcpp/executor_options.hpp:20[m[K,
[4.999s]                  from [01m[K/opt/ros/humble/include/rclcpp/rclcpp/executor.hpp:37[m[K,
[4.999s]                  from [01m[K/opt/ros/humble/include/rclcpp/rclcpp/executors/multi_threaded_executor.hpp:25[m[K,
[4.999s]                  from [01m[K/opt/ros/humble/include/rclcpp/rclcpp/executors.hpp:21[m[K,
[4.999s]                  from [01m[K/opt/ros/humble/include/rclcpp/rclcpp/rclcpp.hpp:155[m[K,
[4.999s]                  from [01m[K/home/uwr/Desktop/2024_UWR/src/kalman_filter/src/kf_v3_node.cpp:1[m[K:
[4.999s] [01m[K/home/uwr/Desktop/2024_UWR/src/kalman_filter/src/kf_v3_node.cpp:341:63:[m[K [01;31m[Kerror: [m[Kbase operand of â€˜[01m[K->[m[Kâ€™ is not a pointer
[4.999s]   341 |             RCLCPP_INFO(this->get_logger(),"Distance: %f", msg[01;31m[K->[m[Kdistance_1 / 1000);
[4.999s]       |                                                               [01;31m[K^~[m[K
[4.999s] [01m[K/home/uwr/Desktop/2024_UWR/src/kalman_filter/src/kf_v3_node.cpp:342:94:[m[K [01;31m[Kerror: [m[Kâ€˜[01m[Kclass rclcpp::Duration[m[Kâ€™ has no member named â€˜[01m[KtoSec[m[Kâ€™
[4.999s]   342 |             RCLCPP_INFO(this->get_logger(),"Timestamp: %f",(measure_time_now - measure_time).[01;31m[KtoSec[m[K());
[4.999s]       |                                                                                              [01;31m[K^~~~~[m[K
[5.000s] [01m[K/home/uwr/Desktop/2024_UWR/src/kalman_filter/src/kf_v3_node.cpp:343:28:[m[K [01;31m[Kerror: [m[Kâ€˜[01m[KPoseStamped[m[Kâ€™ is not a member of â€˜[01m[Kgeometry_msgs[m[Kâ€™; did you mean â€˜[01m[Kgeometry_msgs::msg::PoseStamped[m[Kâ€™?
[5.000s]   343 |             geometry_msgs::[01;31m[KPoseStamped[m[K pose_msg;
[5.000s]       |                            [01;31m[K^~~~~~~~~~~[m[K
[5.000s] In file included from [01m[K/opt/ros/humble/include/geometry_msgs/geometry_msgs/msg/pose_stamped.hpp:7[m[K,
[5.000s]                  from [01m[K/opt/ros/humble/include/tf2_geometry_msgs/tf2_geometry_msgs/tf2_geometry_msgs.hpp:47[m[K,
[5.000s]                  from [01m[K/home/uwr/Desktop/2024_UWR/src/kalman_filter/src/kf_v3_node.cpp:19[m[K:
[5.000s] [01m[K/opt/ros/humble/include/geometry_msgs/geometry_msgs/msg/detail/pose_stamped__struct.hpp:135:7:[m[K [01;36m[Knote: [m[Kâ€˜[01m[Kgeometry_msgs::msg::PoseStamped[m[Kâ€™ declared here
[5.001s]   135 | using [01;36m[KPoseStamped[m[K =
[5.001s]       |       [01;36m[K^~~~~~~~~~~[m[K
[5.007s] [01m[K/home/uwr/Desktop/2024_UWR/src/kalman_filter/src/kf_v3_node.cpp:344:13:[m[K [01;31m[Kerror: [m[Kâ€˜[01m[Kpose_msg[m[Kâ€™ was not declared in this scope
[5.007s]   344 |             [01;31m[Kpose_msg[m[K.header.stamp = msg->header.stamp;
[5.007s]       |             [01;31m[K^~~~~~~~[m[K
[5.007s] [01m[K/home/uwr/Desktop/2024_UWR/src/kalman_filter/src/kf_v3_node.cpp:344:40:[m[K [01;31m[Kerror: [m[Kbase operand of â€˜[01m[K->[m[Kâ€™ is not a pointer
[5.008s]   344 |             pose_msg.header.stamp = msg[01;31m[K->[m[Kheader.stamp;
[5.008s]       |                                        [01;31m[K^~[m[K
[5.009s] [01m[K/home/uwr/Desktop/2024_UWR/src/kalman_filter/src/kf_v3_node.cpp:351:28:[m[K [01;31m[Kerror: [m[Kâ€˜[01m[KVector3Stamped[m[Kâ€™ is not a member of â€˜[01m[Kgeometry_msgs[m[Kâ€™; did you mean â€˜[01m[Kgeometry_msgs::msg::Vector3Stamped[m[Kâ€™?
[5.009s]   351 |             geometry_msgs::[01;31m[KVector3Stamped[m[K vector3_msg, vel_msg;
[5.009s]       |                            [01;31m[K^~~~~~~~~~~~~~[m[K
[5.009s] In file included from [01m[K/opt/ros/humble/include/geometry_msgs/geometry_msgs/msg/vector3_stamped.hpp:7[m[K,
[5.009s]                  from [01m[K/opt/ros/humble/include/tf2_geometry_msgs/tf2_geometry_msgs/tf2_geometry_msgs.hpp:43[m[K,
[5.009s]                  from [01m[K/home/uwr/Desktop/2024_UWR/src/kalman_filter/src/kf_v3_node.cpp:19[m[K:
[5.009s] [01m[K/opt/ros/humble/include/geometry_msgs/geometry_msgs/msg/detail/vector3_stamped__struct.hpp:135:7:[m[K [01;36m[Knote: [m[Kâ€˜[01m[Kgeometry_msgs::msg::Vector3Stamped[m[Kâ€™ declared here
[5.009s]   135 | using [01;36m[KVector3Stamped[m[K =
[5.009s]       |       [01;36m[K^~~~~~~~~~~~~~[m[K
[5.016s] [01m[K/home/uwr/Desktop/2024_UWR/src/kalman_filter/src/kf_v3_node.cpp:352:13:[m[K [01;31m[Kerror: [m[Kâ€˜[01m[Kvector3_msg[m[Kâ€™ was not declared in this scope
[5.017s]   352 |             [01;31m[Kvector3_msg[m[K.header.stamp = msg->header.stamp;
[5.017s]       |             [01;31m[K^~~~~~~~~~~[m[K
[5.017s] [01m[K/home/uwr/Desktop/2024_UWR/src/kalman_filter/src/kf_v3_node.cpp:352:43:[m[K [01;31m[Kerror: [m[Kbase operand of â€˜[01m[K->[m[Kâ€™ is not a pointer
[5.017s]   352 |             vector3_msg.header.stamp = msg[01;31m[K->[m[Kheader.stamp;
[5.017s]       |                                           [01;31m[K^~[m[K
[5.022s] [01m[K/home/uwr/Desktop/2024_UWR/src/kalman_filter/src/kf_v3_node.cpp:364:13:[m[K [01;31m[Kerror: [m[Kâ€˜[01m[Kvel_msg[m[Kâ€™ was not declared in this scope
[5.022s]   364 |             [01;31m[Kvel_msg[m[K.header.stamp = msg->header.stamp;
[5.023s]       |             [01;31m[K^~~~~~~[m[K
[5.023s] [01m[K/home/uwr/Desktop/2024_UWR/src/kalman_filter/src/kf_v3_node.cpp:364:39:[m[K [01;31m[Kerror: [m[Kbase operand of â€˜[01m[K->[m[Kâ€™ is not a pointer
[5.023s]   364 |             vel_msg.header.stamp = msg[01;31m[K->[m[Kheader.stamp;
[5.023s]       |                                       [01;31m[K^~[m[K
[5.023s] [01m[K/home/uwr/Desktop/2024_UWR/src/kalman_filter/src/kf_v3_node.cpp:369:27:[m[K [01;31m[Kerror: [m[Kno matching function for call to â€˜[01m[Krosbag2_cpp::Writer::write(const char [10], rclcpp::Time&, const int&)[m[Kâ€™
[5.023s]   369 |             [01;31m[Kwriter_->write("SONAR_raw", measure_time_now, msg)[m[K;
[5.023s]       |             [01;31m[K~~~~~~~~~~~~~~^~~~~~~~~~~~~~~~~~~~~~~~~~~~~~~~~~~~[m[K
[5.023s] In file included from [01m[K/home/uwr/Desktop/2024_UWR/src/kalman_filter/src/kf_v3_node.cpp:47[m[K:
[5.024s] [01m[K/opt/ros/humble/include/rosbag2_cpp/rosbag2_cpp/writer.hpp:191:8:[m[K [01;36m[Knote: [m[Kcandidate: â€˜[01m[Ktemplate<class MessageT> void rosbag2_cpp::Writer::write(const MessageT&, const string&, const rclcpp::Time&)[m[Kâ€™
[5.024s]   191 |   void [01;36m[Kwrite[m[K(
[5.024s]       |        [01;36m[K^~~~~[m[K
[5.024s] [01m[K/opt/ros/humble/include/rosbag2_cpp/rosbag2_cpp/writer.hpp:191:8:[m[K [01;36m[Knote: [m[K  template argument deduction/substitution failed:
[5.024s] [01m[K/home/uwr/Desktop/2024_UWR/src/kalman_filter/src/kf_v3_node.cpp:369:41:[m[K [01;36m[Knote: [m[K  cannot convert â€˜[01m[K((kf_node*)this)->kf_node::measure_time_now[m[Kâ€™ (type â€˜[01m[Krclcpp::Time[m[Kâ€™) to type â€˜[01m[Kconst string&[m[Kâ€™ {aka â€˜[01m[Kconst std::__cxx11::basic_string<char>&[m[Kâ€™}
[5.024s]   369 |             writer_->write("SONAR_raw", [01;36m[Kmeasure_time_now[m[K, msg);
[5.024s]       |                                         [01;36m[K^~~~~~~~~~~~~~~~[m[K
[5.024s] In file included from [01m[K/home/uwr/Desktop/2024_UWR/src/kalman_filter/src/kf_v3_node.cpp:47[m[K:
[5.024s] [01m[K/opt/ros/humble/include/rosbag2_cpp/rosbag2_cpp/writer.hpp:122:8:[m[K [01;36m[Knote: [m[Kcandidate: â€˜[01m[Kvoid rosbag2_cpp::Writer::write(std::shared_ptr<rosbag2_storage::SerializedBagMessage>)[m[Kâ€™
[5.024s]   122 |   void [01;36m[Kwrite[m[K(std::shared_ptr<rosbag2_storage::SerializedBagMessage> message);
[5.024s]       |        [01;36m[K^~~~~[m[K
[5.024s] [01m[K/opt/ros/humble/include/rosbag2_cpp/rosbag2_cpp/writer.hpp:122:8:[m[K [01;36m[Knote: [m[K  candidate expects 1 argument, 3 provided
[5.024s] [01m[K/opt/ros/humble/include/rosbag2_cpp/rosbag2_cpp/writer.hpp:134:8:[m[K [01;36m[Knote: [m[Kcandidate: â€˜[01m[Kvoid rosbag2_cpp::Writer::write(std::shared_ptr<rosbag2_storage::SerializedBagMessage>, const string&, const string&, const string&)[m[Kâ€™
[5.024s]   134 |   void [01;36m[Kwrite[m[K(
[5.024s]       |        [01;36m[K^~~~~[m[K
[5.025s] [01m[K/opt/ros/humble/include/rosbag2_cpp/rosbag2_cpp/writer.hpp:135:60:[m[K [01;36m[Knote: [m[K  no known conversion for argument 1 from â€˜[01m[Kconst char [10][m[Kâ€™ to â€˜[01m[Kstd::shared_ptr<rosbag2_storage::SerializedBagMessage>[m[Kâ€™
[5.025s]   135 |     [01;36m[Kstd::shared_ptr<rosbag2_storage::SerializedBagMessage> message[m[K,
[5.025s]       |     [01;36m[K~~~~~~~~~~~~~~~~~~~~~~~~~~~~~~~~~~~~~~~~~~~~~~~~~~~~~~~^~~~~~~[m[K
[5.025s] [01m[K/opt/ros/humble/include/rosbag2_cpp/rosbag2_cpp/writer.hpp:156:8:[m[K [01;36m[Knote: [m[Kcandidate: â€˜[01m[Kvoid rosbag2_cpp::Writer::write(const rclcpp::SerializedMessage&, const string&, const string&, const rclcpp::Time&)[m[Kâ€™
[5.025s]   156 |   void [01;36m[Kwrite[m[K(
[5.025s]       |        [01;36m[K^~~~~[m[K
[5.025s] [01m[K/opt/ros/humble/include/rosbag2_cpp/rosbag2_cpp/writer.hpp:156:8:[m[K [01;36m[Knote: [m[K  candidate expects 4 arguments, 3 provided
[5.025s] [01m[K/opt/ros/humble/include/rosbag2_cpp/rosbag2_cpp/writer.hpp:174:8:[m[K [01;36m[Knote: [m[Kcandidate: â€˜[01m[Kvoid rosbag2_cpp::Writer::write(std::shared_ptr<rclcpp::SerializedMessage>, const string&, const string&, const rclcpp::Time&)[m[Kâ€™
[5.025s]   174 |   void [01;36m[Kwrite[m[K(
[5.025s]       |        [01;36m[K^~~~~[m[K
[5.025s] [01m[K/opt/ros/humble/include/rosbag2_cpp/rosbag2_cpp/writer.hpp:174:8:[m[K [01;36m[Knote: [m[K  candidate expects 4 arguments, 3 provided
[5.025s] [01m[K/home/uwr/Desktop/2024_UWR/src/kalman_filter/src/kf_v3_node.cpp:376:27:[m[K [01;31m[Kerror: [m[Kno matching function for call to â€˜[01m[Krosbag2_cpp::Writer::write(const char [17], rclcpp::Time&, sonar_msgs::msg::ConfScal&)[m[Kâ€™
[5.025s]   376 |             [01;31m[Kwriter_->write("Confidence_SONAR",measure_time_now,c1)[m[K;
[5.025s]       |             [01;31m[K~~~~~~~~~~~~~~^~~~~~~~~~~~~~~~~~~~~~~~~~~~~~~~~~~~~~~~[m[K
[5.025s] In file included from [01m[K/home/uwr/Desktop/2024_UWR/src/kalman_filter/src/kf_v3_node.cpp:47[m[K:
[5.025s] [01m[K/opt/ros/humble/include/rosbag2_cpp/rosbag2_cpp/writer.hpp:191:8:[m[K [01;36m[Knote: [m[Kcandidate: â€˜[01m[Ktemplate<class MessageT> void rosbag2_cpp::Writer::write(const MessageT&, const string&, const rclcpp::Time&)[m[Kâ€™
[5.025s]   191 |   void [01;36m[Kwrite[m[K(
[5.025s]       |        [01;36m[K^~~~~[m[K
[5.025s] [01m[K/opt/ros/humble/include/rosbag2_cpp/rosbag2_cpp/writer.hpp:191:8:[m[K [01;36m[Knote: [m[K  template argument deduction/substitution failed:
[5.026s] [01m[K/home/uwr/Desktop/2024_UWR/src/kalman_filter/src/kf_v3_node.cpp:376:47:[m[K [01;36m[Knote: [m[K  cannot convert â€˜[01m[K((kf_node*)this)->kf_node::measure_time_now[m[Kâ€™ (type â€˜[01m[Krclcpp::Time[m[Kâ€™) to type â€˜[01m[Kconst string&[m[Kâ€™ {aka â€˜[01m[Kconst std::__cxx11::basic_string<char>&[m[Kâ€™}
[5.026s]   376 |             writer_->write("Confidence_SONAR",[01;36m[Kmeasure_time_now[m[K,c1);
[5.026s]       |                                               [01;36m[K^~~~~~~~~~~~~~~~[m[K
[5.026s] In file included from [01m[K/home/uwr/Desktop/2024_UWR/src/kalman_filter/src/kf_v3_node.cpp:47[m[K:
[5.026s] [01m[K/opt/ros/humble/include/rosbag2_cpp/rosbag2_cpp/writer.hpp:122:8:[m[K [01;36m[Knote: [m[Kcandidate: â€˜[01m[Kvoid rosbag2_cpp::Writer::write(std::shared_ptr<rosbag2_storage::SerializedBagMessage>)[m[Kâ€™
[5.026s]   122 |   void [01;36m[Kwrite[m[K(std::shared_ptr<rosbag2_storage::SerializedBagMessage> message);
[5.026s]       |        [01;36m[K^~~~~[m[K
[5.026s] [01m[K/opt/ros/humble/include/rosbag2_cpp/rosbag2_cpp/writer.hpp:122:8:[m[K [01;36m[Knote: [m[K  candidate expects 1 argument, 3 provided
[5.026s] [01m[K/opt/ros/humble/include/rosbag2_cpp/rosbag2_cpp/writer.hpp:134:8:[m[K [01;36m[Knote: [m[Kcandidate: â€˜[01m[Kvoid rosbag2_cpp::Writer::write(std::shared_ptr<rosbag2_storage::SerializedBagMessage>, const string&, const string&, const string&)[m[Kâ€™
[5.026s]   134 |   void [01;36m[Kwrite[m[K(
[5.026s]       |        [01;36m[K^~~~~[m[K
[5.026s] [01m[K/opt/ros/humble/include/rosbag2_cpp/rosbag2_cpp/writer.hpp:135:60:[m[K [01;36m[Knote: [m[K  no known conversion for argument 1 from â€˜[01m[Kconst char [17][m[Kâ€™ to â€˜[01m[Kstd::shared_ptr<rosbag2_storage::SerializedBagMessage>[m[Kâ€™
[5.026s]   135 |     [01;36m[Kstd::shared_ptr<rosbag2_storage::SerializedBagMessage> message[m[K,
[5.026s]       |     [01;36m[K~~~~~~~~~~~~~~~~~~~~~~~~~~~~~~~~~~~~~~~~~~~~~~~~~~~~~~~^~~~~~~[m[K
[5.026s] [01m[K/opt/ros/humble/include/rosbag2_cpp/rosbag2_cpp/writer.hpp:156:8:[m[K [01;36m[Knote: [m[Kcandidate: â€˜[01m[Kvoid rosbag2_cpp::Writer::write(const rclcpp::SerializedMessage&, const string&, const string&, const rclcpp::Time&)[m[Kâ€™
[5.026s]   156 |   void [01;36m[Kwrite[m[K(
[5.026s]       |        [01;36m[K^~~~~[m[K
[5.026s] [01m[K/opt/ros/humble/include/rosbag2_cpp/rosbag2_cpp/writer.hpp:156:8:[m[K [01;36m[Knote: [m[K  candidate expects 4 arguments, 3 provided
[5.026s] [01m[K/opt/ros/humble/include/rosbag2_cpp/rosbag2_cpp/writer.hpp:174:8:[m[K [01;36m[Knote: [m[Kcandidate: â€˜[01m[Kvoid rosbag2_cpp::Writer::write(std::shared_ptr<rclcpp::SerializedMessage>, const string&, const string&, const rclcpp::Time&)[m[Kâ€™
[5.026s]   174 |   void [01;36m[Kwrite[m[K(
[5.026s]       |        [01;36m[K^~~~~[m[K
[5.027s] [01m[K/opt/ros/humble/include/rosbag2_cpp/rosbag2_cpp/writer.hpp:174:8:[m[K [01;36m[Knote: [m[K  candidate expects 4 arguments, 3 provided
[5.027s] [01m[K/home/uwr/Desktop/2024_UWR/src/kalman_filter/src/kf_v3_node.cpp:377:27:[m[K [01;31m[Kerror: [m[Kno matching function for call to â€˜[01m[Krosbag2_cpp::Writer::write(const char [9], rclcpp::Time&, sonar_msgs::msg::KfValues&)[m[Kâ€™
[5.027s]   377 |             [01;31m[Kwriter_->write("K_values",measure_time_now,k_vals)[m[K;
[5.027s]       |             [01;31m[K~~~~~~~~~~~~~~^~~~~~~~~~~~~~~~~~~~~~~~~~~~~~~~~~~~[m[K
[5.027s] In file included from [01m[K/home/uwr/Desktop/2024_UWR/src/kalman_filter/src/kf_v3_node.cpp:47[m[K:
[5.027s] [01m[K/opt/ros/humble/include/rosbag2_cpp/rosbag2_cpp/writer.hpp:191:8:[m[K [01;36m[Knote: [m[Kcandidate: â€˜[01m[Ktemplate<class MessageT> void rosbag2_cpp::Writer::write(const MessageT&, const string&, const rclcpp::Time&)[m[Kâ€™
[5.027s]   191 |   void [01;36m[Kwrite[m[K(
[5.027s]       |        [01;36m[K^~~~~[m[K
[5.027s] [01m[K/opt/ros/humble/include/rosbag2_cpp/rosbag2_cpp/writer.hpp:191:8:[m[K [01;36m[Knote: [m[K  template argument deduction/substitution failed:
[5.027s] [01m[K/home/uwr/Desktop/2024_UWR/src/kalman_filter/src/kf_v3_node.cpp:377:39:[m[K [01;36m[Knote: [m[K  cannot convert â€˜[01m[K((kf_node*)this)->kf_node::measure_time_now[m[Kâ€™ (type â€˜[01m[Krclcpp::Time[m[Kâ€™) to type â€˜[01m[Kconst string&[m[Kâ€™ {aka â€˜[01m[Kconst std::__cxx11::basic_string<char>&[m[Kâ€™}
[5.027s]   377 |             writer_->write("K_values",[01;36m[Kmeasure_time_now[m[K,k_vals);
[5.027s]       |                                       [01;36m[K^~~~~~~~~~~~~~~~[m[K
[5.027s] In file included from [01m[K/home/uwr/Desktop/2024_UWR/src/kalman_filter/src/kf_v3_node.cpp:47[m[K:
[5.027s] [01m[K/opt/ros/humble/include/rosbag2_cpp/rosbag2_cpp/writer.hpp:122:8:[m[K [01;36m[Knote: [m[Kcandidate: â€˜[01m[Kvoid rosbag2_cpp::Writer::write(std::shared_ptr<rosbag2_storage::SerializedBagMessage>)[m[Kâ€™
[5.027s]   122 |   void [01;36m[Kwrite[m[K(std::shared_ptr<rosbag2_storage::SerializedBagMessage> message);
[5.027s]       |        [01;36m[K^~~~~[m[K
[5.027s] [01m[K/opt/ros/humble/include/rosbag2_cpp/rosbag2_cpp/writer.hpp:122:8:[m[K [01;36m[Knote: [m[K  candidate expects 1 argument, 3 provided
[5.027s] [01m[K/opt/ros/humble/include/rosbag2_cpp/rosbag2_cpp/writer.hpp:134:8:[m[K [01;36m[Knote: [m[Kcandidate: â€˜[01m[Kvoid rosbag2_cpp::Writer::write(std::shared_ptr<rosbag2_storage::SerializedBagMessage>, const string&, const string&, const string&)[m[Kâ€™
[5.027s]   134 |   void [01;36m[Kwrite[m[K(
[5.027s]       |        [01;36m[K^~~~~[m[K
[5.028s] [01m[K/opt/ros/humble/include/rosbag2_cpp/rosbag2_cpp/writer.hpp:135:60:[m[K [01;36m[Knote: [m[K  no known conversion for argument 1 from â€˜[01m[Kconst char [9][m[Kâ€™ to â€˜[01m[Kstd::shared_ptr<rosbag2_storage::SerializedBagMessage>[m[Kâ€™
[5.028s]   135 |     [01;36m[Kstd::shared_ptr<rosbag2_storage::SerializedBagMessage> message[m[K,
[5.028s]       |     [01;36m[K~~~~~~~~~~~~~~~~~~~~~~~~~~~~~~~~~~~~~~~~~~~~~~~~~~~~~~~^~~~~~~[m[K
[5.028s] [01m[K/opt/ros/humble/include/rosbag2_cpp/rosbag2_cpp/writer.hpp:156:8:[m[K [01;36m[Knote: [m[Kcandidate: â€˜[01m[Kvoid rosbag2_cpp::Writer::write(const rclcpp::SerializedMessage&, const string&, const string&, const rclcpp::Time&)[m[Kâ€™
[5.028s]   156 |   void [01;36m[Kwrite[m[K(
[5.028s]       |        [01;36m[K^~~~~[m[K
[5.028s] [01m[K/opt/ros/humble/include/rosbag2_cpp/rosbag2_cpp/writer.hpp:156:8:[m[K [01;36m[Knote: [m[K  candidate expects 4 arguments, 3 provided
[5.028s] [01m[K/opt/ros/humble/include/rosbag2_cpp/rosbag2_cpp/writer.hpp:174:8:[m[K [01;36m[Knote: [m[Kcandidate: â€˜[01m[Kvoid rosbag2_cpp::Writer::write(std::shared_ptr<rclcpp::SerializedMessage>, const string&, const string&, const rclcpp::Time&)[m[Kâ€™
[5.028s]   174 |   void [01;36m[Kwrite[m[K(
[5.028s]       |        [01;36m[K^~~~~[m[K
[5.028s] [01m[K/opt/ros/humble/include/rosbag2_cpp/rosbag2_cpp/writer.hpp:174:8:[m[K [01;36m[Knote: [m[K  candidate expects 4 arguments, 3 provided
[5.028s] [01m[K/home/uwr/Desktop/2024_UWR/src/kalman_filter/src/kf_v3_node.cpp:378:22:[m[K [01;31m[Kerror: [m[Kâ€˜[01m[Kusing SharedPtr = class std::shared_ptr<rclcpp::Publisher<geometry_msgs::msg::PoseStamped_<std::allocator<void> > > >[m[Kâ€™ {aka â€˜[01m[Kclass std::shared_ptr<rclcpp::Publisher<geometry_msgs::msg::PoseStamped_<std::allocator<void> > > >[m[Kâ€™} has no member named â€˜[01m[Kpublish[m[Kâ€™
[5.028s]   378 |             pose_pub.[01;31m[Kpublish[m[K(pose_msg);
[5.028s]       |                      [01;31m[K^~~~~~~[m[K
[5.028s] [01m[K/home/uwr/Desktop/2024_UWR/src/kalman_filter/src/kf_v3_node.cpp:383:24:[m[K [01;31m[Kerror: [m[Kâ€˜[01m[Kusing SharedPtr = class std::shared_ptr<rclcpp::Publisher<sonar_msgs::msg::KfValues_<std::allocator<void> > > >[m[Kâ€™ {aka â€˜[01m[Kclass std::shared_ptr<rclcpp::Publisher<sonar_msgs::msg::KfValues_<std::allocator<void> > > >[m[Kâ€™} has no member named â€˜[01m[Kpublish[m[Kâ€™
[5.028s]   383 |             k_vals_pub.[01;31m[Kpublish[m[K(k_vals);
[5.028s]       |                        [01;31m[K^~~~~~~[m[K
[6.087s] gmake[2]: *** [CMakeFiles/kf.dir/build.make:76: CMakeFiles/kf.dir/src/kf_v3_node.cpp.o] Error 1
[6.087s] gmake[1]: *** [CMakeFiles/Makefile2:137: CMakeFiles/kf.dir/all] Error 2
[6.087s] gmake: *** [Makefile:146: all] Error 2
[6.090s] Invoked command in '/home/uwr/Desktop/2024_UWR/build/kalman_filter' returned '2': AMENT_PREFIX_PATH=/home/uwr/Desktop/2024_UWR/install/sonar_msgs:${AMENT_PREFIX_PATH} CMAKE_PREFIX_PATH=/home/uwr/Desktop/2024_UWR/install/sonar_msgs:/opt/ros/humble LD_LIBRARY_PATH=/home/uwr/Desktop/2024_UWR/install/sonar_msgs/lib:${LD_LIBRARY_PATH} PYTHONPATH=/home/uwr/Desktop/2024_UWR/install/sonar_msgs/local/lib/python3.10/dist-packages:${PYTHONPATH} /usr/bin/cmake --build /home/uwr/Desktop/2024_UWR/build/kalman_filter -- -j8 -l8
