Traceback (most recent call last):
  File "/home/saab/Desktop/2024_UWR/build/sonar_msgs/ament_cmake_python/sonar_msgs/setup.py", line 1, in <module>
    from setuptools import find_packages
  File "/usr/lib/python3/dist-packages/setuptools/__init__.py", line 8, in <module>
    import _distutils_hack.override  # noqa: F401
ModuleNotFoundError: No module named '_distutils_hack'
gmake[2]: *** [CMakeFiles/ament_cmake_python_build_sonar_msgs_egg.dir/build.make:70: CMakeFiles/ament_cmake_python_build_sonar_msgs_egg] Error 1
gmake[1]: *** [CMakeFiles/Makefile2:447: CMakeFiles/ament_cmake_python_build_sonar_msgs_egg.dir/all] Error 2
gmake: *** [Makefile:146: all] Error 2
