[  2%] Built target sonar_msgs__cpp
[ 12%] Built target sonar_msgs__rosidl_generator_c
[ 12%] Built target ament_cmake_python_symlink_sonar_msgs
[ 23%] Built target sonar_msgs__rosidl_typesupport_cpp
[ 36%] Built target sonar_msgs__rosidl_typesupport_introspection_cpp
[ 44%] Built target sonar_msgs__rosidl_typesupport_fastrtps_cpp
[ 55%] Built target sonar_msgs__rosidl_typesupport_c
[ 65%] Built target sonar_msgs__rosidl_typesupport_introspection_c
[ 76%] Built target sonar_msgs__rosidl_typesupport_fastrtps_c
[ 76%] Built target sonar_msgs
[ 78%] Built target sonar_msgs__py
[ 87%] Built target sonar_msgs__rosidl_generator_py
Traceback (most recent call last):
  File "/home/saab/Desktop/2024_UWR/build/sonar_msgs/ament_cmake_python/sonar_msgs/setup.py", line 1, in <module>
    from setuptools import find_packages
  File "/usr/lib/python3/dist-packages/setuptools/__init__.py", line 8, in <module>
    import _distutils_hack.override  # noqa: F401
ModuleNotFoundError: No module named '_distutils_hack'
[ 93%] Built target sonar_msgs__rosidl_typesupport_fastrtps_c__pyext
[ 95%] Built target sonar_msgs__rosidl_typesupport_introspection_c__pyext
[100%] Built target sonar_msgs__rosidl_typesupport_c__pyext
gmake[2]: *** [CMakeFiles/ament_cmake_python_build_sonar_msgs_egg.dir/build.make:70: CMakeFiles/ament_cmake_python_build_sonar_msgs_egg] Error 1
gmake[1]: *** [CMakeFiles/Makefile2:447: CMakeFiles/ament_cmake_python_build_sonar_msgs_egg.dir/all] Error 2
gmake: *** [Makefile:146: all] Error 2
