[0.014s] Invoking command in '/home/saab/Desktop/2024_UWR/build/sonar_msgs': CMAKE_PREFIX_PATH=${CMAKE_PREFIX_PATH}:/home/saab/Desktop/2024_UWR/install/sonar_subs:/opt/ros/humble /usr/bin/cmake --build /home/saab/Desktop/2024_UWR/build/sonar_msgs -- -j24 -l24
[0.050s] [  2%] Built target sonar_msgs__cpp
[0.051s] [ 12%] Built target sonar_msgs__rosidl_generator_c
[0.054s] [ 12%] Built target ament_cmake_python_symlink_sonar_msgs
[0.066s] [ 23%] Built target sonar_msgs__rosidl_typesupport_cpp
[0.067s] [ 36%] Built target sonar_msgs__rosidl_typesupport_introspection_cpp
[0.067s] [ 44%] Built target sonar_msgs__rosidl_typesupport_fastrtps_cpp
[0.067s] [ 55%] Built target sonar_msgs__rosidl_typesupport_c
[0.068s] [ 65%] Built target sonar_msgs__rosidl_typesupport_introspection_c
[0.069s] [ 76%] Built target sonar_msgs__rosidl_typesupport_fastrtps_c
[0.080s] [ 76%] Built target sonar_msgs
[0.092s] [ 78%] Built target sonar_msgs__py
[0.106s] [ 87%] Built target sonar_msgs__rosidl_generator_py
[0.113s] Traceback (most recent call last):
[0.113s]   File "/home/saab/Desktop/2024_UWR/build/sonar_msgs/ament_cmake_python/sonar_msgs/setup.py", line 1, in <module>
[0.113s]     from setuptools import find_packages
[0.113s]   File "/usr/lib/python3/dist-packages/setuptools/__init__.py", line 8, in <module>
[0.113s]     import _distutils_hack.override  # noqa: F401
[0.113s] ModuleNotFoundError: No module named '_distutils_hack'
[0.118s] [ 93%] Built target sonar_msgs__rosidl_typesupport_fastrtps_c__pyext
[0.118s] [ 95%] Built target sonar_msgs__rosidl_typesupport_introspection_c__pyext
[0.118s] [100%] Built target sonar_msgs__rosidl_typesupport_c__pyext
[0.121s] gmake[2]: *** [CMakeFiles/ament_cmake_python_build_sonar_msgs_egg.dir/build.make:70: CMakeFiles/ament_cmake_python_build_sonar_msgs_egg] Error 1
[0.122s] gmake[1]: *** [CMakeFiles/Makefile2:447: CMakeFiles/ament_cmake_python_build_sonar_msgs_egg.dir/all] Error 2
[0.122s] gmake: *** [Makefile:146: all] Error 2
[0.124s] Invoked command in '/home/saab/Desktop/2024_UWR/build/sonar_msgs' returned '2': CMAKE_PREFIX_PATH=${CMAKE_PREFIX_PATH}:/home/saab/Desktop/2024_UWR/install/sonar_subs:/opt/ros/humble /usr/bin/cmake --build /home/saab/Desktop/2024_UWR/build/sonar_msgs -- -j24 -l24
