[ 25%] [32mBuilding CXX object CMakeFiles/kf.dir/src/kf_v3_bag_processing.cpp.o[0m
[ 50%] [32mBuilding CXX object CMakeFiles/kf.dir/src/sonar_processing.cpp.o[0m
[01m[K/home/uwr/Desktop/2024_UWR/src/kalman_filter/src/kf_v3_bag_processing.cpp:1:10:[m[K [01;31m[Kfatal error: [m[Krclcpp/rclcpp.hpp: No such file or directory
    1 | #include [01;31m[K<rclcpp/rclcpp.hpp>[m[K
      |          [01;31m[K^~~~~~~~~~~~~~~~~~~[m[K
compilation terminated.
gmake[2]: *** [CMakeFiles/kf.dir/build.make:90: CMakeFiles/kf.dir/src/kf_v3_bag_processing.cpp.o] Error 1
gmake[2]: *** Waiting for unfinished jobs....
[01m[K/home/uwr/Desktop/2024_UWR/src/kalman_filter/src/sonar_processing.cpp:4:10:[m[K [01;31m[Kfatal error: [m[Kros/ros.h: No such file or directory
    4 | #include [01;31m[K<ros/ros.h>[m[K  // Include ROS headers
      |          [01;31m[K^~~~~~~~~~~[m[K
compilation terminated.
gmake[2]: *** [CMakeFiles/kf.dir/build.make:104: CMakeFiles/kf.dir/src/sonar_processing.cpp.o] Error 1
gmake[1]: *** [CMakeFiles/Makefile2:137: CMakeFiles/kf.dir/all] Error 2
gmake: *** [Makefile:146: all] Error 2
