[0.022s] Invoking command in '/home/uwr/Desktop/2024_UWR/build/kalman_filter': CMAKE_PREFIX_PATH=/opt/ros/humble /usr/bin/cmake --build /home/uwr/Desktop/2024_UWR/build/kalman_filter -- -j8 -l8
[0.052s] -- Found ament_cmake: 1.3.10 (/opt/ros/humble/share/ament_cmake/cmake)
[0.367s] -- Found ament_lint_auto: 0.12.11 (/opt/ros/humble/share/ament_lint_auto/cmake)
[0.473s] -- Added test 'cppcheck' to perform static code analysis on C / C++ code
[0.473s] -- Configured cppcheck include dirs: $<BUILD_INTERFACE:/home/uwr/Desktop/2024_UWR/src/kalman_filter/include>
[0.473s] -- Configured cppcheck exclude dirs and/or files: 
[0.474s] -- Added test 'lint_cmake' to check CMake code style
[0.475s] -- Added test 'uncrustify' to check C / C++ code style
[0.476s] -- Configured uncrustify additional arguments: 
[0.476s] -- Added test 'xmllint' to check XML markup files
[0.477s] -- Configuring done
[0.483s] -- Generating done
[0.484s] -- Build files have been written to: /home/uwr/Desktop/2024_UWR/build/kalman_filter
[0.508s] [35m[1mConsolidate compiler generated dependencies of target kf[0m
[0.530s] [ 25%] [32mBuilding CXX object CMakeFiles/kf.dir/src/sonar_processing.cpp.o[0m
[0.531s] [ 50%] [32mBuilding CXX object CMakeFiles/kf.dir/src/kf_v3_bag_processing.cpp.o[0m
[0.540s] [01m[K/home/uwr/Desktop/2024_UWR/src/kalman_filter/src/kf_v3_bag_processing.cpp:1:10:[m[K [01;31m[Kfatal error: [m[Kros/ros.h: No such file or directory
[0.541s]     1 | #include [01;31m[K<ros/ros.h>[m[K
[0.541s]       |          [01;31m[K^~~~~~~~~~~[m[K
[0.541s] compilation terminated.
[0.541s] gmake[2]: *** [CMakeFiles/kf.dir/build.make:90: CMakeFiles/kf.dir/src/kf_v3_bag_processing.cpp.o] Error 1
[0.542s] gmake[2]: *** Waiting for unfinished jobs....
[1.175s] [01m[K/home/uwr/Desktop/2024_UWR/src/kalman_filter/src/sonar_processing.cpp:4:10:[m[K [01;31m[Kfatal error: [m[Kros/ros.h: No such file or directory
[1.175s]     4 | #include [01;31m[K<ros/ros.h>[m[K  // Include ROS headers
[1.175s]       |          [01;31m[K^~~~~~~~~~~[m[K
[1.176s] compilation terminated.
[1.184s] gmake[2]: *** [CMakeFiles/kf.dir/build.make:104: CMakeFiles/kf.dir/src/sonar_processing.cpp.o] Error 1
[1.184s] gmake[1]: *** [CMakeFiles/Makefile2:137: CMakeFiles/kf.dir/all] Error 2
[1.184s] gmake: *** [Makefile:146: all] Error 2
[1.295s] Invoked command in '/home/uwr/Desktop/2024_UWR/build/kalman_filter' returned '2': CMAKE_PREFIX_PATH=/opt/ros/humble /usr/bin/cmake --build /home/uwr/Desktop/2024_UWR/build/kalman_filter -- -j8 -l8
