[0.013s] Invoking command in '/home/uwr/Desktop/2024_UWR/build/kalman_filter': AMENT_PREFIX_PATH=/home/uwr/Desktop/2024_UWR/install/sonar_msgs:${AMENT_PREFIX_PATH} CMAKE_PREFIX_PATH=/home/uwr/Desktop/2024_UWR/install/sonar_msgs:/opt/ros/humble LD_LIBRARY_PATH=/home/uwr/Desktop/2024_UWR/install/sonar_msgs/lib:${LD_LIBRARY_PATH} PYTHONPATH=/home/uwr/Desktop/2024_UWR/install/sonar_msgs/local/lib/python3.10/dist-packages:${PYTHONPATH} /usr/bin/cmake --build /home/uwr/Desktop/2024_UWR/build/kalman_filter -- -j8 -l8
[0.038s] -- Found ament_cmake: 1.3.10 (/opt/ros/humble/share/ament_cmake/cmake)
[0.173s] -- Found rclcpp: 16.0.10 (/opt/ros/humble/share/rclcpp/cmake)
[0.202s] -- Found rosidl_generator_c: 3.1.5 (/opt/ros/humble/share/rosidl_generator_c/cmake)
[0.204s] -- Found rosidl_adapter: 3.1.5 (/opt/ros/humble/share/rosidl_adapter/cmake)
[0.210s] -- Found rosidl_generator_cpp: 3.1.5 (/opt/ros/humble/share/rosidl_generator_cpp/cmake)
[0.223s] -- Using all available rosidl_typesupport_c: rosidl_typesupport_fastrtps_c;rosidl_typesupport_introspection_c
[0.236s] -- Using all available rosidl_typesupport_cpp: rosidl_typesupport_fastrtps_cpp;rosidl_typesupport_introspection_cpp
[0.271s] -- Found rmw_implementation_cmake: 6.1.2 (/opt/ros/humble/share/rmw_implementation_cmake/cmake)
[0.272s] -- Found rmw_fastrtps_cpp: 6.2.7 (/opt/ros/humble/share/rmw_fastrtps_cpp/cmake)
[0.372s] -- Using RMW implementation 'rmw_fastrtps_cpp' as default
[0.432s] -- Found sonar_msgs: 0.0.0 (/home/uwr/Desktop/2024_UWR/install/sonar_msgs/share/sonar_msgs/cmake)
[0.445s] -- Found sensor_msgs: 4.2.4 (/opt/ros/humble/share/sensor_msgs/cmake)
[0.476s] -- Found tf2: 0.25.7 (/opt/ros/humble/share/tf2/cmake)
[0.480s] -- Found tf2_geometry_msgs: 0.25.7 (/opt/ros/humble/share/tf2_geometry_msgs/cmake)
[0.483s] -- Found eigen3_cmake_module: 0.1.1 (/opt/ros/humble/share/eigen3_cmake_module/cmake)
[0.485s] -- Ensuring Eigen3 include directory is part of orocos-kdl CMake target
[0.585s] -- Found rosbag2_cpp: 0.15.12 (/opt/ros/humble/share/rosbag2_cpp/cmake)
[0.621s] -- Found ament_lint_auto: 0.12.11 (/opt/ros/humble/share/ament_lint_auto/cmake)
[0.692s] -- Added test 'copyright' to check source files copyright and LICENSE
[0.693s] -- Added test 'cppcheck' to perform static code analysis on C / C++ code
[0.693s] -- Configured cppcheck include dirs: $<BUILD_INTERFACE:/home/uwr/Desktop/2024_UWR/src/kalman_filter/include>
[0.693s] -- Configured cppcheck exclude dirs and/or files: 
[0.694s] -- Added test 'lint_cmake' to check CMake code style
[0.695s] -- Added test 'uncrustify' to check C / C++ code style
[0.695s] -- Configured uncrustify additional arguments: 
[0.695s] -- Added test 'xmllint' to check XML markup files
[0.696s] -- Configuring done
[0.713s] -- Generating done
[0.715s] -- Build files have been written to: /home/uwr/Desktop/2024_UWR/build/kalman_filter
[0.745s] [35m[1mConsolidate compiler generated dependencies of target kf[0m
[0.769s] [ 20%] [32mBuilding CXX object CMakeFiles/kf.dir/src/kf_v3_node.cpp.o[0m
[0.770s] [ 40%] [32mBuilding CXX object CMakeFiles/kf.dir/src/kf.cpp.o[0m
[0.773s] [ 60%] [32mBuilding CXX object CMakeFiles/kf.dir/src/sonar_processing.cpp.o[0m
[0.773s] [ 80%] [32mBuilding CXX object CMakeFiles/kf.dir/src/kf_v3_bag_processing.cpp.o[0m
[4.803s] [01m[K/home/uwr/Desktop/2024_UWR/src/kalman_filter/src/sonar_processing.cpp:[m[K In member function â€˜[01m[Kdouble SonarProcess::MovingAvg(const float&)[m[Kâ€™:
[4.803s] [01m[K/home/uwr/Desktop/2024_UWR/src/kalman_filter/src/sonar_processing.cpp:58:34:[m[K [01;35m[Kwarning: [m[Kcomparison of integer expressions of different signedness: â€˜[01m[Kstd::deque<double>::size_type[m[Kâ€™ {aka â€˜[01m[Klong unsigned int[m[Kâ€™} and â€˜[01m[Kint[m[Kâ€™ [[01;35m[K]8;;https://gcc.gnu.org/onlinedocs/gcc/Warning-Options.html#index-Wsign-compare-Wsign-compare]8;;[m[K]
[4.803s]    58 |     if ([01;35m[Kmoving_avg_window.size() == window_size[m[K) {
[4.803s]       |         [01;35m[K~~~~~~~~~~~~~~~~~~~~~~~~~^~~~~~~~~~~~~~[m[K
[6.961s] [01m[K/home/uwr/Desktop/2024_UWR/src/kalman_filter/src/kf_v3_node.cpp:214:48:[m[K [01;31m[Kerror: [m[Kâ€˜[01m[KshartedPtr[m[Kâ€™ in namespace â€˜[01m[Ksonar_msgs::msg[m[Kâ€™ does not name a type
[6.962s]   214 |     void sonar_callback(const sonar_msgs::msg::[01;31m[KshartedPtr[m[K& msg) {
[6.962s]       |                                                [01;31m[K^~~~~~~~~~[m[K
[6.962s] [01m[K/home/uwr/Desktop/2024_UWR/src/kalman_filter/src/kf_v3_node.cpp:398:43:[m[K [01;31m[Kerror: [m[Kâ€˜[01m[Kpose_stamped[m[Kâ€™ is not a member of â€˜[01m[Kgeometry_msgs::msg[m[Kâ€™; did you mean â€˜[01m[KPoseStamped[m[Kâ€™?
[6.962s]   398 |     rclcpp::Publisher<geometry_msgs::msg::[01;31m[Kpose_stamped[m[K>::SharedPtr pose_pub;
[6.962s]       |                                           [01;31m[K^~~~~~~~~~~~[m[K
[6.962s]       |                                           [32m[KPoseStamped[m[K
[6.962s] [01m[K/home/uwr/Desktop/2024_UWR/src/kalman_filter/src/kf_v3_node.cpp:398:55:[m[K [01;31m[Kerror: [m[Ktemplate argument 1 is invalid
[6.962s]   398 |     rclcpp::Publisher<geometry_msgs::msg::pose_stamped[01;31m[K>[m[K::SharedPtr pose_pub;
[6.962s]       |                                                       [01;31m[K^[m[K
[6.962s] [01m[K/home/uwr/Desktop/2024_UWR/src/kalman_filter/src/kf_v3_node.cpp:398:58:[m[K [01;31m[Kerror: [m[Kexpected â€˜[01m[K;[m[Kâ€™ at end of member declaration
[6.962s]   398 |     rclcpp::Publisher<geometry_msgs::msg::pose_stamped>::[01;31m[KSharedPtr[m[K pose_pub;
[6.962s]       |                                                          [01;31m[K^~~~~~~~~[m[K
[6.963s]       |                                                                   [32m[K;[m[K
[6.964s] [01m[K/home/uwr/Desktop/2024_UWR/src/kalman_filter/src/kf_v3_node.cpp:398:68:[m[K [01;31m[Kerror: [m[Kâ€˜[01m[Kpose_pub[m[Kâ€™ does not name a type
[6.965s]   398 |     rclcpp::Publisher<geometry_msgs::msg::pose_stamped>::SharedPtr [01;31m[Kpose_pub[m[K;
[6.965s]       |                                                                    [01;31m[K^~~~~~~~[m[K
[6.965s] [01m[K/home/uwr/Desktop/2024_UWR/src/kalman_filter/src/kf_v3_node.cpp:399:40:[m[K [01;31m[Kerror: [m[Kâ€˜[01m[Kconf_scal[m[Kâ€™ is not a member of â€˜[01m[Ksonar_msgs::msg[m[Kâ€™; did you mean â€˜[01m[KConfScal[m[Kâ€™?
[6.965s]   399 |     rclcpp::Publisher<sonar_msgs::msg::[01;31m[Kconf_scal[m[K>::SharedPtr confidence_pub;
[6.965s]       |                                        [01;31m[K^~~~~~~~~[m[K
[6.965s]       |                                        [32m[KConfScal[m[K
[6.965s] [01m[K/home/uwr/Desktop/2024_UWR/src/kalman_filter/src/kf_v3_node.cpp:399:49:[m[K [01;31m[Kerror: [m[Ktemplate argument 1 is invalid
[6.965s]   399 |     rclcpp::Publisher<sonar_msgs::msg::conf_scal[01;31m[K>[m[K::SharedPtr confidence_pub;
[6.965s]       |                                                 [01;31m[K^[m[K
[6.965s] [01m[K/home/uwr/Desktop/2024_UWR/src/kalman_filter/src/kf_v3_node.cpp:399:52:[m[K [01;31m[Kerror: [m[Kexpected â€˜[01m[K;[m[Kâ€™ at end of member declaration
[6.965s]   399 |     rclcpp::Publisher<sonar_msgs::msg::conf_scal>::[01;31m[KSharedPtr[m[K confidence_pub;
[6.965s]       |                                                    [01;31m[K^~~~~~~~~[m[K
[6.965s]       |                                                             [32m[K;[m[K
[6.965s] [01m[K/home/uwr/Desktop/2024_UWR/src/kalman_filter/src/kf_v3_node.cpp:399:52:[m[K [01;31m[Kerror: [m[Kredeclaration of â€˜[01m[Kint kf_node::SharedPtr[m[Kâ€™
[6.966s] [01m[K/home/uwr/Desktop/2024_UWR/src/kalman_filter/src/kf_v3_node.cpp:398:58:[m[K [01;36m[Knote: [m[Kprevious declaration â€˜[01m[Kint kf_node::SharedPtr[m[Kâ€™
[6.966s]   398 |     rclcpp::Publisher<geometry_msgs::msg::pose_stamped>::[01;36m[KSharedPtr[m[K pose_pub;
[6.966s]       |                                                          [01;36m[K^~~~~~~~~[m[K
[6.968s] [01m[K/home/uwr/Desktop/2024_UWR/src/kalman_filter/src/kf_v3_node.cpp:399:62:[m[K [01;31m[Kerror: [m[Kâ€˜[01m[Kconfidence_pub[m[Kâ€™ does not name a type
[6.968s]   399 |     rclcpp::Publisher<sonar_msgs::msg::conf_scal>::SharedPtr [01;31m[Kconfidence_pub[m[K;
[6.969s]       |                                                              [01;31m[K^~~~~~~~~~~~~~[m[K
[6.969s] [01m[K/home/uwr/Desktop/2024_UWR/src/kalman_filter/src/kf_v3_node.cpp:400:40:[m[K [01;31m[Kerror: [m[Kâ€˜[01m[Kkf_values[m[Kâ€™ is not a member of â€˜[01m[Ksonar_msgs::msg[m[Kâ€™; did you mean â€˜[01m[KKfValues[m[Kâ€™?
[6.969s]   400 |     rclcpp::Publisher<sonar_msgs::msg::[01;31m[Kkf_values[m[K>::SharedPtr k_vals_pub;
[6.969s]       |                                        [01;31m[K^~~~~~~~~[m[K
[6.969s]       |                                        [32m[KKfValues[m[K
[6.969s] [01m[K/home/uwr/Desktop/2024_UWR/src/kalman_filter/src/kf_v3_node.cpp:400:49:[m[K [01;31m[Kerror: [m[Ktemplate argument 1 is invalid
[6.969s]   400 |     rclcpp::Publisher<sonar_msgs::msg::kf_values[01;31m[K>[m[K::SharedPtr k_vals_pub;
[6.969s]       |                                                 [01;31m[K^[m[K
[6.969s] [01m[K/home/uwr/Desktop/2024_UWR/src/kalman_filter/src/kf_v3_node.cpp:400:52:[m[K [01;31m[Kerror: [m[Kexpected â€˜[01m[K;[m[Kâ€™ at end of member declaration
[6.969s]   400 |     rclcpp::Publisher<sonar_msgs::msg::kf_values>::[01;31m[KSharedPtr[m[K k_vals_pub;
[6.969s]       |                                                    [01;31m[K^~~~~~~~~[m[K
[6.969s]       |                                                             [32m[K;[m[K
[6.969s] [01m[K/home/uwr/Desktop/2024_UWR/src/kalman_filter/src/kf_v3_node.cpp:400:52:[m[K [01;31m[Kerror: [m[Kredeclaration of â€˜[01m[Kint kf_node::SharedPtr[m[Kâ€™
[6.970s] [01m[K/home/uwr/Desktop/2024_UWR/src/kalman_filter/src/kf_v3_node.cpp:398:58:[m[K [01;36m[Knote: [m[Kprevious declaration â€˜[01m[Kint kf_node::SharedPtr[m[Kâ€™
[6.970s]   398 |     rclcpp::Publisher<geometry_msgs::msg::pose_stamped>::[01;36m[KSharedPtr[m[K pose_pub;
[6.970s]       |                                                          [01;36m[K^~~~~~~~~[m[K
[6.971s] [01m[K/home/uwr/Desktop/2024_UWR/src/kalman_filter/src/kf_v3_node.cpp:400:62:[m[K [01;31m[Kerror: [m[Kâ€˜[01m[Kk_vals_pub[m[Kâ€™ does not name a type
[6.971s]   400 |     rclcpp::Publisher<sonar_msgs::msg::kf_values>::SharedPtr [01;31m[Kk_vals_pub[m[K;
[6.971s]       |                                                              [01;31m[K^~~~~~~~~~[m[K
[6.974s] [01m[K/home/uwr/Desktop/2024_UWR/src/kalman_filter/src/kf_v3_node.cpp:413:17:[m[K [01;31m[Kerror: [m[Kâ€˜[01m[Kconf_scal[m[Kâ€™ in namespace â€˜[01m[Ksonar_msgs[m[Kâ€™ does not name a type
[6.974s]   413 |     sonar_msgs::[01;31m[Kconf_scal[m[K c1;
[6.974s]       |                 [01;31m[K^~~~~~~~~[m[K
[6.992s] [01m[K/home/uwr/Desktop/2024_UWR/src/kalman_filter/src/kf_v3_node.cpp:433:17:[m[K [01;31m[Kerror: [m[Kâ€˜[01m[KkValues[m[Kâ€™ in namespace â€˜[01m[Ksonar_msgs[m[Kâ€™ does not name a type
[6.992s]   433 |     sonar_msgs::[01;31m[KkValues[m[K k_vals;
[6.992s]       |                 [01;31m[K^~~~~~~[m[K
[7.001s] [01m[K/home/uwr/Desktop/2024_UWR/src/kalman_filter/src/kf_v3_node.cpp:[m[K In constructor â€˜[01m[Kkf_node::kf_node()[m[Kâ€™:
[7.001s] [01m[K/home/uwr/Desktop/2024_UWR/src/kalman_filter/src/kf_v3_node.cpp:63:9:[m[K [01;31m[Kerror: [m[Kâ€˜[01m[Kpose_pub[m[Kâ€™ was not declared in this scope
[7.001s]    63 |         [01;31m[Kpose_pub[m[K = this->create_publisher<geometry_msgs::msg::PoseStamped>("pose_topic", 10);
[7.001s]       |         [01;31m[K^~~~~~~~[m[K
[7.058s] [01m[K/home/uwr/Desktop/2024_UWR/src/kalman_filter/src/kf_v3_node.cpp:64:9:[m[K [01;31m[Kerror: [m[Kâ€˜[01m[Kconfidence_pub[m[Kâ€™ was not declared in this scope
[7.059s]    64 |         [01;31m[Kconfidence_pub[m[K = this->create_publisher<sonar_msgs::msg::conf_scal>("confidence_topic", 10);
[7.059s]       |         [01;31m[K^~~~~~~~~~~~~~[m[K
[7.059s] [01m[K/home/uwr/Desktop/2024_UWR/src/kalman_filter/src/kf_v3_node.cpp:64:66:[m[K [01;31m[Kerror: [m[Kâ€˜[01m[Kconf_scal[m[Kâ€™ is not a member of â€˜[01m[Ksonar_msgs::msg[m[Kâ€™; did you mean â€˜[01m[KConfScal[m[Kâ€™?
[7.059s]    64 |         confidence_pub = this->create_publisher<sonar_msgs::msg::[01;31m[Kconf_scal[m[K>("confidence_topic", 10);
[7.059s]       |                                                                  [01;31m[K^~~~~~~~~[m[K
[7.059s]       |                                                                  [32m[KConfScal[m[K
[7.059s] [01m[K/home/uwr/Desktop/2024_UWR/src/kalman_filter/src/kf_v3_node.cpp:64:76:[m[K [01;31m[Kerror: [m[Kno matching function for call to â€˜[01m[Kkf_node::create_publisher<<expression error> >(const char [17], int)[m[Kâ€™
[7.059s]    64 |         confidence_pub = [01;31m[Kthis->create_publisher<sonar_msgs::msg::conf_scal>("confidence_topic", 10)[m[K;
[7.059s]       |                          [01;31m[K~~~~~~~~~~~~~~~~~~~~~~~~~~~~~~~~~~~~~~~~~~~~~~~~~~^~~~~~~~~~~~~~~~~~~~~~~~[m[K
[7.067s] In file included from [01m[K/opt/ros/humble/include/rclcpp/rclcpp/node.hpp:1321[m[K,
[7.067s]                  from [01m[K/opt/ros/humble/include/rclcpp/rclcpp/executors/single_threaded_executor.hpp:28[m[K,
[7.067s]                  from [01m[K/opt/ros/humble/include/rclcpp/rclcpp/executors.hpp:22[m[K,
[7.067s]                  from [01m[K/opt/ros/humble/include/rclcpp/rclcpp/rclcpp.hpp:155[m[K,
[7.067s]                  from [01m[K/home/uwr/Desktop/2024_UWR/src/kalman_filter/src/kf_v3_node.cpp:1[m[K:
[7.067s] [01m[K/opt/ros/humble/include/rclcpp/rclcpp/node_impl.hpp:73:1:[m[K [01;36m[Knote: [m[Kcandidate: â€˜[01m[Ktemplate<class MessageT, class AllocatorT, class PublisherT> std::shared_ptr<PublisherT> rclcpp::Node::create_publisher(const string&, const rclcpp::QoS&, const rclcpp::PublisherOptionsWithAllocator<AllocatorT>&)[m[Kâ€™
[7.067s]    73 | [01;36m[KNode[m[K::create_publisher(
[7.067s]       | [01;36m[K^~~~[m[K
[7.067s] [01m[K/opt/ros/humble/include/rclcpp/rclcpp/node_impl.hpp:73:1:[m[K [01;36m[Knote: [m[K  template argument deduction/substitution failed:
[7.067s] [01m[K/home/uwr/Desktop/2024_UWR/src/kalman_filter/src/kf_v3_node.cpp:64:76:[m[K [01;31m[Kerror: [m[Ktemplate argument 1 is invalid
[7.067s]    64 |         confidence_pub = [01;31m[Kthis->create_publisher<sonar_msgs::msg::conf_scal>("confidence_topic", 10)[m[K;
[7.068s]       |                          [01;31m[K~~~~~~~~~~~~~~~~~~~~~~~~~~~~~~~~~~~~~~~~~~~~~~~~~~^~~~~~~~~~~~~~~~~~~~~~~~[m[K
[7.074s] [01m[K/home/uwr/Desktop/2024_UWR/src/kalman_filter/src/kf_v3_node.cpp:65:9:[m[K [01;31m[Kerror: [m[Kâ€˜[01m[Kk_vals_pub[m[Kâ€™ was not declared in this scope
[7.075s]    65 |         [01;31m[Kk_vals_pub[m[K = this->create_publisher<sonar_msgs::msg::kf_values>("k_vals_topic", 10);
[7.075s]       |         [01;31m[K^~~~~~~~~~[m[K
[7.075s] [01m[K/home/uwr/Desktop/2024_UWR/src/kalman_filter/src/kf_v3_node.cpp:65:62:[m[K [01;31m[Kerror: [m[Kâ€˜[01m[Kkf_values[m[Kâ€™ is not a member of â€˜[01m[Ksonar_msgs::msg[m[Kâ€™; did you mean â€˜[01m[KKfValues[m[Kâ€™?
[7.075s]    65 |         k_vals_pub = this->create_publisher<sonar_msgs::msg::[01;31m[Kkf_values[m[K>("k_vals_topic", 10);
[7.075s]       |                                                              [01;31m[K^~~~~~~~~[m[K
[7.075s]       |                                                              [32m[KKfValues[m[K
[7.075s] [01m[K/home/uwr/Desktop/2024_UWR/src/kalman_filter/src/kf_v3_node.cpp:65:72:[m[K [01;31m[Kerror: [m[Kno matching function for call to â€˜[01m[Kkf_node::create_publisher<<expression error> >(const char [13], int)[m[Kâ€™
[7.075s]    65 |         k_vals_pub = [01;31m[Kthis->create_publisher<sonar_msgs::msg::kf_values>("k_vals_topic", 10)[m[K;
[7.075s]       |                      [01;31m[K~~~~~~~~~~~~~~~~~~~~~~~~~~~~~~~~~~~~~~~~~~~~~~~~~~^~~~~~~~~~~~~~~~~~~~[m[K
[7.075s] In file included from [01m[K/opt/ros/humble/include/rclcpp/rclcpp/node.hpp:1321[m[K,
[7.076s]                  from [01m[K/opt/ros/humble/include/rclcpp/rclcpp/executors/single_threaded_executor.hpp:28[m[K,
[7.076s]                  from [01m[K/opt/ros/humble/include/rclcpp/rclcpp/executors.hpp:22[m[K,
[7.076s]                  from [01m[K/opt/ros/humble/include/rclcpp/rclcpp/rclcpp.hpp:155[m[K,
[7.076s]                  from [01m[K/home/uwr/Desktop/2024_UWR/src/kalman_filter/src/kf_v3_node.cpp:1[m[K:
[7.076s] [01m[K/opt/ros/humble/include/rclcpp/rclcpp/node_impl.hpp:73:1:[m[K [01;36m[Knote: [m[Kcandidate: â€˜[01m[Ktemplate<class MessageT, class AllocatorT, class PublisherT> std::shared_ptr<PublisherT> rclcpp::Node::create_publisher(const string&, const rclcpp::QoS&, const rclcpp::PublisherOptionsWithAllocator<AllocatorT>&)[m[Kâ€™
[7.076s]    73 | [01;36m[KNode[m[K::create_publisher(
[7.076s]       | [01;36m[K^~~~[m[K
[7.076s] [01m[K/opt/ros/humble/include/rclcpp/rclcpp/node_impl.hpp:73:1:[m[K [01;36m[Knote: [m[K  template argument deduction/substitution failed:
[7.076s] [01m[K/home/uwr/Desktop/2024_UWR/src/kalman_filter/src/kf_v3_node.cpp:65:72:[m[K [01;31m[Kerror: [m[Ktemplate argument 1 is invalid
[7.076s]    65 |         k_vals_pub = [01;31m[Kthis->create_publisher<sonar_msgs::msg::kf_values>("k_vals_topic", 10)[m[K;
[7.076s]       |                      [01;31m[K~~~~~~~~~~~~~~~~~~~~~~~~~~~~~~~~~~~~~~~~~~~~~~~~~~^~~~~~~~~~~~~~~~~~~~[m[K
[7.081s] [01m[K/home/uwr/Desktop/2024_UWR/src/kalman_filter/src/kf_v3_node.cpp:101:31:[m[K [01;31m[Kerror: [m[Kâ€˜[01m[Knode[m[Kâ€™ was not declared in this scope; did you mean â€˜[01m[KYAML::detail::node[m[Kâ€™?
[7.081s]   101 |         auto imu_subscriber = [01;31m[Knode[m[K->create_subscription<sensor_msgs::msg::Imu>(
[7.081s]       |                               [01;31m[K^~~~[m[K
[7.081s]       |                               [32m[KYAML::detail::node[m[K
[7.081s] In file included from [01m[K/usr/include/yaml-cpp/node/impl.h:12[m[K,
[7.081s]                  from [01m[K/usr/include/yaml-cpp/yaml.h:17[m[K,
[7.081s]                  from [01m[K/opt/ros/humble/include/rosbag2_storage/rosbag2_storage/yaml.hpp:27[m[K,
[7.082s]                  from [01m[K/opt/ros/humble/include/rosbag2_storage/rosbag2_storage/storage_options.hpp:22[m[K,
[7.082s]                  from [01m[K/opt/ros/humble/include/rosbag2_cpp/rosbag2_cpp/writer_interfaces/base_writer_interface.hpp:25[m[K,
[7.082s]                  from [01m[K/opt/ros/humble/include/rosbag2_cpp/rosbag2_cpp/writers/sequential_writer.hpp:31[m[K,
[7.082s]                  from [01m[K/opt/ros/humble/include/rosbag2_cpp/rosbag2_cpp/writer.hpp:31[m[K,
[7.082s]                  from [01m[K/home/uwr/Desktop/2024_UWR/src/kalman_filter/src/kf_v3_node.cpp:47[m[K:
[7.082s] [01m[K/usr/include/yaml-cpp/node/detail/node.h:20:7:[m[K [01;36m[Knote: [m[Kâ€˜[01m[KYAML::detail::node[m[Kâ€™ declared here
[7.082s]    20 | class [01;36m[Knode[m[K {
[7.082s]       |       [01;36m[K^~~~[m[K
[7.082s] [01m[K/home/uwr/Desktop/2024_UWR/src/kalman_filter/src/kf_v3_node.cpp:101:78:[m[K [01;31m[Kerror: [m[Kexpected primary-expression before â€˜[01m[K>[m[Kâ€™ token
[7.082s]   101 |         auto imu_subscriber = node->create_subscription<sensor_msgs::msg::Imu[01;31m[K>[m[K(
[7.082s]       |                                                                              [01;31m[K^[m[K
[7.082s] [01m[K/home/uwr/Desktop/2024_UWR/src/kalman_filter/src/kf_v3_node.cpp:102:9:[m[K [01;35m[Kwarning: [m[Kleft operand of comma operator has no effect [[01;35m[K]8;;https://gcc.gnu.org/onlinedocs/gcc/Warning-Options.html#index-Wunused-value-Wunused-value]8;;[m[K]
[7.083s]   102 |         [01;35m[Kimu_param[m[K, 10, std::bind(&kf_node::imu_callback, this, std::placeholders::_1));
[7.083s]       |         [01;35m[K^~~~~~~~~[m[K
[7.089s] [01m[K/home/uwr/Desktop/2024_UWR/src/kalman_filter/src/kf_v3_node.cpp:102:85:[m[K [01;35m[Kwarning: [m[Kright operand of comma operator has no effect [[01;35m[K]8;;https://gcc.gnu.org/onlinedocs/gcc/Warning-Options.html#index-Wunused-value-Wunused-value]8;;[m[K]
[7.089s]   102 |         imu_param, 10, std::bind(&kf_node::imu_callback, this, std::placeholders::_1[01;35m[K)[m[K);
[7.089s]       |                                                                                     [01;35m[K^[m[K
[7.090s] [01m[K/home/uwr/Desktop/2024_UWR/src/kalman_filter/src/kf_v3_node.cpp:104:77:[m[K [01;31m[Kerror: [m[Kâ€˜[01m[Kthree_sonar_depth[m[Kâ€™ is not a member of â€˜[01m[Ksensor_msgs::msg[m[Kâ€™
[7.090s]   104 |         auto sonar_subscriber = node->create_subscription<sensor_msgs::msg::[01;31m[Kthree_sonar_depth[m[K>(
[7.090s]       |                                                                             [01;31m[K^~~~~~~~~~~~~~~~~[m[K
[7.090s] [01m[K/home/uwr/Desktop/2024_UWR/src/kalman_filter/src/kf_v3_node.cpp:105:9:[m[K [01;35m[Kwarning: [m[Kleft operand of comma operator has no effect [[01;35m[K]8;;https://gcc.gnu.org/onlinedocs/gcc/Warning-Options.html#index-Wunused-value-Wunused-value]8;;[m[K]
[7.090s]   105 |         [01;35m[Ksonar_param[m[K, 10, std::bind(&kf_node::sonar_callback, this, std::placeholders::_1));
[7.090s]       |         [01;35m[K^~~~~~~~~~~[m[K
[7.092s] [01m[K/home/uwr/Desktop/2024_UWR/src/kalman_filter/src/kf_v3_node.cpp:105:89:[m[K [01;35m[Kwarning: [m[Kright operand of comma operator has no effect [[01;35m[K]8;;https://gcc.gnu.org/onlinedocs/gcc/Warning-Options.html#index-Wunused-value-Wunused-value]8;;[m[K]
[7.092s]   105 |         sonar_param, 10, std::bind(&kf_node::sonar_callback, this, std::placeholders::_1[01;35m[K)[m[K);
[7.092s]       |                                                                                         [01;35m[K^[m[K
[7.104s] [01m[K/home/uwr/Desktop/2024_UWR/src/kalman_filter/src/kf_v3_node.cpp:[m[K In member function â€˜[01m[Kvoid kf_node::imu_callback(sensor_msgs::msg::Imu_<std::allocator<void> >::SharedPtr)[m[Kâ€™:
[7.104s] [01m[K/home/uwr/Desktop/2024_UWR/src/kalman_filter/src/kf_v3_node.cpp:158:80:[m[K [01;31m[Kerror: [m[Kâ€˜[01m[Kclass rclcpp::Duration[m[Kâ€™ has no member named â€˜[01m[KtoSec[m[Kâ€™
[7.105s]   158 |             surge_state_p = surge.prediction((predict_time_now - predict_time).[01;31m[KtoSec[m[K());
[7.105s]       |                                                                                [01;31m[K^~~~~[m[K
[7.105s] [01m[K/home/uwr/Desktop/2024_UWR/src/kalman_filter/src/kf_v3_node.cpp:159:78:[m[K [01;31m[Kerror: [m[Kâ€˜[01m[Kclass rclcpp::Duration[m[Kâ€™ has no member named â€˜[01m[KtoSec[m[Kâ€™
[7.105s]   159 |             sway_state_p = sway.prediction((predict_time_now - predict_time).[01;31m[KtoSec[m[K());
[7.105s]       |                                                                              [01;31m[K^~~~~[m[K
[7.105s] [01m[K/home/uwr/Desktop/2024_UWR/src/kalman_filter/src/kf_v3_node.cpp:160:80:[m[K [01;31m[Kerror: [m[Kâ€˜[01m[Kclass rclcpp::Duration[m[Kâ€™ has no member named â€˜[01m[KtoSec[m[Kâ€™
[7.105s]   160 |             heave_state_p = heave.prediction((predict_time_now - predict_time).[01;31m[KtoSec[m[K());
[7.105s]       |                                                                                [01;31m[K^~~~~[m[K
[7.106s] [01m[K/home/uwr/Desktop/2024_UWR/src/kalman_filter/src/kf_v3_node.cpp:163:28:[m[K [01;31m[Kerror: [m[Kâ€˜[01m[KVector3Stamped[m[Kâ€™ is not a member of â€˜[01m[Kgeometry_msgs[m[Kâ€™; did you mean â€˜[01m[Kgeometry_msgs::msg::Vector3Stamped[m[Kâ€™?
[7.106s]   163 |             geometry_msgs::[01;31m[KVector3Stamped[m[K vector3_msg, vel_msg;
[7.106s]       |                            [01;31m[K^~~~~~~~~~~~~~[m[K
[7.106s] In file included from [01m[K/opt/ros/humble/include/geometry_msgs/geometry_msgs/msg/vector3_stamped.hpp:7[m[K,
[7.106s]                  from [01m[K/opt/ros/humble/include/tf2_geometry_msgs/tf2_geometry_msgs/tf2_geometry_msgs.hpp:43[m[K,
[7.106s]                  from [01m[K/home/uwr/Desktop/2024_UWR/src/kalman_filter/src/kf_v3_node.cpp:19[m[K:
[7.106s] [01m[K/opt/ros/humble/include/geometry_msgs/geometry_msgs/msg/detail/vector3_stamped__struct.hpp:135:7:[m[K [01;36m[Knote: [m[Kâ€˜[01m[Kgeometry_msgs::msg::Vector3Stamped[m[Kâ€™ declared here
[7.106s]   135 | using [01;36m[KVector3Stamped[m[K =
[7.107s]       |       [01;36m[K^~~~~~~~~~~~~~[m[K
[7.107s] [01m[K/home/uwr/Desktop/2024_UWR/src/kalman_filter/src/kf_v3_node.cpp:164:28:[m[K [01;31m[Kerror: [m[Kâ€˜[01m[KPoseStamped[m[Kâ€™ is not a member of â€˜[01m[Kgeometry_msgs[m[Kâ€™; did you mean â€˜[01m[Kgeometry_msgs::msg::PoseStamped[m[Kâ€™?
[7.107s]   164 |             geometry_msgs::[01;31m[KPoseStamped[m[K pose_msg;
[7.108s]       |                            [01;31m[K^~~~~~~~~~~[m[K
[7.108s] In file included from [01m[K/opt/ros/humble/include/geometry_msgs/geometry_msgs/msg/pose_stamped.hpp:7[m[K,
[7.108s]                  from [01m[K/opt/ros/humble/include/tf2_geometry_msgs/tf2_geometry_msgs/tf2_geometry_msgs.hpp:47[m[K,
[7.108s]                  from [01m[K/home/uwr/Desktop/2024_UWR/src/kalman_filter/src/kf_v3_node.cpp:19[m[K:
[7.108s] [01m[K/opt/ros/humble/include/geometry_msgs/geometry_msgs/msg/detail/pose_stamped__struct.hpp:135:7:[m[K [01;36m[Knote: [m[Kâ€˜[01m[Kgeometry_msgs::msg::PoseStamped[m[Kâ€™ declared here
[7.108s]   135 | using [01;36m[KPoseStamped[m[K =
[7.108s]       |       [01;36m[K^~~~~~~~~~~[m[K
[7.114s] [01m[K/home/uwr/Desktop/2024_UWR/src/kalman_filter/src/kf_v3_node.cpp:166:13:[m[K [01;31m[Kerror: [m[Kâ€˜[01m[Kvector3_msg[m[Kâ€™ was not declared in this scope
[7.114s]   166 |             [01;31m[Kvector3_msg[m[K.header.stamp = imu_msg->header.stamp;
[7.114s]       |             [01;31m[K^~~~~~~~~~~[m[K
[7.121s] [01m[K/home/uwr/Desktop/2024_UWR/src/kalman_filter/src/kf_v3_node.cpp:171:13:[m[K [01;31m[Kerror: [m[Kâ€˜[01m[Kvel_msg[m[Kâ€™ was not declared in this scope
[7.121s]   171 |             [01;31m[Kvel_msg[m[K.header.stamp = imu_msg->header.stamp;
[7.121s]       |             [01;31m[K^~~~~~~[m[K
[7.129s] [01m[K/home/uwr/Desktop/2024_UWR/src/kalman_filter/src/kf_v3_node.cpp:176:13:[m[K [01;31m[Kerror: [m[Kâ€˜[01m[Kpose_msg[m[Kâ€™ was not declared in this scope
[7.129s]   176 |             [01;31m[Kpose_msg[m[K.header.stamp = imu_msg->header.stamp;
[7.129s]       |             [01;31m[K^~~~~~~~[m[K
[7.141s] [01m[K/home/uwr/Desktop/2024_UWR/src/kalman_filter/src/kf_v3_node.cpp:205:13:[m[K [01;31m[Kerror: [m[Kâ€˜[01m[Kpose_pub[m[Kâ€™ was not declared in this scope
[7.141s]   205 |             [01;31m[Kpose_pub[m[K.publish(pose_msg);
[7.141s]       |             [01;31m[K^~~~~~~~[m[K
[7.141s] [01m[K/home/uwr/Desktop/2024_UWR/src/kalman_filter/src/kf_v3_node.cpp:[m[K In member function â€˜[01m[Kvoid kf_node::sonar_callback(const int&)[m[Kâ€™:
[7.142s] [01m[K/home/uwr/Desktop/2024_UWR/src/kalman_filter/src/kf_v3_node.cpp:225:27:[m[K [01;31m[Kerror: [m[Kbase operand of â€˜[01m[K->[m[Kâ€™ is not a pointer
[7.142s]   225 |         surge.set_dist(msg[01;31m[K->[m[Kdistance_1 / 1000);
[7.142s]       |                           [01;31m[K^~[m[K
[7.142s] [01m[K/home/uwr/Desktop/2024_UWR/src/kalman_filter/src/kf_v3_node.cpp:226:27:[m[K [01;31m[Kerror: [m[Kbase operand of â€˜[01m[K->[m[Kâ€™ is not a pointer
[7.142s]   226 |         heave.set_dist(msg[01;31m[K->[m[Kdepth);
[7.142s]       |                           [01;31m[K^~[m[K
[7.142s] [01m[K/home/uwr/Desktop/2024_UWR/src/kalman_filter/src/kf_v3_node.cpp:227:26:[m[K [01;31m[Kerror: [m[Kbase operand of â€˜[01m[K->[m[Kâ€™ is not a pointer
[7.142s]   227 |         sway.set_dist(msg[01;31m[K->[m[Kdistance_2 / 1000);
[7.143s]       |                          [01;31m[K^~[m[K
[7.143s] [01m[K/home/uwr/Desktop/2024_UWR/src/kalman_filter/src/kf_v3_node.cpp:264:44:[m[K [01;31m[Kerror: [m[Kbase operand of â€˜[01m[K->[m[Kâ€™ is not a pointer
[7.143s]   264 |             surge_dist = surge.set_dist(msg[01;31m[K->[m[Kdistance_1 / 1000);
[7.143s]       |                                            [01;31m[K^~[m[K
[7.143s] [01m[K/home/uwr/Desktop/2024_UWR/src/kalman_filter/src/kf_v3_node.cpp:265:42:[m[K [01;31m[Kerror: [m[Kbase operand of â€˜[01m[K->[m[Kâ€™ is not a pointer
[7.143s]   265 |             sway_dist = sway.set_dist(msg[01;31m[K->[m[Kdistance_2 / 1000);
[7.143s]       |                                          [01;31m[K^~[m[K
[7.143s] [01m[K/home/uwr/Desktop/2024_UWR/src/kalman_filter/src/kf_v3_node.cpp:266:44:[m[K [01;31m[Kerror: [m[Kbase operand of â€˜[01m[K->[m[Kâ€™ is not a pointer
[7.143s]   266 |             heave_dist = heave.set_dist(msg[01;31m[K->[m[Kdepth);
[7.143s]       |                                            [01;31m[K^~[m[K
[7.153s] In file included from [01m[K/opt/ros/humble/include/rclcpp/rclcpp/logging.hpp:24[m[K,
[7.153s]                  from [01m[K/opt/ros/humble/include/rclcpp/rclcpp/client.hpp:40[m[K,
[7.154s]                  from [01m[K/opt/ros/humble/include/rclcpp/rclcpp/callback_group.hpp:24[m[K,
[7.154s]                  from [01m[K/opt/ros/humble/include/rclcpp/rclcpp/any_executable.hpp:20[m[K,
[7.154s]                  from [01m[K/opt/ros/humble/include/rclcpp/rclcpp/memory_strategy.hpp:25[m[K,
[7.154s]                  from [01m[K/opt/ros/humble/include/rclcpp/rclcpp/memory_strategies.hpp:18[m[K,
[7.154s]                  from [01m[K/opt/ros/humble/include/rclcpp/rclcpp/executor_options.hpp:20[m[K,
[7.154s]                  from [01m[K/opt/ros/humble/include/rclcpp/rclcpp/executor.hpp:37[m[K,
[7.154s]                  from [01m[K/opt/ros/humble/include/rclcpp/rclcpp/executors/multi_threaded_executor.hpp:25[m[K,
[7.154s]                  from [01m[K/opt/ros/humble/include/rclcpp/rclcpp/executors.hpp:21[m[K,
[7.155s]                  from [01m[K/opt/ros/humble/include/rclcpp/rclcpp/rclcpp.hpp:155[m[K,
[7.155s]                  from [01m[K/home/uwr/Desktop/2024_UWR/src/kalman_filter/src/kf_v3_node.cpp:1[m[K:
[7.155s] [01m[K/home/uwr/Desktop/2024_UWR/src/kalman_filter/src/kf_v3_node.cpp:271:58:[m[K [01;31m[Kerror: [m[Kâ€˜[01m[Ksbs_frame_before[m[Kâ€™ was not declared in this scope
[7.155s]   271 |             RCLCPP_INFO(this->get_logger(),"Before: %f", [01;31m[Ksbs_frame_before[m[K.transform.translation.x);
[7.155s]       |                                                          [01;31m[K^~~~~~~~~~~~~~~~[m[K
[7.155s] [01m[K/home/uwr/Desktop/2024_UWR/src/kalman_filter/src/kf_v3_node.cpp:295:65:[m[K [01;31m[Kerror: [m[Kâ€˜[01m[Kclass rclcpp::Duration[m[Kâ€™ has no member named â€˜[01m[KtoSec[m[Kâ€™
[7.155s]   295 |                 surge.set_vel((measure_time_now - measure_time).[01;31m[KtoSec[m[K());
[7.155s]       |                                                                 [01;31m[K^~~~~[m[K
[7.156s] [01m[K/home/uwr/Desktop/2024_UWR/src/kalman_filter/src/kf_v3_node.cpp:306:64:[m[K [01;31m[Kerror: [m[Kâ€˜[01m[Kclass rclcpp::Duration[m[Kâ€™ has no member named â€˜[01m[KtoSec[m[Kâ€™
[7.156s]   306 |                 sway.set_vel((measure_time_now - measure_time).[01;31m[KtoSec[m[K());
[7.156s]       |                                                                [01;31m[K^~~~~[m[K
[7.156s] [01m[K/home/uwr/Desktop/2024_UWR/src/kalman_filter/src/kf_v3_node.cpp:315:65:[m[K [01;31m[Kerror: [m[Kâ€˜[01m[Kclass rclcpp::Duration[m[Kâ€™ has no member named â€˜[01m[KtoSec[m[Kâ€™
[7.156s]   315 |                 heave.set_vel((measure_time_now - measure_time).[01;31m[KtoSec[m[K());
[7.156s]       |                                                                 [01;31m[K^~~~~[m[K
[7.161s] [01m[K/home/uwr/Desktop/2024_UWR/src/kalman_filter/src/kf_v3_node.cpp:321:13:[m[K [01;31m[Kerror: [m[Kâ€˜[01m[Kk_vals[m[Kâ€™ was not declared in this scope
[7.161s]   321 |             [01;31m[Kk_vals[m[K.header.stamp= msg->header.stamp;
[7.162s]       |             [01;31m[K^~~~~~[m[K
[7.162s] [01m[K/home/uwr/Desktop/2024_UWR/src/kalman_filter/src/kf_v3_node.cpp:321:37:[m[K [01;31m[Kerror: [m[Kbase operand of â€˜[01m[K->[m[Kâ€™ is not a pointer
[7.162s]   321 |             k_vals.header.stamp= msg[01;31m[K->[m[Kheader.stamp;
[7.162s]       |                                     [01;31m[K^~[m[K
[7.168s] [01m[K/home/uwr/Desktop/2024_UWR/src/kalman_filter/src/kf_v3_node.cpp:332:13:[m[K [01;31m[Kerror: [m[Kâ€˜[01m[Kc1[m[Kâ€™ was not declared in this scope; did you mean â€˜[01m[Ky1[m[Kâ€™?
[7.168s]   332 |             [01;31m[Kc1[m[K.header.stamp = msg->header.stamp;
[7.168s]       |             [01;31m[K^~[m[K
[7.168s]       |             [32m[Ky1[m[K
[7.168s] [01m[K/home/uwr/Desktop/2024_UWR/src/kalman_filter/src/kf_v3_node.cpp:332:34:[m[K [01;31m[Kerror: [m[Kbase operand of â€˜[01m[K->[m[Kâ€™ is not a pointer
[7.168s]   332 |             c1.header.stamp = msg[01;31m[K->[m[Kheader.stamp;
[7.168s]       |                                  [01;31m[K^~[m[K
[7.169s] In file included from [01m[K/opt/ros/humble/include/rclcpp/rclcpp/logging.hpp:24[m[K,
[7.169s]                  from [01m[K/opt/ros/humble/include/rclcpp/rclcpp/client.hpp:40[m[K,
[7.169s]                  from [01m[K/opt/ros/humble/include/rclcpp/rclcpp/callback_group.hpp:24[m[K,
[7.169s]                  from [01m[K/opt/ros/humble/include/rclcpp/rclcpp/any_executable.hpp:20[m[K,
[7.169s]                  from [01m[K/opt/ros/humble/include/rclcpp/rclcpp/memory_strategy.hpp:25[m[K,
[7.169s]                  from [01m[K/opt/ros/humble/include/rclcpp/rclcpp/memory_strategies.hpp:18[m[K,
[7.169s]                  from [01m[K/opt/ros/humble/include/rclcpp/rclcpp/executor_options.hpp:20[m[K,
[7.170s]                  from [01m[K/opt/ros/humble/include/rclcpp/rclcpp/executor.hpp:37[m[K,
[7.170s]                  from [01m[K/opt/ros/humble/include/rclcpp/rclcpp/executors/multi_threaded_executor.hpp:25[m[K,
[7.170s]                  from [01m[K/opt/ros/humble/include/rclcpp/rclcpp/executors.hpp:21[m[K,
[7.170s]                  from [01m[K/opt/ros/humble/include/rclcpp/rclcpp/rclcpp.hpp:155[m[K,
[7.170s]                  from [01m[K/home/uwr/Desktop/2024_UWR/src/kalman_filter/src/kf_v3_node.cpp:1[m[K:
[7.170s] [01m[K/home/uwr/Desktop/2024_UWR/src/kalman_filter/src/kf_v3_node.cpp:341:63:[m[K [01;31m[Kerror: [m[Kbase operand of â€˜[01m[K->[m[Kâ€™ is not a pointer
[7.170s]   341 |             RCLCPP_INFO(this->get_logger(),"Distance: %f", msg[01;31m[K->[m[Kdistance_1 / 1000);
[7.170s]       |                                                               [01;31m[K^~[m[K
[7.170s] [01m[K/home/uwr/Desktop/2024_UWR/src/kalman_filter/src/kf_v3_node.cpp:342:94:[m[K [01;31m[Kerror: [m[Kâ€˜[01m[Kclass rclcpp::Duration[m[Kâ€™ has no member named â€˜[01m[KtoSec[m[Kâ€™
[7.171s]   342 |             RCLCPP_INFO(this->get_logger(),"Timestamp: %f",(measure_time_now - measure_time).[01;31m[KtoSec[m[K());
[7.171s]       |                                                                                              [01;31m[K^~~~~[m[K
[7.171s] [01m[K/home/uwr/Desktop/2024_UWR/src/kalman_filter/src/kf_v3_node.cpp:343:28:[m[K [01;31m[Kerror: [m[Kâ€˜[01m[KPoseStamped[m[Kâ€™ is not a member of â€˜[01m[Kgeometry_msgs[m[Kâ€™; did you mean â€˜[01m[Kgeometry_msgs::msg::PoseStamped[m[Kâ€™?
[7.171s]   343 |             geometry_msgs::[01;31m[KPoseStamped[m[K pose_msg;
[7.171s]       |                            [01;31m[K^~~~~~~~~~~[m[K
[7.171s] In file included from [01m[K/opt/ros/humble/include/geometry_msgs/geometry_msgs/msg/pose_stamped.hpp:7[m[K,
[7.171s]                  from [01m[K/opt/ros/humble/include/tf2_geometry_msgs/tf2_geometry_msgs/tf2_geometry_msgs.hpp:47[m[K,
[7.171s]                  from [01m[K/home/uwr/Desktop/2024_UWR/src/kalman_filter/src/kf_v3_node.cpp:19[m[K:
[7.171s] [01m[K/opt/ros/humble/include/geometry_msgs/geometry_msgs/msg/detail/pose_stamped__struct.hpp:135:7:[m[K [01;36m[Knote: [m[Kâ€˜[01m[Kgeometry_msgs::msg::PoseStamped[m[Kâ€™ declared here
[7.171s]   135 | using [01;36m[KPoseStamped[m[K =
[7.171s]       |       [01;36m[K^~~~~~~~~~~[m[K
[7.177s] [01m[K/home/uwr/Desktop/2024_UWR/src/kalman_filter/src/kf_v3_node.cpp:344:13:[m[K [01;31m[Kerror: [m[Kâ€˜[01m[Kpose_msg[m[Kâ€™ was not declared in this scope
[7.177s]   344 |             [01;31m[Kpose_msg[m[K.header.stamp = msg->header.stamp;
[7.178s]       |             [01;31m[K^~~~~~~~[m[K
[7.178s] [01m[K/home/uwr/Desktop/2024_UWR/src/kalman_filter/src/kf_v3_node.cpp:344:40:[m[K [01;31m[Kerror: [m[Kbase operand of â€˜[01m[K->[m[Kâ€™ is not a pointer
[7.178s]   344 |             pose_msg.header.stamp = msg[01;31m[K->[m[Kheader.stamp;
[7.178s]       |                                        [01;31m[K^~[m[K
[7.179s] [01m[K/home/uwr/Desktop/2024_UWR/src/kalman_filter/src/kf_v3_node.cpp:351:28:[m[K [01;31m[Kerror: [m[Kâ€˜[01m[KVector3Stamped[m[Kâ€™ is not a member of â€˜[01m[Kgeometry_msgs[m[Kâ€™; did you mean â€˜[01m[Kgeometry_msgs::msg::Vector3Stamped[m[Kâ€™?
[7.179s]   351 |             geometry_msgs::[01;31m[KVector3Stamped[m[K vector3_msg, vel_msg;
[7.179s]       |                            [01;31m[K^~~~~~~~~~~~~~[m[K
[7.179s] In file included from [01m[K/opt/ros/humble/include/geometry_msgs/geometry_msgs/msg/vector3_stamped.hpp:7[m[K,
[7.179s]                  from [01m[K/opt/ros/humble/include/tf2_geometry_msgs/tf2_geometry_msgs/tf2_geometry_msgs.hpp:43[m[K,
[7.179s]                  from [01m[K/home/uwr/Desktop/2024_UWR/src/kalman_filter/src/kf_v3_node.cpp:19[m[K:
[7.180s] [01m[K/opt/ros/humble/include/geometry_msgs/geometry_msgs/msg/detail/vector3_stamped__struct.hpp:135:7:[m[K [01;36m[Knote: [m[Kâ€˜[01m[Kgeometry_msgs::msg::Vector3Stamped[m[Kâ€™ declared here
[7.180s]   135 | using [01;36m[KVector3Stamped[m[K =
[7.180s]       |       [01;36m[K^~~~~~~~~~~~~~[m[K
[7.186s] [01m[K/home/uwr/Desktop/2024_UWR/src/kalman_filter/src/kf_v3_node.cpp:352:13:[m[K [01;31m[Kerror: [m[Kâ€˜[01m[Kvector3_msg[m[Kâ€™ was not declared in this scope
[7.186s]   352 |             [01;31m[Kvector3_msg[m[K.header.stamp = msg->header.stamp;
[7.186s]       |             [01;31m[K^~~~~~~~~~~[m[K
[7.186s] [01m[K/home/uwr/Desktop/2024_UWR/src/kalman_filter/src/kf_v3_node.cpp:352:43:[m[K [01;31m[Kerror: [m[Kbase operand of â€˜[01m[K->[m[Kâ€™ is not a pointer
[7.186s]   352 |             vector3_msg.header.stamp = msg[01;31m[K->[m[Kheader.stamp;
[7.186s]       |                                           [01;31m[K^~[m[K
[7.191s] [01m[K/home/uwr/Desktop/2024_UWR/src/kalman_filter/src/kf_v3_node.cpp:364:13:[m[K [01;31m[Kerror: [m[Kâ€˜[01m[Kvel_msg[m[Kâ€™ was not declared in this scope
[7.191s]   364 |             [01;31m[Kvel_msg[m[K.header.stamp = msg->header.stamp;
[7.191s]       |             [01;31m[K^~~~~~~[m[K
[7.192s] [01m[K/home/uwr/Desktop/2024_UWR/src/kalman_filter/src/kf_v3_node.cpp:364:39:[m[K [01;31m[Kerror: [m[Kbase operand of â€˜[01m[K->[m[Kâ€™ is not a pointer
[7.192s]   364 |             vel_msg.header.stamp = msg[01;31m[K->[m[Kheader.stamp;
[7.192s]       |                                       [01;31m[K^~[m[K
[7.192s] [01m[K/home/uwr/Desktop/2024_UWR/src/kalman_filter/src/kf_v3_node.cpp:369:27:[m[K [01;31m[Kerror: [m[Kno matching function for call to â€˜[01m[Krosbag2_cpp::Writer::write(const char [10], rclcpp::Time&, const int&)[m[Kâ€™
[7.192s]   369 |             [01;31m[Kwriter_->write("SONAR_raw", measure_time_now, msg)[m[K;
[7.192s]       |             [01;31m[K~~~~~~~~~~~~~~^~~~~~~~~~~~~~~~~~~~~~~~~~~~~~~~~~~~[m[K
[7.193s] In file included from [01m[K/home/uwr/Desktop/2024_UWR/src/kalman_filter/src/kf_v3_node.cpp:47[m[K:
[7.193s] [01m[K/opt/ros/humble/include/rosbag2_cpp/rosbag2_cpp/writer.hpp:191:8:[m[K [01;36m[Knote: [m[Kcandidate: â€˜[01m[Ktemplate<class MessageT> void rosbag2_cpp::Writer::write(const MessageT&, const string&, const rclcpp::Time&)[m[Kâ€™
[7.193s]   191 |   void [01;36m[Kwrite[m[K(
[7.193s]       |        [01;36m[K^~~~~[m[K
[7.193s] [01m[K/opt/ros/humble/include/rosbag2_cpp/rosbag2_cpp/writer.hpp:191:8:[m[K [01;36m[Knote: [m[K  template argument deduction/substitution failed:
[7.193s] [01m[K/home/uwr/Desktop/2024_UWR/src/kalman_filter/src/kf_v3_node.cpp:369:41:[m[K [01;36m[Knote: [m[K  cannot convert â€˜[01m[K((kf_node*)this)->kf_node::measure_time_now[m[Kâ€™ (type â€˜[01m[Krclcpp::Time[m[Kâ€™) to type â€˜[01m[Kconst string&[m[Kâ€™ {aka â€˜[01m[Kconst std::__cxx11::basic_string<char>&[m[Kâ€™}
[7.193s]   369 |             writer_->write("SONAR_raw", [01;36m[Kmeasure_time_now[m[K, msg);
[7.193s]       |                                         [01;36m[K^~~~~~~~~~~~~~~~[m[K
[7.193s] In file included from [01m[K/home/uwr/Desktop/2024_UWR/src/kalman_filter/src/kf_v3_node.cpp:47[m[K:
[7.193s] [01m[K/opt/ros/humble/include/rosbag2_cpp/rosbag2_cpp/writer.hpp:122:8:[m[K [01;36m[Knote: [m[Kcandidate: â€˜[01m[Kvoid rosbag2_cpp::Writer::write(std::shared_ptr<rosbag2_storage::SerializedBagMessage>)[m[Kâ€™
[7.193s]   122 |   void [01;36m[Kwrite[m[K(std::shared_ptr<rosbag2_storage::SerializedBagMessage> message);
[7.193s]       |        [01;36m[K^~~~~[m[K
[7.194s] [01m[K/opt/ros/humble/include/rosbag2_cpp/rosbag2_cpp/writer.hpp:122:8:[m[K [01;36m[Knote: [m[K  candidate expects 1 argument, 3 provided
[7.194s] [01m[K/opt/ros/humble/include/rosbag2_cpp/rosbag2_cpp/writer.hpp:134:8:[m[K [01;36m[Knote: [m[Kcandidate: â€˜[01m[Kvoid rosbag2_cpp::Writer::write(std::shared_ptr<rosbag2_storage::SerializedBagMessage>, const string&, const string&, const string&)[m[Kâ€™
[7.194s]   134 |   void [01;36m[Kwrite[m[K(
[7.194s]       |        [01;36m[K^~~~~[m[K
[7.194s] [01m[K/opt/ros/humble/include/rosbag2_cpp/rosbag2_cpp/writer.hpp:135:60:[m[K [01;36m[Knote: [m[K  no known conversion for argument 1 from â€˜[01m[Kconst char [10][m[Kâ€™ to â€˜[01m[Kstd::shared_ptr<rosbag2_storage::SerializedBagMessage>[m[Kâ€™
[7.194s]   135 |     [01;36m[Kstd::shared_ptr<rosbag2_storage::SerializedBagMessage> message[m[K,
[7.194s]       |     [01;36m[K~~~~~~~~~~~~~~~~~~~~~~~~~~~~~~~~~~~~~~~~~~~~~~~~~~~~~~~^~~~~~~[m[K
[7.194s] [01m[K/opt/ros/humble/include/rosbag2_cpp/rosbag2_cpp/writer.hpp:156:8:[m[K [01;36m[Knote: [m[Kcandidate: â€˜[01m[Kvoid rosbag2_cpp::Writer::write(const rclcpp::SerializedMessage&, const string&, const string&, const rclcpp::Time&)[m[Kâ€™
[7.195s]   156 |   void [01;36m[Kwrite[m[K(
[7.195s]       |        [01;36m[K^~~~~[m[K
[7.195s] [01m[K/opt/ros/humble/include/rosbag2_cpp/rosbag2_cpp/writer.hpp:156:8:[m[K [01;36m[Knote: [m[K  candidate expects 4 arguments, 3 provided
[7.195s] [01m[K/opt/ros/humble/include/rosbag2_cpp/rosbag2_cpp/writer.hpp:174:8:[m[K [01;36m[Knote: [m[Kcandidate: â€˜[01m[Kvoid rosbag2_cpp::Writer::write(std::shared_ptr<rclcpp::SerializedMessage>, const string&, const string&, const rclcpp::Time&)[m[Kâ€™
[7.195s]   174 |   void [01;36m[Kwrite[m[K(
[7.195s]       |        [01;36m[K^~~~~[m[K
[7.195s] [01m[K/opt/ros/humble/include/rosbag2_cpp/rosbag2_cpp/writer.hpp:174:8:[m[K [01;36m[Knote: [m[K  candidate expects 4 arguments, 3 provided
[7.206s] [01m[K/home/uwr/Desktop/2024_UWR/src/kalman_filter/src/kf_v3_node.cpp:374:59:[m[K [01;31m[Kerror: [m[Kâ€˜[01m[KtransformStamped[m[Kâ€™ was not declared in this scope
[7.206s]   374 |             writer_->write("Transform", measure_time_now, [01;31m[KtransformStamped[m[K);
[7.206s]       |                                                           [01;31m[K^~~~~~~~~~~~~~~~[m[K
[7.212s] [01m[K/home/uwr/Desktop/2024_UWR/src/kalman_filter/src/kf_v3_node.cpp:378:13:[m[K [01;31m[Kerror: [m[Kâ€˜[01m[Kpose_pub[m[Kâ€™ was not declared in this scope
[7.212s]   378 |             [01;31m[Kpose_pub[m[K.publish(pose_msg);
[7.212s]       |             [01;31m[K^~~~~~~~[m[K
[7.220s] [01m[K/home/uwr/Desktop/2024_UWR/src/kalman_filter/src/kf_v3_node.cpp:383:13:[m[K [01;31m[Kerror: [m[Kâ€˜[01m[Kk_vals_pub[m[Kâ€™ was not declared in this scope
[7.220s]   383 |             [01;31m[Kk_vals_pub[m[K.publish(k_vals);
[7.221s]       |             [01;31m[K^~~~~~~~~~[m[K
[7.221s] In file included from [01m[K/opt/ros/humble/include/rclcpp/rclcpp/client.hpp:40[m[K,
[7.221s]                  from [01m[K/opt/ros/humble/include/rclcpp/rclcpp/callback_group.hpp:24[m[K,
[7.221s]                  from [01m[K/opt/ros/humble/include/rclcpp/rclcpp/any_executable.hpp:20[m[K,
[7.221s]                  from [01m[K/opt/ros/humble/include/rclcpp/rclcpp/memory_strategy.hpp:25[m[K,
[7.221s]                  from [01m[K/opt/ros/humble/include/rclcpp/rclcpp/memory_strategies.hpp:18[m[K,
[7.221s]                  from [01m[K/opt/ros/humble/include/rclcpp/rclcpp/executor_options.hpp:20[m[K,
[7.222s]                  from [01m[K/opt/ros/humble/include/rclcpp/rclcpp/executor.hpp:37[m[K,
[7.222s]                  from [01m[K/opt/ros/humble/include/rclcpp/rclcpp/executors/multi_threaded_executor.hpp:25[m[K,
[7.222s]                  from [01m[K/opt/ros/humble/include/rclcpp/rclcpp/executors.hpp:21[m[K,
[7.222s]                  from [01m[K/opt/ros/humble/include/rclcpp/rclcpp/rclcpp.hpp:155[m[K,
[7.222s]                  from [01m[K/home/uwr/Desktop/2024_UWR/src/kalman_filter/src/kf_v3_node.cpp:1[m[K:
[7.222s] [01m[K/home/uwr/Desktop/2024_UWR/src/kalman_filter/src/kf_v3_node.cpp:391:9:[m[K [01;31m[Kerror: [m[Kstatic assertion failed: First argument to logging macros must be an rclcpp::Logger
[7.222s]   391 |         [01;31m[KRCLCPP_ERROR[m[K("error in sonar-callback: %s", e.what());
[7.222s]       |         [01;31m[K^~~~~~~~~~~~[m[K
[7.222s] In file included from [01m[K/opt/ros/humble/include/rclcpp/rclcpp/logging.hpp:24[m[K,
[7.222s]                  from [01m[K/opt/ros/humble/include/rclcpp/rclcpp/client.hpp:40[m[K,
[7.223s]                  from [01m[K/opt/ros/humble/include/rclcpp/rclcpp/callback_group.hpp:24[m[K,
[7.223s]                  from [01m[K/opt/ros/humble/include/rclcpp/rclcpp/any_executable.hpp:20[m[K,
[7.223s]                  from [01m[K/opt/ros/humble/include/rclcpp/rclcpp/memory_strategy.hpp:25[m[K,
[7.223s]                  from [01m[K/opt/ros/humble/include/rclcpp/rclcpp/memory_strategies.hpp:18[m[K,
[7.223s]                  from [01m[K/opt/ros/humble/include/rclcpp/rclcpp/executor_options.hpp:20[m[K,
[7.223s]                  from [01m[K/opt/ros/humble/include/rclcpp/rclcpp/executor.hpp:37[m[K,
[7.223s]                  from [01m[K/opt/ros/humble/include/rclcpp/rclcpp/executors/multi_threaded_executor.hpp:25[m[K,
[7.223s]                  from [01m[K/opt/ros/humble/include/rclcpp/rclcpp/executors.hpp:21[m[K,
[7.223s]                  from [01m[K/opt/ros/humble/include/rclcpp/rclcpp/rclcpp.hpp:155[m[K,
[7.223s]                  from [01m[K/home/uwr/Desktop/2024_UWR/src/kalman_filter/src/kf_v3_node.cpp:1[m[K:
[7.223s] [01m[K/home/uwr/Desktop/2024_UWR/src/kalman_filter/src/kf_v3_node.cpp:391:9:[m[K [01;31m[Kerror: [m[Krequest for member â€˜[01m[Kget_name[m[Kâ€™ in â€˜[01m[K("error in sonar-callback: %s")[m[Kâ€™, which is of non-class type â€˜[01m[Kconst char [28][m[Kâ€™
[7.224s]   391 |         [01;31m[KRCLCPP_ERROR[m[K("error in sonar-callback: %s", e.what());
[7.224s]       |         [01;31m[K^~~~~~~~~~~~[m[K
[7.224s] [01m[K/home/uwr/Desktop/2024_UWR/src/kalman_filter/src/kf_v3_node.cpp:391:9:[m[K [01;31m[Kerror: [m[Krequest for member â€˜[01m[Kget_name[m[Kâ€™ in â€˜[01m[K("error in sonar-callback: %s")[m[Kâ€™, which is of non-class type â€˜[01m[Kconst char [28][m[Kâ€™
[7.224s]   391 |         [01;31m[KRCLCPP_ERROR[m[K("error in sonar-callback: %s", e.what());
[7.224s]       |         [01;31m[K^~~~~~~~~~~~[m[K
[8.180s] gmake[2]: *** [CMakeFiles/kf.dir/build.make:76: CMakeFiles/kf.dir/src/kf_v3_node.cpp.o] Error 1
[8.180s] gmake[1]: *** [CMakeFiles/Makefile2:137: CMakeFiles/kf.dir/all] Error 2
[8.180s] gmake: *** [Makefile:146: all] Error 2
[8.183s] Invoked command in '/home/uwr/Desktop/2024_UWR/build/kalman_filter' returned '2': AMENT_PREFIX_PATH=/home/uwr/Desktop/2024_UWR/install/sonar_msgs:${AMENT_PREFIX_PATH} CMAKE_PREFIX_PATH=/home/uwr/Desktop/2024_UWR/install/sonar_msgs:/opt/ros/humble LD_LIBRARY_PATH=/home/uwr/Desktop/2024_UWR/install/sonar_msgs/lib:${LD_LIBRARY_PATH} PYTHONPATH=/home/uwr/Desktop/2024_UWR/install/sonar_msgs/local/lib/python3.10/dist-packages:${PYTHONPATH} /usr/bin/cmake --build /home/uwr/Desktop/2024_UWR/build/kalman_filter -- -j8 -l8
