[35m[1mConsolidate compiler generated dependencies of target adnav_driver[0m
[ 16%] [32mBuilding CXX object CMakeFiles/adnav_driver.dir/src/advanced_navigation_driver.cpp.o[0m
[01m[K/home/uwr/Desktop/2024_UWR/src/ros2-driver/src/advanced_navigation_driver.cpp:40:10:[m[K [01;31m[Kfatal error: [m[Ktf2/LinearMath/Quaternion.h: No such file or directory
   40 | #include [01;31m[K<tf2/LinearMath/Quaternion.h>[m[K
      |          [01;31m[K^~~~~~~~~~~~~~~~~~~~~~~~~~~~~[m[K
compilation terminated.
gmake[2]: *** [CMakeFiles/adnav_driver.dir/build.make:76: CMakeFiles/adnav_driver.dir/src/advanced_navigation_driver.cpp.o] Error 1
gmake[1]: *** [CMakeFiles/Makefile2:137: CMakeFiles/adnav_driver.dir/all] Error 2
gmake: *** [Makefile:146: all] Error 2
