[0.007s] Invoking command in '/home/uwr/Desktop/2024_UWR/build/ros2-driver': CMAKE_PREFIX_PATH=${CMAKE_PREFIX_PATH}:/home/uwr/Desktop/2024_UWR/install/sonar_subs:/opt/ros/humble /usr/bin/cmake --build /home/uwr/Desktop/2024_UWR/build/ros2-driver -- -j8 -l8
[0.036s] [35m[1mConsolidate compiler generated dependencies of target adnav_driver[0m
[0.044s] [ 16%] [32mBuilding CXX object CMakeFiles/adnav_driver.dir/src/advanced_navigation_driver.cpp.o[0m
[0.136s] [01m[K/home/uwr/Desktop/2024_UWR/src/ros2-driver/src/advanced_navigation_driver.cpp:40:10:[m[K [01;31m[Kfatal error: [m[Ktf2/LinearMath/Quaternion.h: No such file or directory
[0.137s]    40 | #include [01;31m[K<tf2/LinearMath/Quaternion.h>[m[K
[0.137s]       |          [01;31m[K^~~~~~~~~~~~~~~~~~~~~~~~~~~~~[m[K
[0.137s] compilation terminated.
[0.144s] gmake[2]: *** [CMakeFiles/adnav_driver.dir/build.make:76: CMakeFiles/adnav_driver.dir/src/advanced_navigation_driver.cpp.o] Error 1
[0.145s] gmake[1]: *** [CMakeFiles/Makefile2:137: CMakeFiles/adnav_driver.dir/all] Error 2
[0.145s] gmake: *** [Makefile:146: all] Error 2
[0.147s] Invoked command in '/home/uwr/Desktop/2024_UWR/build/ros2-driver' returned '2': CMAKE_PREFIX_PATH=${CMAKE_PREFIX_PATH}:/home/uwr/Desktop/2024_UWR/install/sonar_subs:/opt/ros/humble /usr/bin/cmake --build /home/uwr/Desktop/2024_UWR/build/ros2-driver -- -j8 -l8
