[35m[1mConsolidate compiler generated dependencies of target kf_3dof[0m
[ 21%] Built target imu_topic
[ 21%] Built target gd_conf
[ 52%] Built target kf_v4
[ 73%] Built target kf
[ 78%] [32mBuilding CXX object CMakeFiles/kf_3dof.dir/src/kf_3dof_node.cpp.o[0m
[01m[K/home/saab/Desktop/2024_UWR/src/kalman_filter/src/kf_3dof_node.cpp:[m[K In member function â€˜[01m[Kvoid kf_node::sonar_callback2(const ThreeSonarDepth&)[m[Kâ€™:
[01m[K/home/saab/Desktop/2024_UWR/src/kalman_filter/src/kf_3dof_node.cpp:139:65:[m[K [01;35m[Kwarning: [m[Kunused parameter â€˜[01m[Kmsg[m[Kâ€™ [[01;35m[K]8;;https://gcc.gnu.org/onlinedocs/gcc/Warning-Options.html#index-Wunused-parameter-Wunused-parameter]8;;[m[K]
  139 |    void sonar_callback2([01;35m[Kconst sonar_msgs::msg::ThreeSonarDepth& msg[m[K)
      |                         [01;35m[K~~~~~~~~~~~~~~~~~~~~~~~~~~~~~~~~~~~~~~~~^~~[m[K
[01m[K/home/saab/Desktop/2024_UWR/src/kalman_filter/src/kf_3dof_node.cpp:[m[K In member function â€˜[01m[Kvoid kf_node::imu_callback(const Imu&)[m[Kâ€™:
[01m[K/home/saab/Desktop/2024_UWR/src/kalman_filter/src/kf_3dof_node.cpp:256:68:[m[K [01;31m[Kerror: [m[Kâ€˜[01m[Kconst Imu[m[Kâ€™ {aka â€˜[01m[Kconst struct sensor_msgs::msg::Imu_<std::allocator<void> >[m[Kâ€™} has no member named â€˜[01m[Kvector[m[Kâ€™
  256 |             auv.set_accel_bias(aft_rotate(0),aft_rotate(1),imu_msg.[01;31m[Kvector[m[K.z);
      |                                                                    [01;31m[K^~~~~~[m[K
gmake[2]: *** [CMakeFiles/kf_3dof.dir/build.make:76: CMakeFiles/kf_3dof.dir/src/kf_3dof_node.cpp.o] Error 1
gmake[1]: *** [CMakeFiles/Makefile2:197: CMakeFiles/kf_3dof.dir/all] Error 2
gmake: *** [Makefile:146: all] Error 2
