In file included from [01m[K/home/uwr/Desktop/2024_UWR/src/kalman_filter/src/kf_v3_bag_processing.cpp:2[m[K:
[01m[K/home/uwr/Desktop/2024_UWR/src/kalman_filter/src/../include/bag_processing.h:9:53:[m[K [01;31m[Kerror: [m[Kâ€˜[01m[Kros[m[Kâ€™ has not been declared
    9 | std::string bag_create_file(std::string path_param, [01;31m[Kros[m[K::Time current_time);
      |                                                     [01;31m[K^~~[m[K
[01m[K/home/uwr/Desktop/2024_UWR/src/kalman_filter/src/../include/bag_processing.h:9:63:[m[K [01;31m[Kerror: [m[Kexpected â€˜[01m[K,[m[Kâ€™ or â€˜[01m[K...[m[Kâ€™ before â€˜[01m[Kcurrent_time[m[Kâ€™
    9 | std::string bag_create_file(std::string path_param, ros::Time [01;31m[Kcurrent_time[m[K);
      |                                                               [01;31m[K^~~~~~~~~~~~[m[K
gmake[2]: *** [CMakeFiles/kf.dir/build.make:90: CMakeFiles/kf.dir/src/kf_v3_bag_processing.cpp.o] Error 1
gmake[1]: *** [CMakeFiles/Makefile2:137: CMakeFiles/kf.dir/all] Error 2
gmake: *** [Makefile:146: all] Error 2
