[0.019s] Invoking command in '/home/uwr/Desktop/2024_UWR/build/kalman_filter': CMAKE_PREFIX_PATH=/opt/ros/humble /usr/bin/cmake --build /home/uwr/Desktop/2024_UWR/build/kalman_filter -- -j8 -l8
[0.072s] [35m[1mConsolidate compiler generated dependencies of target kf[0m
[0.135s] [ 25%] [32mBuilding CXX object CMakeFiles/kf.dir/src/kf_v3_bag_processing.cpp.o[0m
[2.497s] In file included from [01m[K/home/uwr/Desktop/2024_UWR/src/kalman_filter/src/kf_v3_bag_processing.cpp:2[m[K:
[2.497s] [01m[K/home/uwr/Desktop/2024_UWR/src/kalman_filter/src/../include/bag_processing.h:9:53:[m[K [01;31m[Kerror: [m[Kâ€˜[01m[Kros[m[Kâ€™ has not been declared
[2.497s]     9 | std::string bag_create_file(std::string path_param, [01;31m[Kros[m[K::Time current_time);
[2.497s]       |                                                     [01;31m[K^~~[m[K
[2.497s] [01m[K/home/uwr/Desktop/2024_UWR/src/kalman_filter/src/../include/bag_processing.h:9:63:[m[K [01;31m[Kerror: [m[Kexpected â€˜[01m[K,[m[Kâ€™ or â€˜[01m[K...[m[Kâ€™ before â€˜[01m[Kcurrent_time[m[Kâ€™
[2.497s]     9 | std::string bag_create_file(std::string path_param, ros::Time [01;31m[Kcurrent_time[m[K);
[2.497s]       |                                                               [01;31m[K^~~~~~~~~~~~[m[K
[2.854s] gmake[2]: *** [CMakeFiles/kf.dir/build.make:90: CMakeFiles/kf.dir/src/kf_v3_bag_processing.cpp.o] Error 1
[2.855s] gmake[1]: *** [CMakeFiles/Makefile2:137: CMakeFiles/kf.dir/all] Error 2
[2.855s] gmake: *** [Makefile:146: all] Error 2
[2.857s] Invoked command in '/home/uwr/Desktop/2024_UWR/build/kalman_filter' returned '2': CMAKE_PREFIX_PATH=/opt/ros/humble /usr/bin/cmake --build /home/uwr/Desktop/2024_UWR/build/kalman_filter -- -j8 -l8
