[35m[1mConsolidate compiler generated dependencies of target kf[0m
[ 10%] [32mBuilding CXX object CMakeFiles/kf_v4.dir/src/kf_v4.cpp.o[0m
[ 60%] Built target kf
[01m[K/home/uwr/Desktop/2024_UWR/src/kalman_filter/src/kf_v4.cpp:[m[K In member function â€˜[01m[Kdouble kf_v4::set_accel(double)[m[Kâ€™:
[01m[K/home/uwr/Desktop/2024_UWR/src/kalman_filter/src/kf_v4.cpp:103:47:[m[K [01;31m[Kerror: [m[Kexpected â€˜[01m[K;[m[Kâ€™ before â€˜[01m[K)[m[Kâ€™ token
  103 |     accel = bw_filter.filter((val-accel_bias))[01;31m[K)[m[K;
      |                                               [01;31m[K^[m[K
      |                                               [32m[K;[m[K
[01m[K/home/uwr/Desktop/2024_UWR/src/kalman_filter/src/kf_v4.cpp:[m[K In member function â€˜[01m[Kdouble kf_v4::set_jerk(double)[m[Kâ€™:
[01m[K/home/uwr/Desktop/2024_UWR/src/kalman_filter/src/kf_v4.cpp:119:31:[m[K [01;35m[Kwarning: [m[Kunused parameter â€˜[01m[Kdt[m[Kâ€™ [[01;35m[K]8;;https://gcc.gnu.org/onlinedocs/gcc/Warning-Options.html#index-Wunused-parameter-Wunused-parameter]8;;[m[K]
  119 | double kf_v4::set_jerk([01;35m[Kdouble dt[m[K)
      |                        [01;35m[K~~~~~~~^~[m[K
gmake[2]: *** [CMakeFiles/kf_v4.dir/build.make:90: CMakeFiles/kf_v4.dir/src/kf_v4.cpp.o] Error 1
gmake[1]: *** [CMakeFiles/Makefile2:165: CMakeFiles/kf_v4.dir/all] Error 2
gmake: *** [Makefile:146: all] Error 2
