[0.018s] Invoking command in '/home/uwr/Desktop/2024_UWR/build/kalman_filter': CMAKE_PREFIX_PATH=/home/uwr/Desktop/2024_UWR/install/sonar_msgs:/home/uwr/Desktop/2024_UWR/install/xsens_mti_ros2_driver:/home/uwr/Desktop/2024_UWR/install/kalman_filter:/home/uwr/Desktop/2024_UWR/install/ntrip:/home/uwr/Desktop/2024_UWR/install/adnav-driver:/home/uwr/Desktop/2024_UWR/install/sonar_subs:/opt/ros/humble LD_LIBRARY_PATH=/home/uwr/Desktop/2024_UWR/install/sonar_msgs/lib:/home/uwr/Desktop/2024_UWR/install/xsens_mti_ros2_driver/lib:/opt/ros/humble/opt/rviz_ogre_vendor/lib:/opt/ros/humble/lib/x86_64-linux-gnu:/opt/ros/humble/lib /usr/bin/cmake --build /home/uwr/Desktop/2024_UWR/build/kalman_filter -- -j8 -l8
[0.077s] [35m[1mConsolidate compiler generated dependencies of target kf[0m
[0.113s] [ 10%] [32mBuilding CXX object CMakeFiles/kf_v4.dir/src/kf_v4.cpp.o[0m
[0.117s] [ 60%] Built target kf
[4.662s] [01m[K/home/uwr/Desktop/2024_UWR/src/kalman_filter/src/kf_v4.cpp:[m[K In member function â€˜[01m[Kdouble kf_v4::set_accel(double)[m[Kâ€™:
[4.662s] [01m[K/home/uwr/Desktop/2024_UWR/src/kalman_filter/src/kf_v4.cpp:103:47:[m[K [01;31m[Kerror: [m[Kexpected â€˜[01m[K;[m[Kâ€™ before â€˜[01m[K)[m[Kâ€™ token
[4.662s]   103 |     accel = bw_filter.filter((val-accel_bias))[01;31m[K)[m[K;
[4.662s]       |                                               [01;31m[K^[m[K
[4.662s]       |                                               [32m[K;[m[K
[4.662s] [01m[K/home/uwr/Desktop/2024_UWR/src/kalman_filter/src/kf_v4.cpp:[m[K In member function â€˜[01m[Kdouble kf_v4::set_jerk(double)[m[Kâ€™:
[4.663s] [01m[K/home/uwr/Desktop/2024_UWR/src/kalman_filter/src/kf_v4.cpp:119:31:[m[K [01;35m[Kwarning: [m[Kunused parameter â€˜[01m[Kdt[m[Kâ€™ [[01;35m[K]8;;https://gcc.gnu.org/onlinedocs/gcc/Warning-Options.html#index-Wunused-parameter-Wunused-parameter]8;;[m[K]
[4.663s]   119 | double kf_v4::set_jerk([01;35m[Kdouble dt[m[K)
[4.663s]       |                        [01;35m[K~~~~~~~^~[m[K
[5.476s] gmake[2]: *** [CMakeFiles/kf_v4.dir/build.make:90: CMakeFiles/kf_v4.dir/src/kf_v4.cpp.o] Error 1
[5.476s] gmake[1]: *** [CMakeFiles/Makefile2:165: CMakeFiles/kf_v4.dir/all] Error 2
[5.476s] gmake: *** [Makefile:146: all] Error 2
[5.479s] Invoked command in '/home/uwr/Desktop/2024_UWR/build/kalman_filter' returned '2': CMAKE_PREFIX_PATH=/home/uwr/Desktop/2024_UWR/install/sonar_msgs:/home/uwr/Desktop/2024_UWR/install/xsens_mti_ros2_driver:/home/uwr/Desktop/2024_UWR/install/kalman_filter:/home/uwr/Desktop/2024_UWR/install/ntrip:/home/uwr/Desktop/2024_UWR/install/adnav-driver:/home/uwr/Desktop/2024_UWR/install/sonar_subs:/opt/ros/humble LD_LIBRARY_PATH=/home/uwr/Desktop/2024_UWR/install/sonar_msgs/lib:/home/uwr/Desktop/2024_UWR/install/xsens_mti_ros2_driver/lib:/opt/ros/humble/opt/rviz_ogre_vendor/lib:/opt/ros/humble/lib/x86_64-linux-gnu:/opt/ros/humble/lib /usr/bin/cmake --build /home/uwr/Desktop/2024_UWR/build/kalman_filter -- -j8 -l8
