[0.014s] Invoking command in '/home/uwr/Desktop/2024_UWR/build/kalman_filter': CMAKE_PREFIX_PATH=/home/uwr/Desktop/2024_UWR/install/sonar_msgs:/home/uwr/Desktop/2024_UWR/install/xsens_mti_ros2_driver:/home/uwr/Desktop/2024_UWR/install/kalman_filter:/home/uwr/Desktop/2024_UWR/install/ntrip:/home/uwr/Desktop/2024_UWR/install/adnav-driver:/home/uwr/Desktop/2024_UWR/install/sonar_subs:/opt/ros/humble LD_LIBRARY_PATH=/home/uwr/Desktop/2024_UWR/install/sonar_msgs/lib:/home/uwr/Desktop/2024_UWR/install/xsens_mti_ros2_driver/lib:/opt/ros/humble/opt/rviz_ogre_vendor/lib:/opt/ros/humble/lib/x86_64-linux-gnu:/opt/ros/humble/lib /usr/bin/cmake --build /home/uwr/Desktop/2024_UWR/build/kalman_filter -- -j8 -l8
[0.061s] [35m[1mConsolidate compiler generated dependencies of target kf_v4[0m
[0.092s] [ 10%] [32mBuilding CXX object CMakeFiles/kf.dir/src/kf.cpp.o[0m
[0.094s] [ 20%] [32mBuilding CXX object CMakeFiles/kf.dir/src/kf_v3_node.cpp.o[0m
[0.102s] [ 30%] [32mBuilding CXX object CMakeFiles/kf_v4.dir/src/kf_v4_node.cpp.o[0m
[0.103s] [ 40%] [32mBuilding CXX object CMakeFiles/kf_v4.dir/src/kf_v4.cpp.o[0m
[4.862s] [01m[K/home/uwr/Desktop/2024_UWR/src/kalman_filter/src/kf_v4.cpp:[m[K In member function â€˜[01m[Kdouble kf_v4::set_jerk(double)[m[Kâ€™:
[4.862s] [01m[K/home/uwr/Desktop/2024_UWR/src/kalman_filter/src/kf_v4.cpp:119:31:[m[K [01;35m[Kwarning: [m[Kunused parameter â€˜[01m[Kdt[m[Kâ€™ [[01;35m[K]8;;https://gcc.gnu.org/onlinedocs/gcc/Warning-Options.html#index-Wunused-parameter-Wunused-parameter]8;;[m[K]
[4.863s]   119 | double kf_v4::set_jerk([01;35m[Kdouble dt[m[K)
[4.863s]       |                        [01;35m[K~~~~~~~^~[m[K
[7.963s] [01m[K/home/uwr/Desktop/2024_UWR/src/kalman_filter/src/kf_v3_node.cpp:[m[K In member function â€˜[01m[Kvoid kf_node::sonar_callback2(const ThreeSonarDepth&)[m[Kâ€™:
[7.964s] [01m[K/home/uwr/Desktop/2024_UWR/src/kalman_filter/src/kf_v3_node.cpp:136:65:[m[K [01;35m[Kwarning: [m[Kunused parameter â€˜[01m[Kmsg[m[Kâ€™ [[01;35m[K]8;;https://gcc.gnu.org/onlinedocs/gcc/Warning-Options.html#index-Wunused-parameter-Wunused-parameter]8;;[m[K]
[7.964s]   136 |    void sonar_callback2([01;35m[Kconst sonar_msgs::msg::ThreeSonarDepth& msg[m[K)
[7.964s]       |                         [01;35m[K~~~~~~~~~~~~~~~~~~~~~~~~~~~~~~~~~~~~~~~~^~~[m[K
[8.861s] [01m[K/home/uwr/Desktop/2024_UWR/src/kalman_filter/src/kf_v4_node.cpp:[m[K In member function â€˜[01m[Kvoid kf_node::sonar_callback2(const ThreeSonarDepth&)[m[Kâ€™:
[8.861s] [01m[K/home/uwr/Desktop/2024_UWR/src/kalman_filter/src/kf_v4_node.cpp:137:65:[m[K [01;35m[Kwarning: [m[Kunused parameter â€˜[01m[Kmsg[m[Kâ€™ [[01;35m[K]8;;https://gcc.gnu.org/onlinedocs/gcc/Warning-Options.html#index-Wunused-parameter-Wunused-parameter]8;;[m[K]
[8.861s]   137 |    void sonar_callback2([01;35m[Kconst sonar_msgs::msg::ThreeSonarDepth& msg[m[K)
[8.862s]       |                         [01;35m[K~~~~~~~~~~~~~~~~~~~~~~~~~~~~~~~~~~~~~~~~^~~[m[K
[8.885s] [01m[K/home/uwr/Desktop/2024_UWR/src/kalman_filter/src/kf_v4_node.cpp:[m[K In member function â€˜[01m[Kvoid kf_node::imu_callback(const Imu&)[m[Kâ€™:
[8.885s] [01m[K/home/uwr/Desktop/2024_UWR/src/kalman_filter/src/kf_v4_node.cpp:321:48:[m[K [01;31m[Kerror: [m[Kâ€˜[01m[Kconst Imu[m[Kâ€™ {aka â€˜[01m[Kconst struct sensor_msgs::msg::Imu_<std::allocator<void> >[m[Kâ€™} has no member named â€˜[01m[Kvector[m[Kâ€™
[8.885s]   321 |             heave.set_accel_bias(true, imu_msg.[01;31m[Kvector[m[K.z);
[8.885s]       |                                                [01;31m[K^~~~~~[m[K
[13.286s] gmake[2]: *** [CMakeFiles/kf_v4.dir/build.make:76: CMakeFiles/kf_v4.dir/src/kf_v4_node.cpp.o] Error 1
[13.287s] gmake[1]: *** [CMakeFiles/Makefile2:165: CMakeFiles/kf_v4.dir/all] Error 2
[13.287s] gmake[1]: *** Waiting for unfinished jobs....
[18.179s] [ 50%] [32m[1mLinking CXX executable kf[0m
[19.318s] [ 70%] Built target kf
[19.319s] gmake: *** [Makefile:146: all] Error 2
[19.328s] Invoked command in '/home/uwr/Desktop/2024_UWR/build/kalman_filter' returned '2': CMAKE_PREFIX_PATH=/home/uwr/Desktop/2024_UWR/install/sonar_msgs:/home/uwr/Desktop/2024_UWR/install/xsens_mti_ros2_driver:/home/uwr/Desktop/2024_UWR/install/kalman_filter:/home/uwr/Desktop/2024_UWR/install/ntrip:/home/uwr/Desktop/2024_UWR/install/adnav-driver:/home/uwr/Desktop/2024_UWR/install/sonar_subs:/opt/ros/humble LD_LIBRARY_PATH=/home/uwr/Desktop/2024_UWR/install/sonar_msgs/lib:/home/uwr/Desktop/2024_UWR/install/xsens_mti_ros2_driver/lib:/opt/ros/humble/opt/rviz_ogre_vendor/lib:/opt/ros/humble/lib/x86_64-linux-gnu:/opt/ros/humble/lib /usr/bin/cmake --build /home/uwr/Desktop/2024_UWR/build/kalman_filter -- -j8 -l8
