-- Found ament_cmake: 1.3.10 (/opt/ros/humble/share/ament_cmake/cmake)
-- Found rclcpp: 16.0.10 (/opt/ros/humble/share/rclcpp/cmake)
-- Found rosidl_generator_c: 3.1.5 (/opt/ros/humble/share/rosidl_generator_c/cmake)
-- Found rosidl_adapter: 3.1.5 (/opt/ros/humble/share/rosidl_adapter/cmake)
-- Found rosidl_generator_cpp: 3.1.5 (/opt/ros/humble/share/rosidl_generator_cpp/cmake)
-- Using all available rosidl_typesupport_c: rosidl_typesupport_fastrtps_c;rosidl_typesupport_introspection_c
-- Using all available rosidl_typesupport_cpp: rosidl_typesupport_fastrtps_cpp;rosidl_typesupport_introspection_cpp
-- Found rmw_implementation_cmake: 6.1.2 (/opt/ros/humble/share/rmw_implementation_cmake/cmake)
-- Found rmw_fastrtps_cpp: 6.2.7 (/opt/ros/humble/share/rmw_fastrtps_cpp/cmake)
-- Using RMW implementation 'rmw_fastrtps_cpp' as default
-- Found sensor_msgs: 4.2.4 (/opt/ros/humble/share/sensor_msgs/cmake)
-- Found diagnostic_msgs: 4.2.4 (/opt/ros/humble/share/diagnostic_msgs/cmake)
-- Found tf2: 0.25.7 (/opt/ros/humble/share/tf2/cmake)
-- Found tf2_geometry_msgs: 0.25.7 (/opt/ros/humble/share/tf2_geometry_msgs/cmake)
-- Found eigen3_cmake_module: 0.1.1 (/opt/ros/humble/share/eigen3_cmake_module/cmake)
-- Found Eigen3: TRUE (found version "3.4.0") 
-- Ensuring Eigen3 include directory is part of orocos-kdl CMake target
-- Found ament_lint_auto: 0.12.11 (/opt/ros/humble/share/ament_lint_auto/cmake)
-- Added test 'copyright' to check source files copyright and LICENSE
-- Added test 'cppcheck' to perform static code analysis on C / C++ code
-- Configured cppcheck include dirs: 
-- Configured cppcheck exclude dirs and/or files: 
-- Added test 'cpplint' to check C / C++ code against the Google style
-- Configured cpplint exclude dirs and/or files: 
-- Added test 'lint_cmake' to check CMake code style
-- Added test 'uncrustify' to check C / C++ code style
-- Configured uncrustify additional arguments: 
-- Added test 'xmllint' to check XML markup files
-- Configuring done
-- Generating done
-- Build files have been written to: /home/uwr/Desktop/2024_UWR/build/ros2-driver
[35m[1mConsolidate compiler generated dependencies of target adnav_driver[0m
[ 33%] [32mBuilding C object CMakeFiles/adnav_driver.dir/src/an_packet_protocol.c.o[0m
[ 33%] [32mBuilding CXX object CMakeFiles/adnav_driver.dir/src/advanced_navigation_driver.cpp.o[0m
[ 50%] [32mBuilding C object CMakeFiles/adnav_driver.dir/src/NTRIP_Client/NTRIP/ntripclient.c.o[0m
[ 66%] [32mBuilding C object CMakeFiles/adnav_driver.dir/src/rs232/rs232.c.o[0m
[ 83%] [32mBuilding C object CMakeFiles/adnav_driver.dir/src/spatial_packets.c.o[0m
[01m[K/home/uwr/Desktop/2024_UWR/src/ros2-driver/src/rs232/rs232.c:[m[K In function â€˜[01m[KPollComport[m[Kâ€™:
[01m[K/home/uwr/Desktop/2024_UWR/src/ros2-driver/src/rs232/rs232.c:143:10:[m[K [01;35m[Kwarning: [m[Kcomparison is always false due to limited range of data type [[01;35m[K]8;;https://gcc.gnu.org/onlinedocs/gcc/Warning-Options.html#index-Wtype-limits-Wtype-limits]8;;[m[K]
  143 |   if(size[01;35m[K>[m[KSSIZE_MAX)  size = (int)SSIZE_MAX;  /* SSIZE_MAX is defined in limits.h */
      |          [01;35m[K^[m[K
[01m[K/home/uwr/Desktop/2024_UWR/src/ros2-driver/src/rs232/rs232.c:[m[K In function â€˜[01m[KIsCTSEnabled[m[Kâ€™:
[01m[K/home/uwr/Desktop/2024_UWR/src/ros2-driver/src/rs232/rs232.c:192:22:[m[K [01;35m[Kwarning: [m[Kunused parameter â€˜[01m[Kcomport_number[m[Kâ€™ [[01;35m[K]8;;https://gcc.gnu.org/onlinedocs/gcc/Warning-Options.html#index-Wunused-parameter-Wunused-parameter]8;;[m[K]
  192 | int IsCTSEnabled([01;35m[Kint comport_number[m[K)
      |                  [01;35m[K~~~~^~~~~~~~~~~~~~[m[K
[01m[K/home/uwr/Desktop/2024_UWR/src/ros2-driver/src/NTRIP_Client/NTRIP/ntripclient.c:[m[K In function â€˜[01m[Kntrip[m[Kâ€™:
[01m[K/home/uwr/Desktop/2024_UWR/src/ros2-driver/src/NTRIP_Client/NTRIP/ntripclient.c:379:17:[m[K [01;35m[Kwarning: [m[Kthis statement may fall through [[01;35m[K]8;;https://gcc.gnu.org/onlinedocs/gcc/Warning-Options.html#index-Wimplicit-fallthrough=-Wimplicit-fallthrough=]8;;[m[K]
  379 |                 [01;35m[K++chunkymode[m[K; /* no break */
      |                 [01;35m[K^~~~~~~~~~~~[m[K
[01m[K/home/uwr/Desktop/2024_UWR/src/ros2-driver/src/NTRIP_Client/NTRIP/ntripclient.c:380:15:[m[K [01;36m[Knote: [m[Khere
  380 |               [01;36m[Kcase[m[K 2: /* during reading number */
      |               [01;36m[K^~~~[m[K
[01m[K/home/uwr/Desktop/2024_UWR/src/ros2-driver/src/NTRIP_Client/NTRIP/ntripclient.c:[m[K In function â€˜[01m[Kgetargs[m[Kâ€™:
[01m[K/home/uwr/Desktop/2024_UWR/src/ros2-driver/src/NTRIP_Client/NTRIP/ntripclient.c:676:7:[m[K [01;35m[Kwarning: [m[Kthis statement may fall through [[01;35m[K]8;;https://gcc.gnu.org/onlinedocs/gcc/Warning-Options.html#index-Wimplicit-fallthrough=-Wimplicit-fallthrough=]8;;[m[K]
  676 |       [01;35m[Kfprintf(stderr, "Option -d or --data is deprecated. Use -m instead.\n")[m[K;
      |       [01;35m[K^~~~~~~~~~~~~~~~~~~~~~~~~~~~~~~~~~~~~~~~~~~~~~~~~~~~~~~~~~~~~~~~~~~~~~~[m[K
[01m[K/home/uwr/Desktop/2024_UWR/src/ros2-driver/src/NTRIP_Client/NTRIP/ntripclient.c:677:5:[m[K [01;36m[Knote: [m[Khere
  677 |     [01;36m[Kcase[m[K 'm':
      |     [01;36m[K^~~~[m[K
In file included from [01m[K/home/uwr/Desktop/2024_UWR/src/ros2-driver/src/advanced_navigation_driver.cpp:41[m[K:
[01m[K/home/uwr/Desktop/2024_UWR/src/ros2-driver/src/NTRIP_Client/NTRIP/ntripclient.h:96:22:[m[K [01;35m[Kwarning: [m[Kâ€˜[01m[Kopts[m[Kâ€™ defined but not used [[01;35m[K]8;;https://gcc.gnu.org/onlinedocs/gcc/Warning-Options.html#index-Wunused-variable-Wunused-variable]8;;[m[K]
   96 | static struct option [01;35m[Kopts[m[K[] = {
      |                      [01;35m[K^~~~[m[K
[100%] [32m[1mLinking CXX executable adnav_driver[0m
/usr/bin/ld: CMakeFiles/adnav_driver.dir/src/NTRIP_Client/NTRIP/ntripclient.c.o:(.bss+0x0): multiple definition of `error'; CMakeFiles/adnav_driver.dir/src/rs232/rs232.c.o:(.bss+0x4): first defined here
collect2: error: ld returned 1 exit status
gmake[2]: *** [CMakeFiles/adnav_driver.dir/build.make:277: adnav_driver] Error 1
gmake[1]: *** [CMakeFiles/Makefile2:137: CMakeFiles/adnav_driver.dir/all] Error 2
gmake: *** [Makefile:146: all] Error 2
