[0.017s] Invoking command in '/home/saab/Desktop/2024_UWR/build/sonar_msgs': CMAKE_PREFIX_PATH=${CMAKE_PREFIX_PATH}:/home/saab/Desktop/2024_UWR/install/sonar_subs:/opt/ros/humble /usr/bin/cmake --build /home/saab/Desktop/2024_UWR/build/sonar_msgs -- -j24 -l24
[0.067s] [  2%] Built target sonar_msgs__cpp
[0.069s] [ 12%] Built target sonar_msgs__rosidl_generator_c
[0.071s] [ 12%] Built target ament_cmake_python_symlink_sonar_msgs
[0.085s] [ 23%] Built target sonar_msgs__rosidl_typesupport_fastrtps_cpp
[0.086s] [ 34%] Built target sonar_msgs__rosidl_typesupport_cpp
[0.087s] [ 55%] Built target sonar_msgs__rosidl_typesupport_introspection_c
[0.087s] [ 55%] Built target sonar_msgs__rosidl_typesupport_c
[0.087s] [ 65%] Built target sonar_msgs__rosidl_typesupport_fastrtps_c
[0.088s] [ 76%] Built target sonar_msgs__rosidl_typesupport_introspection_cpp
[0.102s] [ 76%] Built target sonar_msgs
[0.116s] [ 78%] Built target sonar_msgs__py
[0.133s] [ 87%] Built target sonar_msgs__rosidl_generator_py
[0.137s] Traceback (most recent call last):
[0.137s]   File "/home/saab/Desktop/2024_UWR/build/sonar_msgs/ament_cmake_python/sonar_msgs/setup.py", line 1, in <module>
[0.137s]     from setuptools import find_packages
[0.137s]   File "/usr/lib/python3/dist-packages/setuptools/__init__.py", line 8, in <module>
[0.138s]     import _distutils_hack.override  # noqa: F401
[0.138s] ModuleNotFoundError: No module named '_distutils_hack'
[0.146s] gmake[2]: *** [CMakeFiles/ament_cmake_python_build_sonar_msgs_egg.dir/build.make:70: CMakeFiles/ament_cmake_python_build_sonar_msgs_egg] Error 1
[0.146s] gmake[1]: *** [CMakeFiles/Makefile2:447: CMakeFiles/ament_cmake_python_build_sonar_msgs_egg.dir/all] Error 2
[0.146s] gmake[1]: *** Waiting for unfinished jobs....
[0.148s] [ 91%] Built target sonar_msgs__rosidl_typesupport_introspection_c__pyext
[0.149s] [ 97%] Built target sonar_msgs__rosidl_typesupport_fastrtps_c__pyext
[0.149s] [100%] Built target sonar_msgs__rosidl_typesupport_c__pyext
[0.150s] gmake: *** [Makefile:146: all] Error 2
[0.153s] Invoked command in '/home/saab/Desktop/2024_UWR/build/sonar_msgs' returned '2': CMAKE_PREFIX_PATH=${CMAKE_PREFIX_PATH}:/home/saab/Desktop/2024_UWR/install/sonar_subs:/opt/ros/humble /usr/bin/cmake --build /home/saab/Desktop/2024_UWR/build/sonar_msgs -- -j24 -l24
