[0.013s] Invoking command in '/home/uwr/Desktop/2024_UWR/build/kalman_filter': CMAKE_PREFIX_PATH=/home/uwr/Desktop/2024_UWR/install/sonar_msgs:/home/uwr/Desktop/2024_UWR/install/xsens_mti_ros2_driver:/home/uwr/Desktop/2024_UWR/install/kalman_filter:/home/uwr/Desktop/2024_UWR/install/ntrip:/home/uwr/Desktop/2024_UWR/install/sonar_subs:/opt/ros/humble LD_LIBRARY_PATH=/home/uwr/Desktop/2024_UWR/install/sonar_msgs/lib:/home/uwr/Desktop/2024_UWR/install/xsens_mti_ros2_driver/lib:/opt/ros/humble/opt/rviz_ogre_vendor/lib:/opt/ros/humble/lib/x86_64-linux-gnu:/opt/ros/humble/lib /usr/bin/cmake --build /home/uwr/Desktop/2024_UWR/build/kalman_filter -- -j8 -l8
[0.061s] [35m[1mConsolidate compiler generated dependencies of target kf[0m
[0.090s] [ 20%] [32mBuilding CXX object CMakeFiles/kf.dir/src/kf_v3_node.cpp.o[0m
[4.941s] [01m[K/home/uwr/Desktop/2024_UWR/src/kalman_filter/src/kf_v3_node.cpp:[m[K In member function â€˜[01m[Kvoid kf_node::sonar_callback2(sonar_msgs::msg::ThreeSonarDepth_<std::allocator<void> >::SharedPtr)[m[Kâ€™:
[4.941s] [01m[K/home/uwr/Desktop/2024_UWR/src/kalman_filter/src/kf_v3_node.cpp:127:76:[m[K [01;35m[Kwarning: [m[Kunused parameter â€˜[01m[Kmsg[m[Kâ€™ [[01;35m[K]8;;https://gcc.gnu.org/onlinedocs/gcc/Warning-Options.html#index-Wunused-parameter-Wunused-parameter]8;;[m[K]
[4.941s]   127 |     void sonar_callback2([01;35m[Kconst sonar_msgs::msg::ThreeSonarDepth::SharedPtr msg[m[K)
[4.941s]       |                          [01;35m[K~~~~~~~~~~~~~~~~~~~~~~~~~~~~~~~~~~~~~~~~~~~~~~~~~~^~~[m[K
[4.943s] [01m[K/home/uwr/Desktop/2024_UWR/src/kalman_filter/src/kf_v3_node.cpp:[m[K In member function â€˜[01m[Kvoid kf_node::imu_callback(geometry_msgs::msg::Vector3Stamped_<std::allocator<void> >::SharedPtr)[m[Kâ€™:
[4.943s] [01m[K/home/uwr/Desktop/2024_UWR/src/kalman_filter/src/kf_v3_node.cpp:138:33:[m[K [01;31m[Kerror: [m[Kâ€˜[01m[Kconst SharedPtr[m[Kâ€™ {aka â€˜[01m[Kconst class std::shared_ptr<geometry_msgs::msg::Vector3Stamped_<std::allocator<void> > >[m[Kâ€™} has no member named â€˜[01m[Klinear_acceleration[m[Kâ€™
[4.943s]   138 |         bef_rotate<<abs(imu_msg.[01;31m[Klinear_acceleration[m[K.x),abs(imu_msg.linear_acceleration.z),1;
[4.943s]       |                                 [01;31m[K^~~~~~~~~~~~~~~~~~~[m[K
[4.943s] [01m[K/home/uwr/Desktop/2024_UWR/src/kalman_filter/src/kf_v3_node.cpp:138:68:[m[K [01;31m[Kerror: [m[Kâ€˜[01m[Kconst SharedPtr[m[Kâ€™ {aka â€˜[01m[Kconst class std::shared_ptr<geometry_msgs::msg::Vector3Stamped_<std::allocator<void> > >[m[Kâ€™} has no member named â€˜[01m[Klinear_acceleration[m[Kâ€™
[4.943s]   138 |         bef_rotate<<abs(imu_msg.linear_acceleration.x),abs(imu_msg.[01;31m[Klinear_acceleration[m[K.z),1;
[4.943s]       |                                                                    [01;31m[K^~~~~~~~~~~~~~~~~~~[m[K
[4.952s] [01m[K/home/uwr/Desktop/2024_UWR/src/kalman_filter/src/kf_v3_node.cpp:143:34:[m[K [01;31m[Kerror: [m[Kâ€˜[01m[Kconst SharedPtr[m[Kâ€™ {aka â€˜[01m[Kconst class std::shared_ptr<geometry_msgs::msg::Vector3Stamped_<std::allocator<void> > >[m[Kâ€™} has no member named â€˜[01m[Korientation[m[Kâ€™
[4.952s]   143 |             tf2::convert(imu_msg.[01;31m[Korientation[m[K, q_orig);
[4.952s]       |                                  [01;31m[K^~~~~~~~~~~[m[K
[4.953s] [01m[K/home/uwr/Desktop/2024_UWR/src/kalman_filter/src/kf_v3_node.cpp:154:48:[m[K [01;31m[Kerror: [m[Kâ€˜[01m[Kconst SharedPtr[m[Kâ€™ {aka â€˜[01m[Kconst class std::shared_ptr<geometry_msgs::msg::Vector3Stamped_<std::allocator<void> > >[m[Kâ€™} has no member named â€˜[01m[Klinear_acceleration[m[Kâ€™
[4.953s]   154 |             heave.set_accel_bias(true, imu_msg.[01;31m[Klinear_acceleration[m[K.z);
[4.953s]       |                                                [01;31m[K^~~~~~~~~~~~~~~~~~~[m[K
[4.954s] [01m[K/home/uwr/Desktop/2024_UWR/src/kalman_filter/src/kf_v3_node.cpp:162:51:[m[K [01;31m[Kerror: [m[Kâ€˜[01m[Kconst SharedPtr[m[Kâ€™ {aka â€˜[01m[Kconst class std::shared_ptr<geometry_msgs::msg::Vector3Stamped_<std::allocator<void> > >[m[Kâ€™} has no member named â€˜[01m[Klinear_acceleration[m[Kâ€™
[4.954s]   162 |             heave_accel = heave.set_accel(imu_msg.[01;31m[Klinear_acceleration[m[K.z);
[4.954s]       |                                                   [01;31m[K^~~~~~~~~~~~~~~~~~~[m[K
[4.954s] [01m[K/home/uwr/Desktop/2024_UWR/src/kalman_filter/src/kf_v3_node.cpp:171:48:[m[K [01;31m[Kerror: [m[Kâ€˜[01m[Kconst SharedPtr[m[Kâ€™ {aka â€˜[01m[Kconst class std::shared_ptr<geometry_msgs::msg::Vector3Stamped_<std::allocator<void> > >[m[Kâ€™} has no member named â€˜[01m[Kheader[m[Kâ€™
[4.954s]   171 |             vector3_msg.header.stamp = imu_msg.[01;31m[Kheader[m[K.stamp;
[4.954s]       |                                                [01;31m[K^~~~~~[m[K
[4.954s] [01m[K/home/uwr/Desktop/2024_UWR/src/kalman_filter/src/kf_v3_node.cpp:176:44:[m[K [01;31m[Kerror: [m[Kâ€˜[01m[Kconst SharedPtr[m[Kâ€™ {aka â€˜[01m[Kconst class std::shared_ptr<geometry_msgs::msg::Vector3Stamped_<std::allocator<void> > >[m[Kâ€™} has no member named â€˜[01m[Kheader[m[Kâ€™
[4.954s]   176 |             vel_msg.header.stamp = imu_msg.[01;31m[Kheader[m[K.stamp;
[4.954s]       |                                            [01;31m[K^~~~~~[m[K
[4.955s] [01m[K/home/uwr/Desktop/2024_UWR/src/kalman_filter/src/kf_v3_node.cpp:181:45:[m[K [01;31m[Kerror: [m[Kâ€˜[01m[Kconst SharedPtr[m[Kâ€™ {aka â€˜[01m[Kconst class std::shared_ptr<geometry_msgs::msg::Vector3Stamped_<std::allocator<void> > >[m[Kâ€™} has no member named â€˜[01m[Kheader[m[Kâ€™
[4.955s]   181 |             pose_msg.header.stamp = imu_msg.[01;31m[Kheader[m[K.stamp;
[4.955s]       |                                             [01;31m[K^~~~~~[m[K
[8.515s] gmake[2]: *** [CMakeFiles/kf.dir/build.make:76: CMakeFiles/kf.dir/src/kf_v3_node.cpp.o] Error 1
[8.515s] gmake[1]: *** [CMakeFiles/Makefile2:137: CMakeFiles/kf.dir/all] Error 2
[8.515s] gmake: *** [Makefile:146: all] Error 2
[8.517s] Invoked command in '/home/uwr/Desktop/2024_UWR/build/kalman_filter' returned '2': CMAKE_PREFIX_PATH=/home/uwr/Desktop/2024_UWR/install/sonar_msgs:/home/uwr/Desktop/2024_UWR/install/xsens_mti_ros2_driver:/home/uwr/Desktop/2024_UWR/install/kalman_filter:/home/uwr/Desktop/2024_UWR/install/ntrip:/home/uwr/Desktop/2024_UWR/install/sonar_subs:/opt/ros/humble LD_LIBRARY_PATH=/home/uwr/Desktop/2024_UWR/install/sonar_msgs/lib:/home/uwr/Desktop/2024_UWR/install/xsens_mti_ros2_driver/lib:/opt/ros/humble/opt/rviz_ogre_vendor/lib:/opt/ros/humble/lib/x86_64-linux-gnu:/opt/ros/humble/lib /usr/bin/cmake --build /home/uwr/Desktop/2024_UWR/build/kalman_filter -- -j8 -l8
