[35m[1mConsolidate compiler generated dependencies of target kf[0m
[ 20%] [32mBuilding CXX object CMakeFiles/kf.dir/src/kf_v3_node.cpp.o[0m
[01m[K/home/uwr/Desktop/2024_UWR/src/kalman_filter/src/kf_v3_node.cpp:[m[K In member function â€˜[01m[Kvoid kf_node::sonar_callback2(const ThreeSonarDepth&)[m[Kâ€™:
[01m[K/home/uwr/Desktop/2024_UWR/src/kalman_filter/src/kf_v3_node.cpp:127:66:[m[K [01;35m[Kwarning: [m[Kunused parameter â€˜[01m[Kmsg[m[Kâ€™ [[01;35m[K]8;;https://gcc.gnu.org/onlinedocs/gcc/Warning-Options.html#index-Wunused-parameter-Wunused-parameter]8;;[m[K]
  127 |     void sonar_callback2([01;35m[Kconst sonar_msgs::msg::ThreeSonarDepth& msg[m[K)
      |                          [01;35m[K~~~~~~~~~~~~~~~~~~~~~~~~~~~~~~~~~~~~~~~~^~~[m[K
[01m[K/home/uwr/Desktop/2024_UWR/src/kalman_filter/src/kf_v3_node.cpp:[m[K In member function â€˜[01m[Kvoid kf_node::imu_callback2(const Vector3Stamped&)[m[Kâ€™:
[01m[K/home/uwr/Desktop/2024_UWR/src/kalman_filter/src/kf_v3_node.cpp:138:33:[m[K [01;31m[Kerror: [m[Kâ€˜[01m[Kconst Vector3Stamped[m[Kâ€™ {aka â€˜[01m[Kconst struct geometry_msgs::msg::Vector3Stamped_<std::allocator<void> >[m[Kâ€™} has no member named â€˜[01m[Kx[m[Kâ€™
  138 |         bef_rotate<<abs(imu_msg.[01;31m[Kx[m[K),abs(imu_msg.z),1;
      |                                 [01;31m[K^[m[K
[01m[K/home/uwr/Desktop/2024_UWR/src/kalman_filter/src/kf_v3_node.cpp:138:48:[m[K [01;31m[Kerror: [m[Kâ€˜[01m[Kconst Vector3Stamped[m[Kâ€™ {aka â€˜[01m[Kconst struct geometry_msgs::msg::Vector3Stamped_<std::allocator<void> >[m[Kâ€™} has no member named â€˜[01m[Kz[m[Kâ€™
  138 |         bef_rotate<<abs(imu_msg.x),abs(imu_msg.[01;31m[Kz[m[K),1;
      |                                                [01;31m[K^[m[K
[01m[K/home/uwr/Desktop/2024_UWR/src/kalman_filter/src/kf_v3_node.cpp:154:48:[m[K [01;31m[Kerror: [m[Kâ€˜[01m[Kconst Vector3Stamped[m[Kâ€™ {aka â€˜[01m[Kconst struct geometry_msgs::msg::Vector3Stamped_<std::allocator<void> >[m[Kâ€™} has no member named â€˜[01m[Kz[m[Kâ€™
  154 |             heave.set_accel_bias(true, imu_msg.[01;31m[Kz[m[K);
      |                                                [01;31m[K^[m[K
[01m[K/home/uwr/Desktop/2024_UWR/src/kalman_filter/src/kf_v3_node.cpp:162:51:[m[K [01;31m[Kerror: [m[Kâ€˜[01m[Kconst Vector3Stamped[m[Kâ€™ {aka â€˜[01m[Kconst struct geometry_msgs::msg::Vector3Stamped_<std::allocator<void> >[m[Kâ€™} has no member named â€˜[01m[Kz[m[Kâ€™
  162 |             heave_accel = heave.set_accel(imu_msg.[01;31m[Kz[m[K);
      |                                                   [01;31m[K^[m[K
gmake[2]: *** [CMakeFiles/kf.dir/build.make:76: CMakeFiles/kf.dir/src/kf_v3_node.cpp.o] Error 1
gmake[1]: *** [CMakeFiles/Makefile2:137: CMakeFiles/kf.dir/all] Error 2
gmake: *** [Makefile:146: all] Error 2
