[35m[1mConsolidate compiler generated dependencies of target kf_v4[0m
[ 50%] Built target kf
[ 60%] [32mBuilding CXX object CMakeFiles/kf_v4.dir/src/kf_v4_node.cpp.o[0m
[01m[K/home/uwr/Desktop/2024_UWR/src/kalman_filter/src/kf_v4_node.cpp:[m[K In constructor â€˜[01m[Kkf_node::kf_node()[m[Kâ€™:
[01m[K/home/uwr/Desktop/2024_UWR/src/kalman_filter/src/kf_v4_node.cpp:103:43:[m[K [01;31m[Kerror: [m[Kâ€˜[01m[Kimu_callback_2[m[Kâ€™ is not a member of â€˜[01m[Kkf_node[m[Kâ€™
  103 |         imu_param, 1, std::bind(&kf_node::[01;31m[Kimu_callback_2[m[K, this, std::placeholders::_1));
      |                                           [01;31m[K^~~~~~~~~~~~~~[m[K
[01m[K/home/uwr/Desktop/2024_UWR/src/kalman_filter/src/kf_v4_node.cpp:[m[K In member function â€˜[01m[Kvoid kf_node::sonar_callback2(const ThreeSonarDepth&)[m[Kâ€™:
[01m[K/home/uwr/Desktop/2024_UWR/src/kalman_filter/src/kf_v4_node.cpp:137:65:[m[K [01;35m[Kwarning: [m[Kunused parameter â€˜[01m[Kmsg[m[Kâ€™ [[01;35m[K]8;;https://gcc.gnu.org/onlinedocs/gcc/Warning-Options.html#index-Wunused-parameter-Wunused-parameter]8;;[m[K]
  137 |    void sonar_callback2([01;35m[Kconst sonar_msgs::msg::ThreeSonarDepth& msg[m[K)
      |                         [01;35m[K~~~~~~~~~~~~~~~~~~~~~~~~~~~~~~~~~~~~~~~~^~~[m[K
gmake[2]: *** [CMakeFiles/kf_v4.dir/build.make:76: CMakeFiles/kf_v4.dir/src/kf_v4_node.cpp.o] Error 1
gmake[1]: *** [CMakeFiles/Makefile2:165: CMakeFiles/kf_v4.dir/all] Error 2
gmake: *** [Makefile:146: all] Error 2
