[0.010s] Invoking command in '/home/saab/Desktop/2024_UWR/build/kalman_filter': CMAKE_PREFIX_PATH=/home/saab/Desktop/2024_UWR/install/sonar_msgs:/home/saab/Desktop/2024_UWR/install/xsens_mti_ros2_driver:/home/saab/Desktop/2024_UWR/install/kalman_filter:/home/saab/Desktop/2024_UWR/install/ntrip:/home/saab/Desktop/2024_UWR/install/adnav-driver:/home/saab/Desktop/2024_UWR/install/sonar_subs:/opt/ros/humble LD_LIBRARY_PATH=/home/saab/Desktop/2024_UWR/install/sonar_msgs/lib:/usr/lib/x86_64-linux-gnu:/home/saab/Desktop/2024_UWR/install/xsens_mti_ros2_driver/lib:/opt/ros/humble/opt/rviz_ogre_vendor/lib:/opt/ros/humble/lib/x86_64-linux-gnu:/opt/ros/humble/lib /usr/bin/cmake --build /home/saab/Desktop/2024_UWR/build/kalman_filter -- -j24 -l24
[0.048s] [35m[1mConsolidate compiler generated dependencies of target kf_3dof[0m
[0.053s] [ 15%] Built target gd_conf
[0.053s] [ 21%] Built target imu_topic
[0.057s] [ 47%] Built target kf_v4
[0.062s] [ 73%] Built target kf
[0.096s] [ 78%] [32mBuilding CXX object CMakeFiles/kf_3dof.dir/src/kf_3dof_node.cpp.o[0m
[3.545s] [01m[K/home/saab/Desktop/2024_UWR/src/kalman_filter/src/kf_3dof_node.cpp:[m[K In constructor â€˜[01m[Kkf_node::kf_node()[m[Kâ€™:
[3.545s] [01m[K/home/saab/Desktop/2024_UWR/src/kalman_filter/src/kf_3dof_node.cpp:106:43:[m[K [01;31m[Kerror: [m[Kâ€˜[01m[Kimu_callback[m[Kâ€™ is not a member of â€˜[01m[Kkf_node[m[Kâ€™
[3.545s]   106 |         imu_param, 1, std::bind(&kf_node::[01;31m[Kimu_callback[m[K, this, std::placeholders::_1));
[3.545s]       |                                           [01;31m[K^~~~~~~~~~~~[m[K
[3.550s] [01m[K/home/saab/Desktop/2024_UWR/src/kalman_filter/src/kf_3dof_node.cpp:[m[K In member function â€˜[01m[Kvoid kf_node::sonar_callback2(const ThreeSonarDepth&)[m[Kâ€™:
[3.551s] [01m[K/home/saab/Desktop/2024_UWR/src/kalman_filter/src/kf_3dof_node.cpp:139:65:[m[K [01;35m[Kwarning: [m[Kunused parameter â€˜[01m[Kmsg[m[Kâ€™ [[01;35m[K]8;;https://gcc.gnu.org/onlinedocs/gcc/Warning-Options.html#index-Wunused-parameter-Wunused-parameter]8;;[m[K]
[3.551s]   139 |    void sonar_callback2([01;35m[Kconst sonar_msgs::msg::ThreeSonarDepth& msg[m[K)
[3.551s]       |                         [01;35m[K~~~~~~~~~~~~~~~~~~~~~~~~~~~~~~~~~~~~~~~~^~~[m[K
[5.579s] gmake[2]: *** [CMakeFiles/kf_3dof.dir/build.make:76: CMakeFiles/kf_3dof.dir/src/kf_3dof_node.cpp.o] Error 1
[5.579s] gmake[1]: *** [CMakeFiles/Makefile2:197: CMakeFiles/kf_3dof.dir/all] Error 2
[5.579s] gmake: *** [Makefile:146: all] Error 2
[5.582s] Invoked command in '/home/saab/Desktop/2024_UWR/build/kalman_filter' returned '2': CMAKE_PREFIX_PATH=/home/saab/Desktop/2024_UWR/install/sonar_msgs:/home/saab/Desktop/2024_UWR/install/xsens_mti_ros2_driver:/home/saab/Desktop/2024_UWR/install/kalman_filter:/home/saab/Desktop/2024_UWR/install/ntrip:/home/saab/Desktop/2024_UWR/install/adnav-driver:/home/saab/Desktop/2024_UWR/install/sonar_subs:/opt/ros/humble LD_LIBRARY_PATH=/home/saab/Desktop/2024_UWR/install/sonar_msgs/lib:/usr/lib/x86_64-linux-gnu:/home/saab/Desktop/2024_UWR/install/xsens_mti_ros2_driver/lib:/opt/ros/humble/opt/rviz_ogre_vendor/lib:/opt/ros/humble/lib/x86_64-linux-gnu:/opt/ros/humble/lib /usr/bin/cmake --build /home/saab/Desktop/2024_UWR/build/kalman_filter -- -j24 -l24
