[35m[1mConsolidate compiler generated dependencies of target kf_v4[0m
[ 10%] [32mBuilding CXX object CMakeFiles/kf.dir/src/kf.cpp.o[0m
[ 20%] [32mBuilding CXX object CMakeFiles/kf.dir/src/kf_v3_node.cpp.o[0m
[ 30%] [32mBuilding CXX object CMakeFiles/kf_v4.dir/src/kf_v4.cpp.o[0m
[ 40%] [32mBuilding CXX object CMakeFiles/kf_v4.dir/src/kf_v4_node.cpp.o[0m
[01m[K/home/uwr/Desktop/2024_UWR/src/kalman_filter/src/kf_v4_node.cpp:[m[K In member function â€˜[01m[Kvoid kf_node::sonar_callback2(const ThreeSonarDepth&)[m[Kâ€™:
[01m[K/home/uwr/Desktop/2024_UWR/src/kalman_filter/src/kf_v4_node.cpp:136:65:[m[K [01;35m[Kwarning: [m[Kunused parameter â€˜[01m[Kmsg[m[Kâ€™ [[01;35m[K]8;;https://gcc.gnu.org/onlinedocs/gcc/Warning-Options.html#index-Wunused-parameter-Wunused-parameter]8;;[m[K]
  136 |    void sonar_callback2([01;35m[Kconst sonar_msgs::msg::ThreeSonarDepth& msg[m[K)
      |                         [01;35m[K~~~~~~~~~~~~~~~~~~~~~~~~~~~~~~~~~~~~~~~~^~~[m[K
[01m[K/home/uwr/Desktop/2024_UWR/src/kalman_filter/src/kf_v3_node.cpp:[m[K In member function â€˜[01m[Kvoid kf_node::sonar_callback2(const ThreeSonarDepth&)[m[Kâ€™:
[01m[K/home/uwr/Desktop/2024_UWR/src/kalman_filter/src/kf_v3_node.cpp:136:65:[m[K [01;35m[Kwarning: [m[Kunused parameter â€˜[01m[Kmsg[m[Kâ€™ [[01;35m[K]8;;https://gcc.gnu.org/onlinedocs/gcc/Warning-Options.html#index-Wunused-parameter-Wunused-parameter]8;;[m[K]
  136 |    void sonar_callback2([01;35m[Kconst sonar_msgs::msg::ThreeSonarDepth& msg[m[K)
      |                         [01;35m[K~~~~~~~~~~~~~~~~~~~~~~~~~~~~~~~~~~~~~~~~^~~[m[K
[ 50%] [32m[1mLinking CXX executable kf_v4[0m
/usr/bin/ld: CMakeFiles/kf_v4.dir/src/kf_v4_node.cpp.o: in function `kf_node::kf_node()':
kf_v4_node.cpp:(.text._ZN7kf_nodeC2Ev[_ZN7kf_nodeC5Ev]+0x347): undefined reference to `kf_v4::kf_v4()'
/usr/bin/ld: kf_v4_node.cpp:(.text._ZN7kf_nodeC2Ev[_ZN7kf_nodeC5Ev]+0x35c): undefined reference to `kf_v4::kf_v4()'
/usr/bin/ld: kf_v4_node.cpp:(.text._ZN7kf_nodeC2Ev[_ZN7kf_nodeC5Ev]+0x371): undefined reference to `kf_v4::kf_v4()'
/usr/bin/ld: CMakeFiles/kf_v4.dir/src/kf_v4_node.cpp.o: in function `kf_node::imu_callback2(geometry_msgs::msg::Vector3Stamped_<std::allocator<void> > const&)':
kf_v4_node.cpp:(.text._ZN7kf_node13imu_callback2ERKN13geometry_msgs3msg15Vector3Stamped_ISaIvEEE[_ZN7kf_node13imu_callback2ERKN13geometry_msgs3msg15Vector3Stamped_ISaIvEEE]+0x1d9): undefined reference to `kf_v4::set_accel(double)'
/usr/bin/ld: kf_v4_node.cpp:(.text._ZN7kf_node13imu_callback2ERKN13geometry_msgs3msg15Vector3Stamped_ISaIvEEE[_ZN7kf_node13imu_callback2ERKN13geometry_msgs3msg15Vector3Stamped_ISaIvEEE]+0x232): undefined reference to `kf_v4::set_accel(double)'
/usr/bin/ld: kf_v4_node.cpp:(.text._ZN7kf_node13imu_callback2ERKN13geometry_msgs3msg15Vector3Stamped_ISaIvEEE[_ZN7kf_node13imu_callback2ERKN13geometry_msgs3msg15Vector3Stamped_ISaIvEEE]+0x26b): undefined reference to `kf_v4::set_accel(double)'
collect2: error: ld returned 1 exit status
gmake[2]: *** [CMakeFiles/kf_v4.dir/build.make:268: kf_v4] Error 1
gmake[1]: *** [CMakeFiles/Makefile2:165: CMakeFiles/kf_v4.dir/all] Error 2
gmake[1]: *** Waiting for unfinished jobs....
[ 60%] [32m[1mLinking CXX executable kf[0m
[ 80%] Built target kf
gmake: *** [Makefile:146: all] Error 2
