[0.012s] Invoking command in '/home/uwr/Desktop/2024_UWR/build/kalman_filter': CMAKE_PREFIX_PATH=/home/uwr/Desktop/2024_UWR/install/sonar_msgs:/home/uwr/Desktop/2024_UWR/install/xsens_mti_ros2_driver:/home/uwr/Desktop/2024_UWR/install/kalman_filter:/home/uwr/Desktop/2024_UWR/install/ntrip:/home/uwr/Desktop/2024_UWR/install/sonar_subs:/opt/ros/humble LD_LIBRARY_PATH=/home/uwr/Desktop/2024_UWR/install/sonar_msgs/lib:/home/uwr/Desktop/2024_UWR/install/xsens_mti_ros2_driver/lib:/opt/ros/humble/opt/rviz_ogre_vendor/lib:/opt/ros/humble/lib/x86_64-linux-gnu:/opt/ros/humble/lib /usr/bin/cmake --build /home/uwr/Desktop/2024_UWR/build/kalman_filter -- -j8 -l8
[0.062s] [35m[1mConsolidate compiler generated dependencies of target kf_v4[0m
[0.079s] [ 10%] [32mBuilding CXX object CMakeFiles/kf.dir/src/kf.cpp.o[0m
[0.080s] [ 20%] [32mBuilding CXX object CMakeFiles/kf.dir/src/kf_v3_node.cpp.o[0m
[0.100s] [ 30%] [32mBuilding CXX object CMakeFiles/kf_v4.dir/src/kf_v4.cpp.o[0m
[0.103s] [ 40%] [32mBuilding CXX object CMakeFiles/kf_v4.dir/src/kf_v4_node.cpp.o[0m
[7.772s] [01m[K/home/uwr/Desktop/2024_UWR/src/kalman_filter/src/kf_v4_node.cpp:[m[K In member function â€˜[01m[Kvoid kf_node::sonar_callback2(const ThreeSonarDepth&)[m[Kâ€™:
[7.780s] [01m[K/home/uwr/Desktop/2024_UWR/src/kalman_filter/src/kf_v4_node.cpp:136:65:[m[K [01;35m[Kwarning: [m[Kunused parameter â€˜[01m[Kmsg[m[Kâ€™ [[01;35m[K]8;;https://gcc.gnu.org/onlinedocs/gcc/Warning-Options.html#index-Wunused-parameter-Wunused-parameter]8;;[m[K]
[7.780s]   136 |    void sonar_callback2([01;35m[Kconst sonar_msgs::msg::ThreeSonarDepth& msg[m[K)
[7.780s]       |                         [01;35m[K~~~~~~~~~~~~~~~~~~~~~~~~~~~~~~~~~~~~~~~~^~~[m[K
[8.926s] [01m[K/home/uwr/Desktop/2024_UWR/src/kalman_filter/src/kf_v3_node.cpp:[m[K In member function â€˜[01m[Kvoid kf_node::sonar_callback2(const ThreeSonarDepth&)[m[Kâ€™:
[8.927s] [01m[K/home/uwr/Desktop/2024_UWR/src/kalman_filter/src/kf_v3_node.cpp:136:65:[m[K [01;35m[Kwarning: [m[Kunused parameter â€˜[01m[Kmsg[m[Kâ€™ [[01;35m[K]8;;https://gcc.gnu.org/onlinedocs/gcc/Warning-Options.html#index-Wunused-parameter-Wunused-parameter]8;;[m[K]
[8.927s]   136 |    void sonar_callback2([01;35m[Kconst sonar_msgs::msg::ThreeSonarDepth& msg[m[K)
[8.927s]       |                         [01;35m[K~~~~~~~~~~~~~~~~~~~~~~~~~~~~~~~~~~~~~~~~^~~[m[K
[18.491s] [ 50%] [32m[1mLinking CXX executable kf_v4[0m
[19.353s] /usr/bin/ld: CMakeFiles/kf_v4.dir/src/kf_v4_node.cpp.o: in function `kf_node::kf_node()':
[19.353s] kf_v4_node.cpp:(.text._ZN7kf_nodeC2Ev[_ZN7kf_nodeC5Ev]+0x347): undefined reference to `kf_v4::kf_v4()'
[19.355s] /usr/bin/ld: kf_v4_node.cpp:(.text._ZN7kf_nodeC2Ev[_ZN7kf_nodeC5Ev]+0x35c): undefined reference to `kf_v4::kf_v4()'
[19.356s] /usr/bin/ld: kf_v4_node.cpp:(.text._ZN7kf_nodeC2Ev[_ZN7kf_nodeC5Ev]+0x371): undefined reference to `kf_v4::kf_v4()'
[19.357s] /usr/bin/ld: CMakeFiles/kf_v4.dir/src/kf_v4_node.cpp.o: in function `kf_node::imu_callback2(geometry_msgs::msg::Vector3Stamped_<std::allocator<void> > const&)':
[19.357s] kf_v4_node.cpp:(.text._ZN7kf_node13imu_callback2ERKN13geometry_msgs3msg15Vector3Stamped_ISaIvEEE[_ZN7kf_node13imu_callback2ERKN13geometry_msgs3msg15Vector3Stamped_ISaIvEEE]+0x1d9): undefined reference to `kf_v4::set_accel(double)'
[19.358s] /usr/bin/ld: kf_v4_node.cpp:(.text._ZN7kf_node13imu_callback2ERKN13geometry_msgs3msg15Vector3Stamped_ISaIvEEE[_ZN7kf_node13imu_callback2ERKN13geometry_msgs3msg15Vector3Stamped_ISaIvEEE]+0x232): undefined reference to `kf_v4::set_accel(double)'
[19.359s] /usr/bin/ld: kf_v4_node.cpp:(.text._ZN7kf_node13imu_callback2ERKN13geometry_msgs3msg15Vector3Stamped_ISaIvEEE[_ZN7kf_node13imu_callback2ERKN13geometry_msgs3msg15Vector3Stamped_ISaIvEEE]+0x26b): undefined reference to `kf_v4::set_accel(double)'
[19.426s] collect2: error: ld returned 1 exit status
[19.428s] gmake[2]: *** [CMakeFiles/kf_v4.dir/build.make:268: kf_v4] Error 1
[19.428s] gmake[1]: *** [CMakeFiles/Makefile2:165: CMakeFiles/kf_v4.dir/all] Error 2
[19.428s] gmake[1]: *** Waiting for unfinished jobs....
[19.625s] [ 60%] [32m[1mLinking CXX executable kf[0m
[20.386s] [ 80%] Built target kf
[20.387s] gmake: *** [Makefile:146: all] Error 2
[20.393s] Invoked command in '/home/uwr/Desktop/2024_UWR/build/kalman_filter' returned '2': CMAKE_PREFIX_PATH=/home/uwr/Desktop/2024_UWR/install/sonar_msgs:/home/uwr/Desktop/2024_UWR/install/xsens_mti_ros2_driver:/home/uwr/Desktop/2024_UWR/install/kalman_filter:/home/uwr/Desktop/2024_UWR/install/ntrip:/home/uwr/Desktop/2024_UWR/install/sonar_subs:/opt/ros/humble LD_LIBRARY_PATH=/home/uwr/Desktop/2024_UWR/install/sonar_msgs/lib:/home/uwr/Desktop/2024_UWR/install/xsens_mti_ros2_driver/lib:/opt/ros/humble/opt/rviz_ogre_vendor/lib:/opt/ros/humble/lib/x86_64-linux-gnu:/opt/ros/humble/lib /usr/bin/cmake --build /home/uwr/Desktop/2024_UWR/build/kalman_filter -- -j8 -l8
