In file included from [01m[K/opt/ros/humble/include/rclcpp/rclcpp/logging.hpp:24[m[K,
                 from [01m[K/opt/ros/humble/include/rclcpp/rclcpp/client.hpp:40[m[K,
                 from [01m[K/opt/ros/humble/include/rclcpp/rclcpp/callback_group.hpp:24[m[K,
                 from [01m[K/opt/ros/humble/include/rclcpp/rclcpp/any_executable.hpp:20[m[K,
                 from [01m[K/opt/ros/humble/include/rclcpp/rclcpp/memory_strategy.hpp:25[m[K,
                 from [01m[K/opt/ros/humble/include/rclcpp/rclcpp/memory_strategies.hpp:18[m[K,
                 from [01m[K/opt/ros/humble/include/rclcpp/rclcpp/executor_options.hpp:20[m[K,
                 from [01m[K/opt/ros/humble/include/rclcpp/rclcpp/executor.hpp:37[m[K,
                 from [01m[K/opt/ros/humble/include/rclcpp/rclcpp/executors/multi_threaded_executor.hpp:25[m[K,
                 from [01m[K/opt/ros/humble/include/rclcpp/rclcpp/executors.hpp:21[m[K,
                 from [01m[K/opt/ros/humble/include/rclcpp/rclcpp/rclcpp.hpp:155[m[K,
                 from [01m[K/home/uwr/Desktop/2024_UWR/src/kalman_filter/src/kf_v3_node.cpp:1[m[K:
[01m[K/home/uwr/Desktop/2024_UWR/src/kalman_filter/src/kf_v3_node.cpp:[m[K In constructor â€˜[01m[Kkf_node::kf_node()[m[Kâ€™:
[01m[K/home/uwr/Desktop/2024_UWR/src/kalman_filter/src/kf_v3_node.cpp:99:40:[m[K [01;31m[Kerror: [m[Kexpected primary-expression before â€˜[01m[Kchar[m[Kâ€™
   99 |         RCLCPP_INFO(this->get_logger(),[01;31m[Kchar[m[K*,sonar_param);
      |                                        [01;31m[K^~~~[m[K
gmake[2]: *** [CMakeFiles/kf.dir/build.make:76: CMakeFiles/kf.dir/src/kf_v3_node.cpp.o] Error 1
gmake[1]: *** [CMakeFiles/Makefile2:137: CMakeFiles/kf.dir/all] Error 2
gmake: *** [Makefile:146: all] Error 2
